2025-08-27T21:21:30.993136Z[INFO][src\python\py_mod.rs:25] bc_stark_sdk version: 0.8.6
2025-08-27T21:21:30.994133Z[INFO][src\stark\config.rs:30] Logging initialized with level: Info
2025-08-27T21:21:30.994133Z[INFO][src\stark\config.rs:36] StarkSDK initialized, protocol_type: Modbus
2025-08-27T21:21:33.725889Z[INFO][C:\Users\admin\Documents\ClionProject\TactileGlove_py\本体感知系统显示程序\main.py:68] Right: DeviceInfo { sku_type: MediumRight, serial_number: BCXER1233J2500003, firmware_version: 0.0.5 }
2025-08-27T21:21:33.916668Z[INFO][C:\Users\admin\Documents\ClionProject\TactileGlove_py\本体感知系统显示程序\main.py:122] Set positions: [0, 0, 0, 0, 0, 0]
2025-08-27T21:21:34.311438Z[INFO][C:\Users\admin\Documents\ClionProject\TactileGlove_py\本体感知系统显示程序\main.py:122] Set positions: [178, 182, 234, 158, 284, 71]
2025-08-27T21:21:34.525491Z[INFO][C:\Users\admin\Documents\ClionProject\TactileGlove_py\本体感知系统显示程序\main.py:122] Set positions: [106, 106, 148, 94, 352, 55]
2025-08-27T21:21:34.783478Z[INFO][C:\Users\admin\Documents\ClionProject\TactileGlove_py\本体感知系统显示程序\main.py:122] Set positions: [69, 72, 98, 41, 260, 34]
2025-08-27T21:21:34.870651Z[INFO][C:\Users\admin\Documents\ClionProject\TactileGlove_py\本体感知系统显示程序\main.py:122] Set positions: [61, 61, 85, 32, 227, 27]
2025-08-27T21:21:35.037261Z[INFO][C:\Users\admin\Documents\ClionProject\TactileGlove_py\本体感知系统显示程序\main.py:122] Set positions: [44, 44, 75, 26, 356, 59]
2025-08-27T21:21:35.174072Z[INFO][C:\Users\admin\Documents\ClionProject\TactileGlove_py\本体感知系统显示程序\main.py:122] Set positions: [30, 28, 67, 20, 476, 102]
2025-08-27T21:21:35.386309Z[INFO][C:\Users\admin\Documents\ClionProject\TactileGlove_py\本体感知系统显示程序\main.py:122] Set positions: [21, 13, 58, 11, 529, 132]
2025-08-27T21:21:35.600264Z[INFO][C:\Users\admin\Documents\ClionProject\TactileGlove_py\本体感知系统显示程序\main.py:122] Set positions: [14, 0, 47, 0, 533, 151]
2025-08-27T21:21:35.736982Z[INFO][C:\Users\admin\Documents\ClionProject\TactileGlove_py\本体感知系统显示程序\main.py:122] Set positions: [16, 0, 38, 0, 455, 130]
2025-08-27T21:21:35.903165Z[INFO][C:\Users\admin\Documents\ClionProject\TactileGlove_py\本体感知系统显示程序\main.py:122] Set positions: [16, 0, 29, 0, 356, 104]
2025-08-27T21:21:36.039059Z[INFO][C:\Users\admin\Documents\ClionProject\TactileGlove_py\本体感知系统显示程序\main.py:122] Set positions: [20, 0, 26, 0, 214, 34]
2025-08-27T21:21:36.268181Z[INFO][C:\Users\admin\Documents\ClionProject\TactileGlove_py\本体感知系统显示程序\main.py:122] Set positions: [22, 14, 37, 0, 140, 20]
2025-08-27T21:21:36.466646Z[INFO][C:\Users\admin\Documents\ClionProject\TactileGlove_py\本体感知系统显示程序\main.py:122] Set positions: [19, 22, 41, 2, 185, 22]
2025-08-27T21:21:36.660839Z[INFO][C:\Users\admin\Documents\ClionProject\TactileGlove_py\本体感知系统显示程序\main.py:122] Set positions: [22, 11, 38, 15, 281, 34]
2025-08-27T21:21:36.873219Z[INFO][C:\Users\admin\Documents\ClionProject\TactileGlove_py\本体感知系统显示程序\main.py:122] Set positions: [155, 146, 175, 91, 229, 26]
2025-08-27T21:21:37.024318Z[INFO][C:\Users\admin\Documents\ClionProject\TactileGlove_py\本体感知系统显示程序\main.py:122] Set positions: [193, 191, 230, 124, 209, 23]
2025-08-27T21:21:37.150312Z[INFO][C:\Users\admin\Documents\ClionProject\TactileGlove_py\本体感知系统显示程序\main.py:122] Set positions: [210, 219, 269, 153, 193, 21]
2025-08-27T21:21:37.341479Z[INFO][C:\Users\admin\Documents\ClionProject\TactileGlove_py\本体感知系统显示程序\main.py:122] Set positions: [214, 226, 281, 164, 188, 20]
2025-08-27T21:21:37.523799Z[INFO][C:\Users\admin\Documents\ClionProject\TactileGlove_py\本体感知系统显示程序\main.py:122] Set positions: [235, 251, 321, 193, 187, 18]
2025-08-27T21:21:37.749711Z[INFO][C:\Users\admin\Documents\ClionProject\TactileGlove_py\本体感知系统显示程序\main.py:122] Set positions: [260, 280, 362, 222, 186, 18]
2025-08-27T21:21:37.871816Z[INFO][C:\Users\admin\Documents\ClionProject\TactileGlove_py\本体感知系统显示程序\main.py:122] Set positions: [221, 239, 296, 178, 176, 17]
2025-08-27T21:21:38.037284Z[INFO][C:\Users\admin\Documents\ClionProject\TactileGlove_py\本体感知系统显示程序\main.py:122] Set positions: [134, 144, 188, 108, 172, 19]
2025-08-27T21:21:38.210152Z[INFO][C:\Users\admin\Documents\ClionProject\TactileGlove_py\本体感知系统显示程序\main.py:122] Set positions: [36, 17, 69, 34, 171, 24]
2025-08-27T21:21:38.414645Z[INFO][C:\Users\admin\Documents\ClionProject\TactileGlove_py\本体感知系统显示程序\main.py:122] Set positions: [34, 0, 25, 15, 165, 23]
2025-08-27T21:21:38.600808Z[INFO][C:\Users\admin\Documents\ClionProject\TactileGlove_py\本体感知系统显示程序\main.py:122] Set positions: [228, 0, 16, 12, 151, 20]
2025-08-27T21:21:38.824668Z[INFO][C:\Users\admin\Documents\ClionProject\TactileGlove_py\本体感知系统显示程序\main.py:122] Set positions: [333, 7, 39, 11, 144, 14]
2025-08-27T21:21:39.067109Z[INFO][C:\Users\admin\Documents\ClionProject\TactileGlove_py\本体感知系统显示程序\main.py:122] Set positions: [351, 16, 52, 7, 143, 12]
2025-08-27T21:21:39.294017Z[INFO][C:\Users\admin\Documents\ClionProject\TactileGlove_py\本体感知系统显示程序\main.py:122] Set positions: [337, 4, 40, 6, 144, 13]
2025-08-27T21:21:39.476157Z[INFO][C:\Users\admin\Documents\ClionProject\TactileGlove_py\本体感知系统显示程序\main.py:122] Set positions: [44, 0, 0, 0, 135, 18]
2025-08-27T21:21:39.599811Z[INFO][C:\Users\admin\Documents\ClionProject\TactileGlove_py\本体感知系统显示程序\main.py:122] Set positions: [23, 0, 0, 0, 130, 19]
2025-08-27T21:21:39.793654Z[INFO][C:\Users\admin\Documents\ClionProject\TactileGlove_py\本体感知系统显示程序\main.py:122] Set positions: [24, 0, 0, 0, 131, 19]
2025-08-27T21:21:39.945071Z[INFO][C:\Users\admin\Documents\ClionProject\TactileGlove_py\本体感知系统显示程序\main.py:122] Set positions: [26, 0, 0, 0, 138, 17]
2025-08-27T21:21:40.156770Z[INFO][C:\Users\admin\Documents\ClionProject\TactileGlove_py\本体感知系统显示程序\main.py:122] Set positions: [230, 0, 0, 0, 128, 15]
2025-08-27T21:21:40.414984Z[INFO][C:\Users\admin\Documents\ClionProject\TactileGlove_py\本体感知系统显示程序\main.py:122] Set positions: [368, 11, 37, 0, 116, 11]
2025-08-27T21:21:40.610686Z[INFO][C:\Users\admin\Documents\ClionProject\TactileGlove_py\本体感知系统显示程序\main.py:122] Set positions: [378, 41, 72, 0, 118, 11]
2025-08-27T21:21:40.760926Z[INFO][C:\Users\admin\Documents\ClionProject\TactileGlove_py\本体感知系统显示程序\main.py:122] Set positions: [379, 47, 78, 0, 122, 10]
2025-08-27T21:21:40.973228Z[INFO][C:\Users\admin\Documents\ClionProject\TactileGlove_py\本体感知系统显示程序\main.py:122] Set positions: [138, 0, 16, 0, 125, 12]
2025-08-27T21:21:41.233099Z[INFO][C:\Users\admin\Documents\ClionProject\TactileGlove_py\本体感知系统显示程序\main.py:122] Set positions: [0, 0, 0, 0, 129, 14]
2025-08-27T21:21:41.417251Z[INFO][C:\Users\admin\Documents\ClionProject\TactileGlove_py\本体感知系统显示程序\main.py:122] Set positions: [0, 0, 0, 0, 128, 14]
2025-08-27T21:21:41.583862Z[INFO][C:\Users\admin\Documents\ClionProject\TactileGlove_py\本体感知系统显示程序\main.py:122] Set positions: [44, 0, 0, 0, 121, 12]
2025-08-27T21:21:41.841309Z[INFO][C:\Users\admin\Documents\ClionProject\TactileGlove_py\本体感知系统显示程序\main.py:122] Set positions: [302, 0, 0, 0, 112, 8]
2025-08-27T21:21:41.976631Z[INFO][C:\Users\admin\Documents\ClionProject\TactileGlove_py\本体感知系统显示程序\main.py:122] Set positions: [353, 12, 33, 0, 109, 6]
2025-08-27T21:21:42.205994Z[INFO][C:\Users\admin\Documents\ClionProject\TactileGlove_py\本体感知系统显示程序\main.py:122] Set positions: [367, 30, 53, 0, 111, 5]
2025-08-27T21:21:42.311038Z[INFO][C:\Users\admin\Documents\ClionProject\TactileGlove_py\本体感知系统显示程序\main.py:122] Set positions: [368, 30, 53, 0, 112, 5]
2025-08-27T21:21:42.466849Z[INFO][C:\Users\admin\Documents\ClionProject\TactileGlove_py\本体感知系统显示程序\main.py:122] Set positions: [311, 3, 23, 0, 113, 5]
2025-08-27T21:21:42.554013Z[INFO][C:\Users\admin\Documents\ClionProject\TactileGlove_py\本体感知系统显示程序\main.py:122] Set positions: [57, 0, 0, 0, 115, 9]
2025-08-27T21:21:42.768379Z[INFO][C:\Users\admin\Documents\ClionProject\TactileGlove_py\本体感知系统显示程序\main.py:122] Set positions: [0, 0, 0, 0, 117, 10]
2025-08-27T21:21:42.873941Z[INFO][C:\Users\admin\Documents\ClionProject\TactileGlove_py\本体感知系统显示程序\main.py:122] Set positions: [0, 0, 0, 0, 122, 11]
2025-08-27T21:21:43.070378Z[INFO][C:\Users\admin\Documents\ClionProject\TactileGlove_py\本体感知系统显示程序\main.py:122] Set positions: [247, 0, 0, 0, 111, 7]
2025-08-27T21:21:43.209214Z[INFO][C:\Users\admin\Documents\ClionProject\TactileGlove_py\本体感知系统显示程序\main.py:122] Set positions: [321, 6, 27, 0, 105, 4]
2025-08-27T21:21:43.466786Z[INFO][C:\Users\admin\Documents\ClionProject\TactileGlove_py\本体感知系统显示程序\main.py:122] Set positions: [334, 8, 39, 0, 106, 2]
2025-08-27T21:21:43.683388Z[INFO][C:\Users\admin\Documents\ClionProject\TactileGlove_py\本体感知系统显示程序\main.py:122] Set positions: [308, 0, 25, 0, 108, 3]
2025-08-27T21:21:43.884674Z[INFO][C:\Users\admin\Documents\ClionProject\TactileGlove_py\本体感知系统显示程序\main.py:122] Set positions: [8, 0, 0, 0, 101, 10]
2025-08-27T21:21:44.090905Z[INFO][C:\Users\admin\Documents\ClionProject\TactileGlove_py\本体感知系统显示程序\main.py:122] Set positions: [0, 0, 0, 0, 102, 10]
2025-08-27T21:21:44.302236Z[INFO][C:\Users\admin\Documents\ClionProject\TactileGlove_py\本体感知系统显示程序\main.py:122] Set positions: [168, 0, 0, 0, 106, 6]
2025-08-27T21:21:44.500470Z[INFO][C:\Users\admin\Documents\ClionProject\TactileGlove_py\本体感知系统显示程序\main.py:122] Set positions: [314, 0, 20, 0, 99, 3]
2025-08-27T21:21:44.700691Z[INFO][C:\Users\admin\Documents\ClionProject\TactileGlove_py\本体感知系统显示程序\main.py:122] Set positions: [337, 1, 44, 0, 101, 1]
2025-08-27T21:21:44.907371Z[INFO][C:\Users\admin\Documents\ClionProject\TactileGlove_py\本体感知系统显示程序\main.py:122] Set positions: [264, 0, 19, 0, 103, 1]
2025-08-27T21:21:45.134582Z[INFO][C:\Users\admin\Documents\ClionProject\TactileGlove_py\本体感知系统显示程序\main.py:122] Set positions: [0, 0, 0, 0, 123, 5]
2025-08-27T21:21:45.274371Z[INFO][C:\Users\admin\Documents\ClionProject\TactileGlove_py\本体感知系统显示程序\main.py:122] Set positions: [0, 0, 0, 0, 117, 4]
2025-08-27T21:21:45.470669Z[INFO][C:\Users\admin\Documents\ClionProject\TactileGlove_py\本体感知系统显示程序\main.py:122] Set positions: [3, 0, 0, 0, 121, 5]
2025-08-27T21:21:45.734257Z[INFO][C:\Users\admin\Documents\ClionProject\TactileGlove_py\本体感知系统显示程序\main.py:122] Set positions: [4, 0, 0, 0, 119, 5]
2025-08-27T21:21:45.926793Z[INFO][C:\Users\admin\Documents\ClionProject\TactileGlove_py\本体感知系统显示程序\main.py:122] Set positions: [0, 0, 0, 16, 83, 0]
2025-08-27T21:21:46.139601Z[INFO][C:\Users\admin\Documents\ClionProject\TactileGlove_py\本体感知系统显示程序\main.py:122] Set positions: [15, 0, 0, 148, 44, 0]
2025-08-27T21:21:46.368349Z[INFO][C:\Users\admin\Documents\ClionProject\TactileGlove_py\本体感知系统显示程序\main.py:122] Set positions: [35, 0, 0, 197, 47, 0]
2025-08-27T21:21:46.487057Z[INFO][C:\Users\admin\Documents\ClionProject\TactileGlove_py\本体感知系统显示程序\main.py:122] Set positions: [64, 0, 0, 191, 88, 0]
2025-08-27T21:21:46.744051Z[INFO][C:\Users\admin\Documents\ClionProject\TactileGlove_py\本体感知系统显示程序\main.py:122] Set positions: [59, 0, 0, 200, 100, 0]
2025-08-27T21:21:46.851304Z[INFO][C:\Users\admin\Documents\ClionProject\TactileGlove_py\本体感知系统显示程序\main.py:122] Set positions: [68, 0, 0, 180, 63, 0]
2025-08-27T21:21:47.004002Z[INFO][C:\Users\admin\Documents\ClionProject\TactileGlove_py\本体感知系统显示程序\main.py:122] Set positions: [49, 0, 0, 101, 61, 0]
2025-08-27T21:21:47.169013Z[INFO][C:\Users\admin\Documents\ClionProject\TactileGlove_py\本体感知系统显示程序\main.py:122] Set positions: [42, 0, 0, 82, 69, 0]
2025-08-27T21:21:47.367736Z[INFO][C:\Users\admin\Documents\ClionProject\TactileGlove_py\本体感知系统显示程序\main.py:122] Set positions: [40, 0, 0, 0, 71, 0]
2025-08-27T21:21:47.593775Z[INFO][C:\Users\admin\Documents\ClionProject\TactileGlove_py\本体感知系统显示程序\main.py:122] Set positions: [40, 0, 0, 0, 86, 0]
2025-08-27T21:21:47.717191Z[INFO][C:\Users\admin\Documents\ClionProject\TactileGlove_py\本体感知系统显示程序\main.py:122] Set positions: [82, 0, 0, 0, 86, 0]
2025-08-27T21:21:48.036039Z[INFO][C:\Users\admin\Documents\ClionProject\TactileGlove_py\本体感知系统显示程序\main.py:122] Set positions: [52, 0, 0, 0, 82, 0]
2025-08-27T21:21:48.279968Z[INFO][C:\Users\admin\Documents\ClionProject\TactileGlove_py\本体感知系统显示程序\main.py:122] Set positions: [27, 112, 0, 0, 75, 0]
2025-08-27T21:21:48.506739Z[INFO][C:\Users\admin\Documents\ClionProject\TactileGlove_py\本体感知系统显示程序\main.py:122] Set positions: [17, 216, 0, 0, 72, 0]
2025-08-27T21:21:48.923351Z[INFO][C:\Users\admin\Documents\ClionProject\TactileGlove_py\本体感知系统显示程序\main.py:122] Set positions: [15, 211, 0, 0, 71, 0]
2025-08-27T21:21:49.116080Z[INFO][C:\Users\admin\Documents\ClionProject\TactileGlove_py\本体感知系统显示程序\main.py:122] Set positions: [20, 49, 0, 0, 81, 0]
2025-08-27T21:21:49.323138Z[INFO][C:\Users\admin\Documents\ClionProject\TactileGlove_py\本体感知系统显示程序\main.py:122] Set positions: [26, 0, 0, 11, 181, 0]
2025-08-27T21:21:49.460634Z[INFO][C:\Users\admin\Documents\ClionProject\TactileGlove_py\本体感知系统显示程序\main.py:122] Set positions: [3, 0, 0, 0, 137, 0]
2025-08-27T21:21:49.716603Z[INFO][C:\Users\admin\Documents\ClionProject\TactileGlove_py\本体感知系统显示程序\main.py:122] Set positions: [0, 0, 0, 0, 104, 0]
2025-08-27T21:21:49.933408Z[INFO][C:\Users\admin\Documents\ClionProject\TactileGlove_py\本体感知系统显示程序\main.py:122] Set positions: [0, 0, 0, 0, 104, 0]
2025-08-27T21:21:50.143924Z[INFO][C:\Users\admin\Documents\ClionProject\TactileGlove_py\本体感知系统显示程序\main.py:122] Set positions: [7, 65, 0, 0, 108, 0]
2025-08-27T21:21:50.326442Z[INFO][C:\Users\admin\Documents\ClionProject\TactileGlove_py\本体感知系统显示程序\main.py:122] Set positions: [10, 100, 0, 0, 110, 0]
2025-08-27T21:21:50.493546Z[INFO][C:\Users\admin\Documents\ClionProject\TactileGlove_py\本体感知系统显示程序\main.py:122] Set positions: [13, 173, 51, 0, 110, 0]
2025-08-27T21:21:50.704694Z[INFO][C:\Users\admin\Documents\ClionProject\TactileGlove_py\本体感知系统显示程序\main.py:122] Set positions: [12, 198, 80, 0, 110, 0]
2025-08-27T21:21:50.890161Z[INFO][C:\Users\admin\Documents\ClionProject\TactileGlove_py\本体感知系统显示程序\main.py:122] Set positions: [12, 201, 78, 0, 108, 0]
2025-08-27T21:21:51.055405Z[INFO][C:\Users\admin\Documents\ClionProject\TactileGlove_py\本体感知系统显示程序\main.py:122] Set positions: [9, 172, 36, 0, 108, 0]
2025-08-27T21:21:51.209886Z[INFO][C:\Users\admin\Documents\ClionProject\TactileGlove_py\本体感知系统显示程序\main.py:122] Set positions: [0, 34, 0, 0, 108, 0]
2025-08-27T21:21:51.420018Z[INFO][C:\Users\admin\Documents\ClionProject\TactileGlove_py\本体感知系统显示程序\main.py:122] Set positions: [0, 0, 0, 0, 108, 0]
2025-08-27T21:21:51.676289Z[INFO][C:\Users\admin\Documents\ClionProject\TactileGlove_py\本体感知系统显示程序\main.py:122] Set positions: [1, 0, 0, 0, 110, 0]
2025-08-27T21:21:51.827699Z[INFO][C:\Users\admin\Documents\ClionProject\TactileGlove_py\本体感知系统显示程序\main.py:122] Set positions: [4, 0, 6, 25, 114, 0]
2025-08-27T21:21:52.072986Z[INFO][C:\Users\admin\Documents\ClionProject\TactileGlove_py\本体感知系统显示程序\main.py:122] Set positions: [13, 0, 115, 105, 115, 0]
2025-08-27T21:21:52.285532Z[INFO][C:\Users\admin\Documents\ClionProject\TactileGlove_py\本体感知系统显示程序\main.py:122] Set positions: [12, 0, 141, 119, 115, 0]
2025-08-27T21:21:52.436380Z[INFO][C:\Users\admin\Documents\ClionProject\TactileGlove_py\本体感知系统显示程序\main.py:122] Set positions: [9, 20, 180, 137, 113, 0]
2025-08-27T21:21:52.650482Z[INFO][C:\Users\admin\Documents\ClionProject\TactileGlove_py\本体感知系统显示程序\main.py:122] Set positions: [9, 0, 136, 102, 111, 0]
2025-08-27T21:21:52.889690Z[INFO][C:\Users\admin\Documents\ClionProject\TactileGlove_py\本体感知系统显示程序\main.py:122] Set positions: [12, 0, 0, 0, 113, 0]
2025-08-27T21:21:53.103583Z[INFO][C:\Users\admin\Documents\ClionProject\TactileGlove_py\本体感知系统显示程序\main.py:122] Set positions: [15, 0, 0, 0, 116, 0]
2025-08-27T21:21:53.238075Z[INFO][C:\Users\admin\Documents\ClionProject\TactileGlove_py\本体感知系统显示程序\main.py:122] Set positions: [24, 0, 12, 135, 125, 0]
2025-08-27T21:21:53.467671Z[INFO][C:\Users\admin\Documents\ClionProject\TactileGlove_py\本体感知系统显示程序\main.py:122] Set positions: [25, 0, 51, 190, 123, 0]
2025-08-27T21:21:53.724254Z[INFO][C:\Users\admin\Documents\ClionProject\TactileGlove_py\本体感知系统显示程序\main.py:122] Set positions: [25, 0, 60, 203, 120, 0]
2025-08-27T21:21:53.922731Z[INFO][C:\Users\admin\Documents\ClionProject\TactileGlove_py\本体感知系统显示程序\main.py:122] Set positions: [25, 0, 28, 170, 119, 0]
2025-08-27T21:21:54.118769Z[INFO][C:\Users\admin\Documents\ClionProject\TactileGlove_py\本体感知系统显示程序\main.py:122] Set positions: [25, 0, 0, 0, 121, 0]
2025-08-27T21:21:54.284209Z[INFO][C:\Users\admin\Documents\ClionProject\TactileGlove_py\本体感知系统显示程序\main.py:122] Set positions: [31, 0, 15, 119, 124, 0]
2025-08-27T21:21:54.494540Z[INFO][C:\Users\admin\Documents\ClionProject\TactileGlove_py\本体感知系统显示程序\main.py:122] Set positions: [32, 0, 63, 193, 122, 0]
2025-08-27T21:21:54.683854Z[INFO][C:\Users\admin\Documents\ClionProject\TactileGlove_py\本体感知系统显示程序\main.py:122] Set positions: [32, 0, 0, 31, 117, 0]
2025-08-27T21:21:54.937463Z[INFO][C:\Users\admin\Documents\ClionProject\TactileGlove_py\本体感知系统显示程序\main.py:122] Set positions: [29, 0, 0, 13, 115, 0]
2025-08-27T21:21:55.153588Z[INFO][C:\Users\admin\Documents\ClionProject\TactileGlove_py\本体感知系统显示程序\main.py:122] Set positions: [25, 0, 0, 13, 141, 4]
2025-08-27T21:21:55.351156Z[INFO][C:\Users\admin\Documents\ClionProject\TactileGlove_py\本体感知系统显示程序\main.py:122] Set positions: [24, 0, 0, 8, 338, 35]
2025-08-27T21:21:55.512777Z[INFO][C:\Users\admin\Documents\ClionProject\TactileGlove_py\本体感知系统显示程序\main.py:122] Set positions: [33, 0, 0, 11, 514, 40]
2025-08-27T21:21:55.753756Z[INFO][C:\Users\admin\Documents\ClionProject\TactileGlove_py\本体感知系统显示程序\main.py:122] Set positions: [36, 0, 0, 12, 563, 43]
2025-08-27T21:21:55.967721Z[INFO][C:\Users\admin\Documents\ClionProject\TactileGlove_py\本体感知系统显示程序\main.py:122] Set positions: [32, 0, 0, 11, 401, 21]
2025-08-27T21:21:56.188545Z[INFO][C:\Users\admin\Documents\ClionProject\TactileGlove_py\本体感知系统显示程序\main.py:122] Set positions: [19, 0, 0, 6, 0, 11]
2025-08-27T21:21:56.417412Z[INFO][C:\Users\admin\Documents\ClionProject\TactileGlove_py\本体感知系统显示程序\main.py:122] Set positions: [17, 0, 0, 4, 0, 5]
2025-08-27T21:21:56.538042Z[INFO][C:\Users\admin\Documents\ClionProject\TactileGlove_py\本体感知系统显示程序\main.py:122] Set positions: [12, 0, 0, 4, 0, 0]
2025-08-27T21:21:56.796759Z[INFO][C:\Users\admin\Documents\ClionProject\TactileGlove_py\本体感知系统显示程序\main.py:122] Set positions: [12, 0, 0, 5, 152, 0]
2025-08-27T21:21:56.994514Z[INFO][C:\Users\admin\Documents\ClionProject\TactileGlove_py\本体感知系统显示程序\main.py:122] Set positions: [24, 0, 0, 12, 455, 11]
2025-08-27T21:21:57.190589Z[INFO][C:\Users\admin\Documents\ClionProject\TactileGlove_py\本体感知系统显示程序\main.py:122] Set positions: [25, 0, 0, 12, 478, 12]
2025-08-27T21:21:57.356492Z[INFO][C:\Users\admin\Documents\ClionProject\TactileGlove_py\本体感知系统显示程序\main.py:122] Set positions: [26, 0, 0, 11, 470, 11]
2025-08-27T21:21:57.584645Z[INFO][C:\Users\admin\Documents\ClionProject\TactileGlove_py\本体感知系统显示程序\main.py:122] Set positions: [25, 0, 0, 6, 107, 0]
2025-08-27T21:21:57.751249Z[INFO][C:\Users\admin\Documents\ClionProject\TactileGlove_py\本体感知系统显示程序\main.py:122] Set positions: [27, 0, 0, 4, 0, 3]
2025-08-27T21:21:57.919664Z[INFO][C:\Users\admin\Documents\ClionProject\TactileGlove_py\本体感知系统显示程序\main.py:122] Set positions: [27, 0, 0, 3, 0, 2]
2025-08-27T21:21:58.070013Z[INFO][C:\Users\admin\Documents\ClionProject\TactileGlove_py\本体感知系统显示程序\main.py:122] Set positions: [20, 0, 0, 3, 0, 0]
2025-08-27T21:21:58.220545Z[INFO][C:\Users\admin\Documents\ClionProject\TactileGlove_py\本体感知系统显示程序\main.py:122] Set positions: [16, 0, 0, 8, 279, 0]
2025-08-27T21:21:58.433958Z[INFO][C:\Users\admin\Documents\ClionProject\TactileGlove_py\本体感知系统显示程序\main.py:122] Set positions: [23, 0, 0, 11, 459, 8]
2025-08-27T21:21:58.566917Z[INFO][C:\Users\admin\Documents\ClionProject\TactileGlove_py\本体感知系统显示程序\main.py:122] Set positions: [28, 0, 0, 11, 517, 15]
2025-08-27T21:21:58.795742Z[INFO][C:\Users\admin\Documents\ClionProject\TactileGlove_py\本体感知系统显示程序\main.py:122] Set positions: [28, 0, 0, 11, 515, 15]
2025-08-27T21:21:58.992871Z[INFO][C:\Users\admin\Documents\ClionProject\TactileGlove_py\本体感知系统显示程序\main.py:122] Set positions: [28, 0, 0, 10, 513, 14]
2025-08-27T21:21:59.190657Z[INFO][C:\Users\admin\Documents\ClionProject\TactileGlove_py\本体感知系统显示程序\main.py:122] Set positions: [17, 0, 0, 8, 81, 0]
2025-08-27T21:21:59.405284Z[INFO][C:\Users\admin\Documents\ClionProject\TactileGlove_py\本体感知系统显示程序\main.py:122] Set positions: [19, 0, 0, 7, 0, 0]
2025-08-27T21:21:59.543331Z[INFO][C:\Users\admin\Documents\ClionProject\TactileGlove_py\本体感知系统显示程序\main.py:122] Set positions: [20, 0, 0, 6, 0, 0]
2025-08-27T21:21:59.708233Z[INFO][C:\Users\admin\Documents\ClionProject\TactileGlove_py\本体感知系统显示程序\main.py:122] Set positions: [19, 0, 0, 6, 0, 0]
2025-08-27T21:22:00.025850Z[INFO][C:\Users\admin\Documents\ClionProject\TactileGlove_py\本体感知系统显示程序\main.py:122] Set positions: [14, 0, 0, 12, 391, 0]
2025-08-27T21:22:00.167940Z[INFO][C:\Users\admin\Documents\ClionProject\TactileGlove_py\本体感知系统显示程序\main.py:122] Set positions: [23, 0, 0, 13, 547, 16]
2025-08-27T21:22:00.377548Z[INFO][C:\Users\admin\Documents\ClionProject\TactileGlove_py\本体感知系统显示程序\main.py:122] Set positions: [24, 0, 0, 13, 556, 17]
2025-08-27T21:22:00.528143Z[INFO][C:\Users\admin\Documents\ClionProject\TactileGlove_py\本体感知系统显示程序\main.py:122] Set positions: [25, 0, 0, 12, 558, 16]
2025-08-27T21:22:00.678744Z[INFO][C:\Users\admin\Documents\ClionProject\TactileGlove_py\本体感知系统显示程序\main.py:122] Set positions: [25, 0, 0, 12, 550, 15]
2025-08-27T21:22:00.891296Z[INFO][C:\Users\admin\Documents\ClionProject\TactileGlove_py\本体感知系统显示程序\main.py:122] Set positions: [16, 0, 0, 8, 0, 0]
2025-08-27T21:22:01.087652Z[INFO][C:\Users\admin\Documents\ClionProject\TactileGlove_py\本体感知系统显示程序\main.py:122] Set positions: [18, 0, 0, 7, 0, 0]
2025-08-27T21:22:01.284503Z[INFO][C:\Users\admin\Documents\ClionProject\TactileGlove_py\本体感知系统显示程序\main.py:122] Set positions: [19, 0, 0, 6, 0, 1]
2025-08-27T21:22:01.450985Z[INFO][C:\Users\admin\Documents\ClionProject\TactileGlove_py\本体感知系统显示程序\main.py:122] Set positions: [13, 0, 0, 9, 221, 0]
2025-08-27T21:22:01.667344Z[INFO][C:\Users\admin\Documents\ClionProject\TactileGlove_py\本体感知系统显示程序\main.py:122] Set positions: [22, 0, 0, 10, 436, 9]
2025-08-27T21:22:01.904341Z[INFO][C:\Users\admin\Documents\ClionProject\TactileGlove_py\本体感知系统显示程序\main.py:122] Set positions: [24, 0, 0, 10, 442, 9]
2025-08-27T21:22:02.103326Z[INFO][C:\Users\admin\Documents\ClionProject\TactileGlove_py\本体感知系统显示程序\main.py:122] Set positions: [24, 0, 0, 9, 432, 7]
2025-08-27T21:22:02.318145Z[INFO][C:\Users\admin\Documents\ClionProject\TactileGlove_py\本体感知系统显示程序\main.py:122] Set positions: [24, 0, 0, 9, 419, 4]
2025-08-27T21:22:02.404788Z[INFO][C:\Users\admin\Documents\ClionProject\TactileGlove_py\本体感知系统显示程序\main.py:122] Set positions: [24, 0, 0, 9, 413, 3]
2025-08-27T21:22:02.617720Z[INFO][C:\Users\admin\Documents\ClionProject\TactileGlove_py\本体感知系统显示程序\main.py:122] Set positions: [24, 0, 0, 9, 409, 2]
2025-08-27T21:22:02.842378Z[INFO][C:\Users\admin\Documents\ClionProject\TactileGlove_py\本体感知系统显示程序\main.py:122] Set positions: [23, 0, 0, 9, 405, 1]
2025-08-27T21:22:03.040298Z[INFO][C:\Users\admin\Documents\ClionProject\TactileGlove_py\本体感知系统显示程序\main.py:122] Set positions: [24, 0, 0, 9, 398, 0]
2025-08-27T21:22:03.236670Z[INFO][C:\Users\admin\Documents\ClionProject\TactileGlove_py\本体感知系统显示程序\main.py:122] Set positions: [23, 0, 0, 9, 397, 0]
2025-08-27T21:22:03.457956Z[INFO][C:\Users\admin\Documents\ClionProject\TactileGlove_py\本体感知系统显示程序\main.py:122] Set positions: [23, 0, 0, 9, 399, 0]
2025-08-27T21:22:03.767586Z[INFO][C:\Users\admin\Documents\ClionProject\TactileGlove_py\本体感知系统显示程序\main.py:122] Set positions: [23, 0, 0, 8, 403, 0]
2025-08-27T21:22:04.056940Z[INFO][C:\Users\admin\Documents\ClionProject\TactileGlove_py\本体感知系统显示程序\main.py:122] Set positions: [23, 0, 0, 8, 388, 0]
2025-08-27T21:22:04.220490Z[INFO][C:\Users\admin\Documents\ClionProject\TactileGlove_py\本体感知系统显示程序\main.py:122] Set positions: [23, 0, 0, 6, 241, 0]
2025-08-27T21:22:04.404307Z[INFO][C:\Users\admin\Documents\ClionProject\TactileGlove_py\本体感知系统显示程序\main.py:122] Set positions: [30, 0, 0, 6, 0, 0]
2025-08-27T21:22:04.628681Z[INFO][C:\Users\admin\Documents\ClionProject\TactileGlove_py\本体感知系统显示程序\main.py:122] Set positions: [29, 0, 0, 4, 0, 0]
2025-08-27T21:22:04.843071Z[INFO][C:\Users\admin\Documents\ClionProject\TactileGlove_py\本体感知系统显示程序\main.py:122] Set positions: [25, 0, 0, 2, 0, 0]
2025-08-27T21:22:05.038959Z[INFO][C:\Users\admin\Documents\ClionProject\TactileGlove_py\本体感知系统显示程序\main.py:122] Set positions: [14, 0, 0, 3, 0, 0]
2025-08-27T21:22:05.234902Z[INFO][C:\Users\admin\Documents\ClionProject\TactileGlove_py\本体感知系统显示程序\main.py:122] Set positions: [14, 0, 0, 7, 264, 0]
2025-08-27T21:22:05.434505Z[INFO][C:\Users\admin\Documents\ClionProject\TactileGlove_py\本体感知系统显示程序\main.py:122] Set positions: [20, 0, 0, 8, 403, 8]
2025-08-27T21:22:05.568447Z[INFO][C:\Users\admin\Documents\ClionProject\TactileGlove_py\本体感知系统显示程序\main.py:122] Set positions: [22, 0, 0, 9, 423, 10]
2025-08-27T21:22:05.673866Z[INFO][C:\Users\admin\Documents\ClionProject\TactileGlove_py\本体感知系统显示程序\main.py:122] Set positions: [22, 0, 0, 9, 418, 9]
2025-08-27T21:22:05.854613Z[INFO][C:\Users\admin\Documents\ClionProject\TactileGlove_py\本体感知系统显示程序\main.py:122] Set positions: [21, 0, 0, 8, 395, 6]
2025-08-27T21:22:06.109893Z[INFO][C:\Users\admin\Documents\ClionProject\TactileGlove_py\本体感知系统显示程序\main.py:122] Set positions: [21, 0, 0, 8, 385, 5]
2025-08-27T21:22:06.260954Z[INFO][C:\Users\admin\Documents\ClionProject\TactileGlove_py\本体感知系统显示程序\main.py:122] Set positions: [21, 0, 0, 8, 369, 3]
2025-08-27T21:22:06.412754Z[INFO][C:\Users\admin\Documents\ClionProject\TactileGlove_py\本体感知系统显示程序\main.py:122] Set positions: [21, 0, 0, 7, 366, 2]
2025-08-27T21:22:06.625690Z[INFO][C:\Users\admin\Documents\ClionProject\TactileGlove_py\本体感知系统显示程序\main.py:122] Set positions: [20, 0, 0, 7, 362, 2]
2025-08-27T21:22:06.820418Z[INFO][C:\Users\admin\Documents\ClionProject\TactileGlove_py\本体感知系统显示程序\main.py:122] Set positions: [21, 0, 0, 7, 363, 2]
2025-08-27T21:22:07.034670Z[INFO][C:\Users\admin\Documents\ClionProject\TactileGlove_py\本体感知系统显示程序\main.py:122] Set positions: [21, 0, 0, 7, 362, 2]
2025-08-27T21:22:07.170438Z[INFO][C:\Users\admin\Documents\ClionProject\TactileGlove_py\本体感知系统显示程序\main.py:122] Set positions: [20, 0, 0, 7, 361, 1]
2025-08-27T21:22:07.441432Z[INFO][C:\Users\admin\Documents\ClionProject\TactileGlove_py\本体感知系统显示程序\main.py:122] Set positions: [20, 0, 0, 7, 356, 1]
2025-08-27T21:22:07.642216Z[INFO][C:\Users\admin\Documents\ClionProject\TactileGlove_py\本体感知系统显示程序\main.py:122] Set positions: [18, 0, 0, 5, 237, 0]
2025-08-27T21:22:07.855546Z[INFO][C:\Users\admin\Documents\ClionProject\TactileGlove_py\本体感知系统显示程序\main.py:122] Set positions: [20, 0, 0, 5, 6, 0]
2025-08-27T21:22:08.051671Z[INFO][C:\Users\admin\Documents\ClionProject\TactileGlove_py\本体感知系统显示程序\main.py:122] Set positions: [26, 0, 0, 0, 0, 0]
2025-08-27T21:22:08.248458Z[INFO][C:\Users\admin\Documents\ClionProject\TactileGlove_py\本体感知系统显示程序\main.py:122] Set positions: [29, 0, 0, 0, 0, 0]
2025-08-27T21:22:08.412498Z[INFO][C:\Users\admin\Documents\ClionProject\TactileGlove_py\本体感知系统显示程序\main.py:122] Set positions: [38, 0, 0, 0, 38, 0]
2025-08-27T21:22:08.610397Z[INFO][C:\Users\admin\Documents\ClionProject\TactileGlove_py\本体感知系统显示程序\main.py:122] Set positions: [34, 0, 0, 0, 61, 0]
2025-08-27T21:22:08.805662Z[INFO][C:\Users\admin\Documents\ClionProject\TactileGlove_py\本体感知系统显示程序\main.py:122] Set positions: [36, 0, 0, 0, 73, 0]
2025-08-27T21:22:09.138982Z[INFO][C:\Users\admin\Documents\ClionProject\TactileGlove_py\本体感知系统显示程序\main.py:122] Set positions: [90, 0, 0, 21, 56, 0]
2025-08-27T21:22:09.247519Z[INFO][C:\Users\admin\Documents\ClionProject\TactileGlove_py\本体感知系统显示程序\main.py:122] Set positions: [112, 0, 0, 99, 46, 0]
2025-08-27T21:22:09.488301Z[INFO][C:\Users\admin\Documents\ClionProject\TactileGlove_py\本体感知系统显示程序\main.py:122] Set positions: [115, 0, 0, 126, 67, 0]
2025-08-27T21:22:09.686484Z[INFO][C:\Users\admin\Documents\ClionProject\TactileGlove_py\本体感知系统显示程序\main.py:122] Set positions: [171, 0, 98, 151, 48, 0]
2025-08-27T21:22:09.806177Z[INFO][C:\Users\admin\Documents\ClionProject\TactileGlove_py\本体感知系统显示程序\main.py:122] Set positions: [189, 3, 127, 161, 31, 0]
2025-08-27T21:22:09.911901Z[INFO][C:\Users\admin\Documents\ClionProject\TactileGlove_py\本体感知系统显示程序\main.py:122] Set positions: [209, 16, 144, 160, 6, 0]
2025-08-27T21:22:10.108752Z[INFO][C:\Users\admin\Documents\ClionProject\TactileGlove_py\本体感知系统显示程序\main.py:122] Set positions: [210, 0, 110, 124, 0, 0]
2025-08-27T21:22:10.304283Z[INFO][C:\Users\admin\Documents\ClionProject\TactileGlove_py\本体感知系统显示程序\main.py:122] Set positions: [177, 0, 69, 107, 0, 0]
2025-08-27T21:22:10.501937Z[INFO][C:\Users\admin\Documents\ClionProject\TactileGlove_py\本体感知系统显示程序\main.py:122] Set positions: [0, 0, 0, 0, 0, 0]
2025-08-27T21:22:10.718474Z[INFO][C:\Users\admin\Documents\ClionProject\TactileGlove_py\本体感知系统显示程序\main.py:122] Set positions: [0, 0, 0, 0, 0, 0]
2025-08-27T21:22:10.927195Z[INFO][C:\Users\admin\Documents\ClionProject\TactileGlove_py\本体感知系统显示程序\main.py:122] Set positions: [0, 0, 0, 0, 0, 0]
2025-08-27T21:22:11.123885Z[INFO][C:\Users\admin\Documents\ClionProject\TactileGlove_py\本体感知系统显示程序\main.py:122] Set positions: [0, 0, 0, 0, 0, 0]
2025-08-27T21:22:11.336738Z[INFO][C:\Users\admin\Documents\ClionProject\TactileGlove_py\本体感知系统显示程序\main.py:122] Set positions: [0, 0, 0, 0, 0, 0]
2025-08-27T21:22:11.535584Z[INFO][C:\Users\admin\Documents\ClionProject\TactileGlove_py\本体感知系统显示程序\main.py:122] Set positions: [0, 0, 0, 0, 0, 0]
2025-08-27T21:22:11.730027Z[INFO][C:\Users\admin\Documents\ClionProject\TactileGlove_py\本体感知系统显示程序\main.py:122] Set positions: [0, 0, 0, 0, 0, 0]
2025-08-27T21:22:11.901186Z[INFO][C:\Users\admin\Documents\ClionProject\TactileGlove_py\本体感知系统显示程序\main.py:122] Set positions: [0, 0, 0, 0, 0, 0]
2025-08-27T21:22:11.988936Z[INFO][C:\Users\admin\Documents\ClionProject\TactileGlove_py\本体感知系统显示程序\main.py:122] Set positions: [0, 0, 0, 0, 0, 0]
2025-08-27T21:22:12.200180Z[INFO][C:\Users\admin\Documents\ClionProject\TactileGlove_py\本体感知系统显示程序\main.py:122] Set positions: [0, 0, 0, 0, 0, 0]
2025-08-27T21:22:12.412348Z[INFO][C:\Users\admin\Documents\ClionProject\TactileGlove_py\本体感知系统显示程序\main.py:122] Set positions: [0, 0, 0, 0, 0, 0]
2025-08-27T21:22:12.670051Z[INFO][C:\Users\admin\Documents\ClionProject\TactileGlove_py\本体感知系统显示程序\main.py:122] Set positions: [0, 0, 0, 0, 0, 0]
2025-08-27T21:22:12.851089Z[INFO][C:\Users\admin\Documents\ClionProject\TactileGlove_py\本体感知系统显示程序\main.py:122] Set positions: [0, 0, 0, 0, 0, 0]
2025-08-27T21:22:13.019960Z[INFO][C:\Users\admin\Documents\ClionProject\TactileGlove_py\本体感知系统显示程序\main.py:122] Set positions: [0, 0, 0, 0, 0, 0]
2025-08-27T21:22:13.229468Z[INFO][C:\Users\admin\Documents\ClionProject\TactileGlove_py\本体感知系统显示程序\main.py:122] Set positions: [0, 0, 0, 0, 0, 0]
2025-08-27T21:22:13.368843Z[INFO][C:\Users\admin\Documents\ClionProject\TactileGlove_py\本体感知系统显示程序\main.py:122] Set positions: [0, 0, 0, 0, 0, 0]
2025-08-27T21:22:13.534871Z[INFO][C:\Users\admin\Documents\ClionProject\TactileGlove_py\本体感知系统显示程序\main.py:122] Set positions: [0, 0, 0, 0, 0, 0]
2025-08-27T21:22:13.856041Z[INFO][C:\Users\admin\Documents\ClionProject\TactileGlove_py\本体感知系统显示程序\main.py:122] Set positions: [0, 0, 0, 0, 0, 0]
2025-08-27T21:22:13.989019Z[INFO][C:\Users\admin\Documents\ClionProject\TactileGlove_py\本体感知系统显示程序\main.py:122] Set positions: [0, 0, 0, 0, 0, 0]
2025-08-27T21:22:14.094999Z[INFO][C:\Users\admin\Documents\ClionProject\TactileGlove_py\本体感知系统显示程序\main.py:122] Set positions: [0, 0, 0, 0, 0, 0]
2025-08-27T21:22:14.291915Z[INFO][C:\Users\admin\Documents\ClionProject\TactileGlove_py\本体感知系统显示程序\main.py:122] Set positions: [0, 0, 0, 0, 0, 0]
2025-08-27T21:22:14.458043Z[INFO][C:\Users\admin\Documents\ClionProject\TactileGlove_py\本体感知系统显示程序\main.py:122] Set positions: [0, 0, 0, 0, 0, 0]
2025-08-27T21:22:14.684769Z[INFO][C:\Users\admin\Documents\ClionProject\TactileGlove_py\本体感知系统显示程序\main.py:122] Set positions: [0, 0, 0, 0, 0, 0]
2025-08-27T21:22:14.868713Z[INFO][C:\Users\admin\Documents\ClionProject\TactileGlove_py\本体感知系统显示程序\main.py:122] Set positions: [0, 0, 0, 0, 0, 0]
2025-08-27T21:22:15.121444Z[INFO][C:\Users\admin\Documents\ClionProject\TactileGlove_py\本体感知系统显示程序\main.py:122] Set positions: [0, 0, 0, 0, 0, 0]
2025-08-27T21:22:15.318896Z[INFO][C:\Users\admin\Documents\ClionProject\TactileGlove_py\本体感知系统显示程序\main.py:122] Set positions: [0, 0, 0, 0, 0, 0]
2025-08-27T21:22:15.437978Z[INFO][C:\Users\admin\Documents\ClionProject\TactileGlove_py\本体感知系统显示程序\main.py:122] Set positions: [0, 0, 0, 0, 0, 0]
2025-08-27T21:22:15.620327Z[INFO][C:\Users\admin\Documents\ClionProject\TactileGlove_py\本体感知系统显示程序\main.py:122] Set positions: [0, 0, 0, 0, 0, 0]
2025-08-27T21:22:15.835071Z[INFO][C:\Users\admin\Documents\ClionProject\TactileGlove_py\本体感知系统显示程序\main.py:122] Set positions: [0, 0, 0, 0, 0, 0]
2025-08-27T21:22:15.939065Z[INFO][C:\Users\admin\Documents\ClionProject\TactileGlove_py\本体感知系统显示程序\main.py:122] Set positions: [0, 0, 0, 0, 0, 0]
2025-08-27T21:22:16.136132Z[INFO][C:\Users\admin\Documents\ClionProject\TactileGlove_py\本体感知系统显示程序\main.py:122] Set positions: [0, 0, 0, 0, 0, 0]
2025-08-27T21:22:16.347514Z[INFO][C:\Users\admin\Documents\ClionProject\TactileGlove_py\本体感知系统显示程序\main.py:122] Set positions: [0, 0, 0, 0, 0, 0]
2025-08-27T21:22:16.560115Z[INFO][C:\Users\admin\Documents\ClionProject\TactileGlove_py\本体感知系统显示程序\main.py:122] Set positions: [0, 0, 0, 0, 0, 0]
2025-08-27T21:22:16.755416Z[INFO][C:\Users\admin\Documents\ClionProject\TactileGlove_py\本体感知系统显示程序\main.py:122] Set positions: [0, 0, 0, 0, 0, 0]
2025-08-27T21:22:16.875043Z[INFO][C:\Users\admin\Documents\ClionProject\TactileGlove_py\本体感知系统显示程序\main.py:122] Set positions: [0, 0, 0, 0, 0, 0]
2025-08-27T21:22:16.995333Z[INFO][C:\Users\admin\Documents\ClionProject\TactileGlove_py\本体感知系统显示程序\main.py:122] Set positions: [0, 0, 0, 0, 0, 0]
2025-08-27T21:22:17.161906Z[INFO][C:\Users\admin\Documents\ClionProject\TactileGlove_py\本体感知系统显示程序\main.py:122] Set positions: [0, 0, 0, 0, 0, 0]
2025-08-27T21:22:17.375580Z[INFO][C:\Users\admin\Documents\ClionProject\TactileGlove_py\本体感知系统显示程序\main.py:122] Set positions: [0, 0, 0, 0, 0, 0]
2025-08-27T21:22:17.527154Z[INFO][C:\Users\admin\Documents\ClionProject\TactileGlove_py\本体感知系统显示程序\main.py:122] Set positions: [0, 0, 0, 0, 0, 0]
2025-08-27T21:22:17.785937Z[INFO][C:\Users\admin\Documents\ClionProject\TactileGlove_py\本体感知系统显示程序\main.py:122] Set positions: [0, 0, 0, 0, 0, 0]
2025-08-27T21:22:17.922326Z[INFO][C:\Users\admin\Documents\ClionProject\TactileGlove_py\本体感知系统显示程序\main.py:122] Set positions: [0, 0, 0, 0, 0, 0]
2025-08-27T21:22:18.088784Z[INFO][C:\Users\admin\Documents\ClionProject\TactileGlove_py\本体感知系统显示程序\main.py:122] Set positions: [0, 0, 0, 0, 0, 0]
2025-08-27T21:22:18.302139Z[INFO][C:\Users\admin\Documents\ClionProject\TactileGlove_py\本体感知系统显示程序\main.py:122] Set positions: [0, 0, 0, 0, 0, 0]
2025-08-27T21:22:18.438609Z[INFO][C:\Users\admin\Documents\ClionProject\TactileGlove_py\本体感知系统显示程序\main.py:122] Set positions: [0, 0, 0, 0, 0, 0]
2025-08-27T21:22:18.554965Z[INFO][C:\Users\admin\Documents\ClionProject\TactileGlove_py\本体感知系统显示程序\main.py:122] Set positions: [0, 0, 0, 0, 0, 0]
2025-08-27T21:22:18.812168Z[INFO][C:\Users\admin\Documents\ClionProject\TactileGlove_py\本体感知系统显示程序\main.py:122] Set positions: [0, 0, 0, 0, 0, 0]
2025-08-27T21:22:19.154067Z[INFO][C:\Users\admin\Documents\ClionProject\TactileGlove_py\本体感知系统显示程序\main.py:122] Set positions: [0, 0, 0, 0, 0, 0]
2025-08-27T21:22:19.319061Z[INFO][C:\Users\admin\Documents\ClionProject\TactileGlove_py\本体感知系统显示程序\main.py:122] Set positions: [0, 0, 0, 0, 0, 0]
2025-08-27T21:22:19.518892Z[INFO][C:\Users\admin\Documents\ClionProject\TactileGlove_py\本体感知系统显示程序\main.py:122] Set positions: [0, 0, 0, 0, 0, 0]
2025-08-27T21:22:19.726038Z[INFO][C:\Users\admin\Documents\ClionProject\TactileGlove_py\本体感知系统显示程序\main.py:122] Set positions: [0, 0, 0, 0, 0, 0]
2025-08-27T21:22:19.893388Z[INFO][C:\Users\admin\Documents\ClionProject\TactileGlove_py\本体感知系统显示程序\main.py:122] Set positions: [0, 0, 0, 0, 0, 0]
2025-08-27T21:22:20.088805Z[INFO][C:\Users\admin\Documents\ClionProject\TactileGlove_py\本体感知系统显示程序\main.py:122] Set positions: [0, 0, 0, 0, 0, 0]
2025-08-27T21:22:20.346221Z[INFO][C:\Users\admin\Documents\ClionProject\TactileGlove_py\本体感知系统显示程序\main.py:122] Set positions: [0, 0, 0, 0, 0, 0]
2025-08-27T21:22:20.558493Z[INFO][C:\Users\admin\Documents\ClionProject\TactileGlove_py\本体感知系统显示程序\main.py:122] Set positions: [0, 0, 0, 0, 0, 0]
2025-08-27T21:22:20.755229Z[INFO][C:\Users\admin\Documents\ClionProject\TactileGlove_py\本体感知系统显示程序\main.py:122] Set positions: [0, 0, 0, 0, 0, 0]
2025-08-27T21:22:20.874418Z[INFO][C:\Users\admin\Documents\ClionProject\TactileGlove_py\本体感知系统显示程序\main.py:122] Set positions: [0, 0, 0, 0, 0, 0]
2025-08-27T21:22:21.057094Z[INFO][C:\Users\admin\Documents\ClionProject\TactileGlove_py\本体感知系统显示程序\main.py:122] Set positions: [0, 0, 0, 0, 0, 0]
2025-08-27T21:22:21.254774Z[INFO][C:\Users\admin\Documents\ClionProject\TactileGlove_py\本体感知系统显示程序\main.py:122] Set positions: [0, 0, 0, 0, 0, 0]
2025-08-27T21:22:21.420956Z[INFO][C:\Users\admin\Documents\ClionProject\TactileGlove_py\本体感知系统显示程序\main.py:122] Set positions: [0, 0, 0, 0, 0, 0]
2025-08-27T21:22:21.679084Z[INFO][C:\Users\admin\Documents\ClionProject\TactileGlove_py\本体感知系统显示程序\main.py:122] Set positions: [0, 0, 0, 0, 0, 0]
2025-08-27T21:22:21.829109Z[INFO][C:\Users\admin\Documents\ClionProject\TactileGlove_py\本体感知系统显示程序\main.py:122] Set positions: [0, 0, 0, 0, 0, 0]
2025-08-27T21:22:22.071603Z[INFO][C:\Users\admin\Documents\ClionProject\TactileGlove_py\本体感知系统显示程序\main.py:122] Set positions: [0, 0, 0, 0, 0, 0]
2025-08-27T21:22:22.240410Z[INFO][C:\Users\admin\Documents\ClionProject\TactileGlove_py\本体感知系统显示程序\main.py:122] Set positions: [0, 0, 0, 0, 0, 0]
2025-08-27T21:22:22.494914Z[INFO][C:\Users\admin\Documents\ClionProject\TactileGlove_py\本体感知系统显示程序\main.py:122] Set positions: [0, 0, 0, 0, 0, 0]
2025-08-27T21:22:22.689381Z[INFO][C:\Users\admin\Documents\ClionProject\TactileGlove_py\本体感知系统显示程序\main.py:122] Set positions: [0, 0, 0, 0, 0, 0]
2025-08-27T21:22:22.812992Z[INFO][C:\Users\admin\Documents\ClionProject\TactileGlove_py\本体感知系统显示程序\main.py:122] Set positions: [0, 0, 0, 0, 0, 0]
2025-08-27T21:22:22.996557Z[INFO][C:\Users\admin\Documents\ClionProject\TactileGlove_py\本体感知系统显示程序\main.py:122] Set positions: [0, 0, 0, 0, 0, 0]
2025-08-27T21:22:23.102082Z[INFO][C:\Users\admin\Documents\ClionProject\TactileGlove_py\本体感知系统显示程序\main.py:122] Set positions: [0, 0, 0, 0, 0, 0]
2025-08-27T21:22:23.312042Z[INFO][C:\Users\admin\Documents\ClionProject\TactileGlove_py\本体感知系统显示程序\main.py:122] Set positions: [0, 0, 0, 0, 0, 0]
2025-08-27T21:22:23.524868Z[INFO][C:\Users\admin\Documents\ClionProject\TactileGlove_py\本体感知系统显示程序\main.py:122] Set positions: [0, 0, 0, 0, 0, 0]
2025-08-27T21:22:23.720920Z[INFO][C:\Users\admin\Documents\ClionProject\TactileGlove_py\本体感知系统显示程序\main.py:122] Set positions: [0, 0, 0, 0, 0, 0]
2025-08-27T21:22:23.932628Z[INFO][C:\Users\admin\Documents\ClionProject\TactileGlove_py\本体感知系统显示程序\main.py:122] Set positions: [0, 0, 0, 0, 0, 0]
2025-08-27T21:22:24.037665Z[INFO][C:\Users\admin\Documents\ClionProject\TactileGlove_py\本体感知系统显示程序\main.py:122] Set positions: [0, 0, 0, 0, 0, 0]
2025-08-27T21:22:24.252079Z[INFO][C:\Users\admin\Documents\ClionProject\TactileGlove_py\本体感知系统显示程序\main.py:122] Set positions: [0, 0, 0, 0, 0, 0]
2025-08-27T21:22:24.445136Z[INFO][C:\Users\admin\Documents\ClionProject\TactileGlove_py\本体感知系统显示程序\main.py:122] Set positions: [0, 0, 0, 0, 0, 0]
2025-08-27T21:22:24.643786Z[INFO][C:\Users\admin\Documents\ClionProject\TactileGlove_py\本体感知系统显示程序\main.py:122] Set positions: [0, 0, 0, 0, 0, 0]
2025-08-27T21:22:24.795917Z[INFO][C:\Users\admin\Documents\ClionProject\TactileGlove_py\本体感知系统显示程序\main.py:122] Set positions: [0, 0, 0, 0, 0, 0]
2025-08-27T21:22:24.907475Z[INFO][C:\Users\admin\Documents\ClionProject\TactileGlove_py\本体感知系统显示程序\main.py:122] Set positions: [0, 0, 0, 0, 0, 0]
2025-08-27T21:22:25.162063Z[INFO][C:\Users\admin\Documents\ClionProject\TactileGlove_py\本体感知系统显示程序\main.py:122] Set positions: [0, 0, 0, 0, 0, 0]
2025-08-27T21:22:25.312153Z[INFO][C:\Users\admin\Documents\ClionProject\TactileGlove_py\本体感知系统显示程序\main.py:122] Set positions: [0, 0, 0, 0, 0, 0]
2025-08-27T21:22:25.555061Z[INFO][C:\Users\admin\Documents\ClionProject\TactileGlove_py\本体感知系统显示程序\main.py:122] Set positions: [0, 0, 0, 0, 0, 0]
2025-08-27T21:22:25.769244Z[INFO][C:\Users\admin\Documents\ClionProject\TactileGlove_py\本体感知系统显示程序\main.py:122] Set positions: [0, 0, 0, 0, 0, 0]
2025-08-27T21:22:25.936051Z[INFO][C:\Users\admin\Documents\ClionProject\TactileGlove_py\本体感知系统显示程序\main.py:122] Set positions: [0, 0, 0, 0, 0, 0]
2025-08-27T21:22:26.118958Z[INFO][C:\Users\admin\Documents\ClionProject\TactileGlove_py\本体感知系统显示程序\main.py:122] Set positions: [0, 0, 0, 0, 0, 0]
2025-08-27T21:22:26.387789Z[INFO][C:\Users\admin\Documents\ClionProject\TactileGlove_py\本体感知系统显示程序\main.py:122] Set positions: [0, 0, 0, 0, 0, 0]
2025-08-27T21:22:26.538222Z[INFO][C:\Users\admin\Documents\ClionProject\TactileGlove_py\本体感知系统显示程序\main.py:122] Set positions: [0, 0, 0, 0, 0, 0]
2025-08-27T21:22:26.644224Z[INFO][C:\Users\admin\Documents\ClionProject\TactileGlove_py\本体感知系统显示程序\main.py:122] Set positions: [0, 0, 0, 0, 0, 0]
2025-08-27T21:22:26.858750Z[INFO][C:\Users\admin\Documents\ClionProject\TactileGlove_py\本体感知系统显示程序\main.py:122] Set positions: [0, 0, 0, 0, 0, 0]
2025-08-27T21:22:27.103091Z[INFO][C:\Users\admin\Documents\ClionProject\TactileGlove_py\本体感知系统显示程序\main.py:122] Set positions: [0, 0, 0, 0, 0, 0]
2025-08-27T21:22:27.338708Z[INFO][C:\Users\admin\Documents\ClionProject\TactileGlove_py\本体感知系统显示程序\main.py:122] Set positions: [0, 0, 0, 0, 0, 0]
2025-08-27T21:22:27.602431Z[INFO][C:\Users\admin\Documents\ClionProject\TactileGlove_py\本体感知系统显示程序\main.py:122] Set positions: [0, 0, 0, 0, 0, 0]
2025-08-27T21:22:27.769435Z[INFO][C:\Users\admin\Documents\ClionProject\TactileGlove_py\本体感知系统显示程序\main.py:122] Set positions: [0, 0, 0, 0, 0, 0]
2025-08-27T21:22:28.027575Z[INFO][C:\Users\admin\Documents\ClionProject\TactileGlove_py\本体感知系统显示程序\main.py:122] Set positions: [0, 0, 0, 0, 0, 0]
2025-08-27T21:22:28.223695Z[INFO][C:\Users\admin\Documents\ClionProject\TactileGlove_py\本体感知系统显示程序\main.py:122] Set positions: [0, 0, 0, 0, 0, 0]
2025-08-27T21:22:28.344933Z[INFO][C:\Users\admin\Documents\ClionProject\TactileGlove_py\本体感知系统显示程序\main.py:122] Set positions: [0, 0, 0, 0, 0, 0]
2025-08-27T21:22:28.559854Z[INFO][C:\Users\admin\Documents\ClionProject\TactileGlove_py\本体感知系统显示程序\main.py:122] Set positions: [0, 0, 0, 0, 0, 0]
2025-08-27T21:22:28.739572Z[INFO][C:\Users\admin\Documents\ClionProject\TactileGlove_py\本体感知系统显示程序\main.py:122] Set positions: [0, 0, 0, 0, 0, 0]
2025-08-27T21:22:28.891652Z[INFO][C:\Users\admin\Documents\ClionProject\TactileGlove_py\本体感知系统显示程序\main.py:122] Set positions: [0, 0, 0, 0, 0, 0]
2025-08-27T21:22:28.997546Z[INFO][C:\Users\admin\Documents\ClionProject\TactileGlove_py\本体感知系统显示程序\main.py:122] Set positions: [0, 0, 0, 0, 0, 0]
2025-08-27T21:22:29.239916Z[INFO][C:\Users\admin\Documents\ClionProject\TactileGlove_py\本体感知系统显示程序\main.py:122] Set positions: [0, 0, 0, 0, 0, 0]
2025-08-27T21:22:29.452135Z[INFO][C:\Users\admin\Documents\ClionProject\TactileGlove_py\本体感知系统显示程序\main.py:122] Set positions: [0, 0, 0, 0, 0, 0]
2025-08-27T21:22:29.664924Z[INFO][C:\Users\admin\Documents\ClionProject\TactileGlove_py\本体感知系统显示程序\main.py:122] Set positions: [0, 0, 0, 0, 0, 0]
2025-08-27T21:22:29.770853Z[INFO][C:\Users\admin\Documents\ClionProject\TactileGlove_py\本体感知系统显示程序\main.py:122] Set positions: [0, 0, 0, 0, 0, 0]
2025-08-27T21:22:29.997806Z[INFO][C:\Users\admin\Documents\ClionProject\TactileGlove_py\本体感知系统显示程序\main.py:122] Set positions: [0, 0, 0, 0, 0, 0]
2025-08-27T21:22:30.136267Z[INFO][C:\Users\admin\Documents\ClionProject\TactileGlove_py\本体感知系统显示程序\main.py:122] Set positions: [0, 0, 0, 0, 0, 0]
2025-08-27T21:22:30.335571Z[INFO][C:\Users\admin\Documents\ClionProject\TactileGlove_py\本体感知系统显示程序\main.py:122] Set positions: [0, 0, 0, 0, 0, 0]
2025-08-27T21:22:30.662051Z[INFO][C:\Users\admin\Documents\ClionProject\TactileGlove_py\本体感知系统显示程序\main.py:122] Set positions: [0, 0, 0, 0, 0, 0]
2025-08-27T21:22:30.786251Z[INFO][C:\Users\admin\Documents\ClionProject\TactileGlove_py\本体感知系统显示程序\main.py:122] Set positions: [0, 0, 0, 0, 0, 0]
2025-08-27T21:22:30.980974Z[INFO][C:\Users\admin\Documents\ClionProject\TactileGlove_py\本体感知系统显示程序\main.py:122] Set positions: [0, 0, 0, 0, 0, 0]
2025-08-27T21:22:31.207872Z[INFO][C:\Users\admin\Documents\ClionProject\TactileGlove_py\本体感知系统显示程序\main.py:122] Set positions: [0, 0, 0, 0, 0, 0]
2025-08-27T21:22:31.357127Z[INFO][C:\Users\admin\Documents\ClionProject\TactileGlove_py\本体感知系统显示程序\main.py:122] Set positions: [0, 0, 0, 0, 0, 0]
2025-08-27T21:22:31.611886Z[INFO][C:\Users\admin\Documents\ClionProject\TactileGlove_py\本体感知系统显示程序\main.py:122] Set positions: [0, 0, 0, 0, 0, 0]
2025-08-27T21:22:31.822752Z[INFO][C:\Users\admin\Documents\ClionProject\TactileGlove_py\本体感知系统显示程序\main.py:122] Set positions: [0, 0, 0, 0, 0, 0]
2025-08-27T21:22:32.021811Z[INFO][C:\Users\admin\Documents\ClionProject\TactileGlove_py\本体感知系统显示程序\main.py:122] Set positions: [0, 0, 0, 0, 0, 0]
2025-08-27T21:22:32.167116Z[INFO][C:\Users\admin\Documents\ClionProject\TactileGlove_py\本体感知系统显示程序\main.py:122] Set positions: [0, 0, 0, 0, 0, 0]
2025-08-27T21:22:32.419732Z[INFO][C:\Users\admin\Documents\ClionProject\TactileGlove_py\本体感知系统显示程序\main.py:122] Set positions: [0, 0, 0, 0, 0, 0]
2025-08-27T21:22:32.586020Z[INFO][C:\Users\admin\Documents\ClionProject\TactileGlove_py\本体感知系统显示程序\main.py:122] Set positions: [0, 0, 0, 0, 0, 0]
2025-08-27T21:22:32.746406Z[INFO][C:\Users\admin\Documents\ClionProject\TactileGlove_py\本体感知系统显示程序\main.py:122] Set positions: [0, 0, 0, 0, 0, 0]
2025-08-27T21:22:32.941363Z[INFO][C:\Users\admin\Documents\ClionProject\TactileGlove_py\本体感知系统显示程序\main.py:122] Set positions: [0, 0, 0, 0, 0, 0]
2025-08-27T21:22:33.078033Z[INFO][C:\Users\admin\Documents\ClionProject\TactileGlove_py\本体感知系统显示程序\main.py:122] Set positions: [0, 0, 0, 0, 0, 0]
2025-08-27T21:22:33.305057Z[INFO][C:\Users\admin\Documents\ClionProject\TactileGlove_py\本体感知系统显示程序\main.py:122] Set positions: [0, 0, 0, 0, 0, 0]
2025-08-27T21:22:33.442377Z[INFO][C:\Users\admin\Documents\ClionProject\TactileGlove_py\本体感知系统显示程序\main.py:122] Set positions: [0, 0, 0, 0, 0, 0]
2025-08-27T21:22:33.562868Z[INFO][C:\Users\admin\Documents\ClionProject\TactileGlove_py\本体感知系统显示程序\main.py:122] Set positions: [0, 0, 0, 0, 0, 0]
2025-08-27T21:22:33.758646Z[INFO][C:\Users\admin\Documents\ClionProject\TactileGlove_py\本体感知系统显示程序\main.py:122] Set positions: [0, 0, 0, 0, 0, 0]
