2025-08-27T22:11:11.645699Z[INFO][src\python\py_mod.rs:25] bc_stark_sdk version: 0.8.6
2025-08-27T22:11:11.647202Z[INFO][src\stark\config.rs:30] Logging initialized with level: Info
2025-08-27T22:11:11.647202Z[INFO][src\stark\config.rs:36] StarkSDK initialized, protocol_type: Modbus
2025-08-27T22:11:14.107637Z[INFO][C:\Users\admin\Documents\ClionProject\TactileGlove_py\本体感知系统显示程序\main.py:70] Right: DeviceInfo { sku_type: MediumRight, serial_number: BCXER1233J2500003, firmware_version: 0.0.5 }
2025-08-27T22:11:14.314227Z[INFO][C:\Users\admin\Documents\ClionProject\TactileGlove_py\本体感知系统显示程序\main.py:124] Set positions: [0, 0, 0, 0, 0, 0]
2025-08-27T22:11:14.475754Z[INFO][C:\Users\admin\Documents\ClionProject\TactileGlove_py\本体感知系统显示程序\main.py:124] Set positions: [0, 0, 0, 0, 0, 0]
2025-08-27T22:11:14.673236Z[INFO][C:\Users\admin\Documents\ClionProject\TactileGlove_py\本体感知系统显示程序\main.py:124] Set positions: [0, 0, 0, 0, 0, 0]
2025-08-27T22:11:14.762801Z[INFO][C:\Users\admin\Documents\ClionProject\TactileGlove_py\本体感知系统显示程序\main.py:124] Set positions: [0, 0, 0, 0, 0, 0]
2025-08-27T22:11:14.839309Z[INFO][C:\Users\admin\Documents\ClionProject\TactileGlove_py\本体感知系统显示程序\main.py:124] Set positions: [0, 0, 0, 0, 0, 0]
2025-08-27T22:11:14.945361Z[INFO][C:\Users\admin\Documents\ClionProject\TactileGlove_py\本体感知系统显示程序\main.py:124] Set positions: [0, 0, 0, 0, 0, 0]
2025-08-27T22:11:15.038813Z[INFO][C:\Users\admin\Documents\ClionProject\TactileGlove_py\本体感知系统显示程序\main.py:124] Set positions: [0, 0, 0, 0, 0, 0]
2025-08-27T22:11:15.173249Z[INFO][C:\Users\admin\Documents\ClionProject\TactileGlove_py\本体感知系统显示程序\main.py:124] Set positions: [0, 0, 0, 0, 0, 0]
2025-08-27T22:11:15.387597Z[INFO][C:\Users\admin\Documents\ClionProject\TactileGlove_py\本体感知系统显示程序\main.py:124] Set positions: [0, 0, 0, 0, 0, 0]
2025-08-27T22:11:15.598248Z[INFO][C:\Users\admin\Documents\ClionProject\TactileGlove_py\本体感知系统显示程序\main.py:124] Set positions: [0, 0, 0, 0, 0, 0]
2025-08-27T22:11:15.854407Z[INFO][C:\Users\admin\Documents\ClionProject\TactileGlove_py\本体感知系统显示程序\main.py:124] Set positions: [0, 0, 0, 0, 0, 0]
2025-08-27T22:11:16.051216Z[INFO][C:\Users\admin\Documents\ClionProject\TactileGlove_py\本体感知系统显示程序\main.py:124] Set positions: [0, 0, 0, 0, 0, 0]
2025-08-27T22:11:16.252207Z[INFO][C:\Users\admin\Documents\ClionProject\TactileGlove_py\本体感知系统显示程序\main.py:124] Set positions: [0, 0, 0, 0, 0, 0]
2025-08-27T22:11:16.462018Z[INFO][C:\Users\admin\Documents\ClionProject\TactileGlove_py\本体感知系统显示程序\main.py:124] Set positions: [0, 0, 0, 0, 0, 0]
2025-08-27T22:11:16.552325Z[INFO][C:\Users\admin\Documents\ClionProject\TactileGlove_py\本体感知系统显示程序\main.py:124] Set positions: [0, 0, 0, 0, 0, 0]
2025-08-27T22:11:16.657851Z[INFO][C:\Users\admin\Documents\ClionProject\TactileGlove_py\本体感知系统显示程序\main.py:124] Set positions: [0, 0, 0, 0, 0, 0]
2025-08-27T22:11:16.751778Z[INFO][C:\Users\admin\Documents\ClionProject\TactileGlove_py\本体感知系统显示程序\main.py:124] Set positions: [0, 0, 0, 0, 0, 0]
2025-08-27T22:11:16.975350Z[INFO][C:\Users\admin\Documents\ClionProject\TactileGlove_py\本体感知系统显示程序\main.py:124] Set positions: [0, 0, 0, 0, 0, 0]
2025-08-27T22:11:17.172467Z[INFO][C:\Users\admin\Documents\ClionProject\TactileGlove_py\本体感知系统显示程序\main.py:124] Set positions: [0, 0, 0, 0, 0, 0]
2025-08-27T22:11:17.278003Z[INFO][C:\Users\admin\Documents\ClionProject\TactileGlove_py\本体感知系统显示程序\main.py:124] Set positions: [0, 0, 0, 0, 0, 0]
2025-08-27T22:11:17.490506Z[INFO][C:\Users\admin\Documents\ClionProject\TactileGlove_py\本体感知系统显示程序\main.py:124] Set positions: [0, 0, 0, 0, 0, 0]
2025-08-27T22:11:17.581531Z[INFO][C:\Users\admin\Documents\ClionProject\TactileGlove_py\本体感知系统显示程序\main.py:124] Set positions: [0, 0, 0, 0, 0, 0]
2025-08-27T22:11:17.671532Z[INFO][C:\Users\admin\Documents\ClionProject\TactileGlove_py\本体感知系统显示程序\main.py:124] Set positions: [0, 0, 0, 0, 0, 0]
2025-08-27T22:11:17.897613Z[INFO][C:\Users\admin\Documents\ClionProject\TactileGlove_py\本体感知系统显示程序\main.py:124] Set positions: [0, 0, 0, 0, 0, 0]
2025-08-27T22:11:18.051662Z[INFO][C:\Users\admin\Documents\ClionProject\TactileGlove_py\本体感知系统显示程序\main.py:124] Set positions: [0, 0, 0, 0, 0, 0]
2025-08-27T22:11:18.246055Z[INFO][C:\Users\admin\Documents\ClionProject\TactileGlove_py\本体感知系统显示程序\main.py:124] Set positions: [0, 0, 0, 0, 0, 0]
2025-08-27T22:11:18.355885Z[INFO][C:\Users\admin\Documents\ClionProject\TactileGlove_py\本体感知系统显示程序\main.py:124] Set positions: [0, 0, 0, 0, 0, 0]
2025-08-27T22:11:18.550660Z[INFO][C:\Users\admin\Documents\ClionProject\TactileGlove_py\本体感知系统显示程序\main.py:124] Set positions: [0, 0, 0, 0, 0, 0]
2025-08-27T22:11:18.808271Z[INFO][C:\Users\admin\Documents\ClionProject\TactileGlove_py\本体感知系统显示程序\main.py:124] Set positions: [0, 0, 0, 0, 0, 0]
2025-08-27T22:11:18.913847Z[INFO][C:\Users\admin\Documents\ClionProject\TactileGlove_py\本体感知系统显示程序\main.py:124] Set positions: [0, 0, 0, 0, 0, 0]
2025-08-27T22:11:19.124650Z[INFO][C:\Users\admin\Documents\ClionProject\TactileGlove_py\本体感知系统显示程序\main.py:124] Set positions: [0, 0, 0, 0, 0, 0]
2025-08-27T22:11:19.320171Z[INFO][C:\Users\admin\Documents\ClionProject\TactileGlove_py\本体感知系统显示程序\main.py:124] Set positions: [0, 0, 0, 0, 0, 0]
2025-08-27T22:11:19.532115Z[INFO][C:\Users\admin\Documents\ClionProject\TactileGlove_py\本体感知系统显示程序\main.py:124] Set positions: [0, 0, 0, 0, 0, 0]
2025-08-27T22:11:19.638175Z[INFO][C:\Users\admin\Documents\ClionProject\TactileGlove_py\本体感知系统显示程序\main.py:124] Set positions: [0, 0, 0, 0, 0, 0]
2025-08-27T22:11:19.790903Z[INFO][C:\Users\admin\Documents\ClionProject\TactileGlove_py\本体感知系统显示程序\main.py:124] Set positions: [0, 0, 0, 0, 0, 0]
2025-08-27T22:11:19.943469Z[INFO][C:\Users\admin\Documents\ClionProject\TactileGlove_py\本体感知系统显示程序\main.py:124] Set positions: [0, 0, 0, 0, 0, 0]
2025-08-27T22:11:20.140440Z[INFO][C:\Users\admin\Documents\ClionProject\TactileGlove_py\本体感知系统显示程序\main.py:124] Set positions: [0, 0, 0, 0, 0, 0]
2025-08-27T22:11:20.229414Z[INFO][C:\Users\admin\Documents\ClionProject\TactileGlove_py\本体感知系统显示程序\main.py:124] Set positions: [0, 0, 0, 0, 0, 0]
2025-08-27T22:11:20.461038Z[INFO][C:\Users\admin\Documents\ClionProject\TactileGlove_py\本体感知系统显示程序\main.py:124] Set positions: [0, 0, 0, 0, 0, 0]
2025-08-27T22:11:20.537100Z[INFO][C:\Users\admin\Documents\ClionProject\TactileGlove_py\本体感知系统显示程序\main.py:124] Set positions: [0, 0, 0, 0, 0, 0]
2025-08-27T22:11:20.718421Z[INFO][C:\Users\admin\Documents\ClionProject\TactileGlove_py\本体感知系统显示程序\main.py:124] Set positions: [0, 0, 0, 0, 0, 0]
2025-08-27T22:11:20.903035Z[INFO][C:\Users\admin\Documents\ClionProject\TactileGlove_py\本体感知系统显示程序\main.py:124] Set positions: [0, 0, 0, 0, 0, 0]
2025-08-27T22:11:21.128342Z[INFO][C:\Users\admin\Documents\ClionProject\TactileGlove_py\本体感知系统显示程序\main.py:124] Set positions: [0, 0, 0, 0, 0, 0]
2025-08-27T22:11:21.370009Z[INFO][C:\Users\admin\Documents\ClionProject\TactileGlove_py\本体感知系统显示程序\main.py:124] Set positions: [0, 0, 0, 0, 0, 0]
2025-08-27T22:11:21.536839Z[INFO][C:\Users\admin\Documents\ClionProject\TactileGlove_py\本体感知系统显示程序\main.py:124] Set positions: [0, 0, 0, 0, 0, 0]
2025-08-27T22:11:21.673451Z[INFO][C:\Users\admin\Documents\ClionProject\TactileGlove_py\本体感知系统显示程序\main.py:124] Set positions: [0, 0, 0, 0, 0, 0]
2025-08-27T22:11:21.882000Z[INFO][C:\Users\admin\Documents\ClionProject\TactileGlove_py\本体感知系统显示程序\main.py:124] Set positions: [0, 0, 0, 0, 0, 0]
2025-08-27T22:11:21.974828Z[INFO][C:\Users\admin\Documents\ClionProject\TactileGlove_py\本体感知系统显示程序\main.py:124] Set positions: [0, 0, 0, 0, 0, 0]
2025-08-27T22:11:22.187023Z[INFO][C:\Users\admin\Documents\ClionProject\TactileGlove_py\本体感知系统显示程序\main.py:124] Set positions: [0, 0, 0, 0, 0, 0]
2025-08-27T22:11:22.279177Z[INFO][C:\Users\admin\Documents\ClionProject\TactileGlove_py\本体感知系统显示程序\main.py:124] Set positions: [0, 0, 0, 0, 0, 0]
2025-08-27T22:11:22.459941Z[INFO][C:\Users\admin\Documents\ClionProject\TactileGlove_py\本体感知系统显示程序\main.py:124] Set positions: [0, 0, 0, 0, 0, 0]
2025-08-27T22:11:22.702312Z[INFO][C:\Users\admin\Documents\ClionProject\TactileGlove_py\本体感知系统显示程序\main.py:124] Set positions: [0, 0, 0, 0, 0, 0]
2025-08-27T22:11:22.912258Z[INFO][C:\Users\admin\Documents\ClionProject\TactileGlove_py\本体感知系统显示程序\main.py:124] Set positions: [0, 0, 0, 0, 0, 0]
2025-08-27T22:11:23.109174Z[INFO][C:\Users\admin\Documents\ClionProject\TactileGlove_py\本体感知系统显示程序\main.py:124] Set positions: [0, 0, 0, 0, 0, 0]
2025-08-27T22:11:23.219168Z[INFO][C:\Users\admin\Documents\ClionProject\TactileGlove_py\本体感知系统显示程序\main.py:124] Set positions: [0, 0, 0, 0, 0, 0]
2025-08-27T22:11:23.365637Z[INFO][C:\Users\admin\Documents\ClionProject\TactileGlove_py\本体感知系统显示程序\main.py:124] Set positions: [0, 0, 0, 0, 0, 0]
2025-08-27T22:11:23.622544Z[INFO][C:\Users\admin\Documents\ClionProject\TactileGlove_py\本体感知系统显示程序\main.py:124] Set positions: [0, 0, 0, 0, 0, 0]
2025-08-27T22:11:23.728890Z[INFO][C:\Users\admin\Documents\ClionProject\TactileGlove_py\本体感知系统显示程序\main.py:124] Set positions: [0, 0, 0, 0, 0, 0]
2025-08-27T22:11:23.927911Z[INFO][C:\Users\admin\Documents\ClionProject\TactileGlove_py\本体感知系统显示程序\main.py:124] Set positions: [0, 0, 0, 0, 0, 0]
2025-08-27T22:11:24.140240Z[INFO][C:\Users\admin\Documents\ClionProject\TactileGlove_py\本体感知系统显示程序\main.py:124] Set positions: [0, 0, 0, 0, 0, 0]
2025-08-27T22:11:24.350646Z[INFO][C:\Users\admin\Documents\ClionProject\TactileGlove_py\本体感知系统显示程序\main.py:124] Set positions: [0, 0, 0, 0, 0, 0]
2025-08-27T22:11:24.442965Z[INFO][C:\Users\admin\Documents\ClionProject\TactileGlove_py\本体感知系统显示程序\main.py:124] Set positions: [0, 0, 0, 0, 0, 0]
2025-08-27T22:11:24.654864Z[INFO][C:\Users\admin\Documents\ClionProject\TactileGlove_py\本体感知系统显示程序\main.py:124] Set positions: [0, 0, 0, 0, 0, 0]
2025-08-27T22:11:24.789599Z[INFO][C:\Users\admin\Documents\ClionProject\TactileGlove_py\本体感知系统显示程序\main.py:124] Set positions: [0, 0, 0, 0, 0, 0]
2025-08-27T22:11:25.002834Z[INFO][C:\Users\admin\Documents\ClionProject\TactileGlove_py\本体感知系统显示程序\main.py:124] Set positions: [0, 0, 0, 0, 0, 0]
2025-08-27T22:11:25.105497Z[INFO][C:\Users\admin\Documents\ClionProject\TactileGlove_py\本体感知系统显示程序\main.py:124] Set positions: [0, 0, 0, 0, 0, 0]
2025-08-27T22:11:25.227162Z[INFO][C:\Users\admin\Documents\ClionProject\TactileGlove_py\本体感知系统显示程序\main.py:124] Set positions: [0, 0, 0, 0, 0, 0]
2025-08-27T22:11:25.424525Z[INFO][C:\Users\admin\Documents\ClionProject\TactileGlove_py\本体感知系统显示程序\main.py:124] Set positions: [0, 0, 0, 0, 0, 0]
2025-08-27T22:11:25.669621Z[INFO][C:\Users\admin\Documents\ClionProject\TactileGlove_py\本体感知系统显示程序\main.py:124] Set positions: [0, 0, 0, 0, 0, 0]
2025-08-27T22:11:25.772213Z[INFO][C:\Users\admin\Documents\ClionProject\TactileGlove_py\本体感知系统显示程序\main.py:124] Set positions: [0, 0, 0, 0, 0, 0]
2025-08-27T22:11:25.926285Z[INFO][C:\Users\admin\Documents\ClionProject\TactileGlove_py\本体感知系统显示程序\main.py:124] Set positions: [0, 0, 0, 0, 0, 0]
2025-08-27T22:11:26.090894Z[INFO][C:\Users\admin\Documents\ClionProject\TactileGlove_py\本体感知系统显示程序\main.py:124] Set positions: [0, 0, 0, 0, 0, 0]
2025-08-27T22:11:26.241123Z[INFO][C:\Users\admin\Documents\ClionProject\TactileGlove_py\本体感知系统显示程序\main.py:124] Set positions: [0, 0, 0, 0, 0, 0]
2025-08-27T22:11:26.436127Z[INFO][C:\Users\admin\Documents\ClionProject\TactileGlove_py\本体感知系统显示程序\main.py:124] Set positions: [0, 0, 0, 0, 0, 0]
2025-08-27T22:11:26.692248Z[INFO][C:\Users\admin\Documents\ClionProject\TactileGlove_py\本体感知系统显示程序\main.py:124] Set positions: [0, 0, 0, 0, 0, 0]
2025-08-27T22:11:26.842700Z[INFO][C:\Users\admin\Documents\ClionProject\TactileGlove_py\本体感知系统显示程序\main.py:124] Set positions: [0, 0, 0, 0, 0, 0]
2025-08-27T22:11:27.116374Z[INFO][C:\Users\admin\Documents\ClionProject\TactileGlove_py\本体感知系统显示程序\main.py:124] Set positions: [0, 0, 0, 0, 0, 0]
2025-08-27T22:11:27.327887Z[INFO][C:\Users\admin\Documents\ClionProject\TactileGlove_py\本体感知系统显示程序\main.py:124] Set positions: [0, 0, 0, 0, 0, 0]
2025-08-27T22:11:27.420315Z[INFO][C:\Users\admin\Documents\ClionProject\TactileGlove_py\本体感知系统显示程序\main.py:124] Set positions: [0, 0, 0, 0, 0, 0]
2025-08-27T22:11:27.495410Z[INFO][C:\Users\admin\Documents\ClionProject\TactileGlove_py\本体感知系统显示程序\main.py:124] Set positions: [0, 0, 0, 0, 0, 0]
2025-08-27T22:11:27.676093Z[INFO][C:\Users\admin\Documents\ClionProject\TactileGlove_py\本体感知系统显示程序\main.py:124] Set positions: [0, 0, 0, 0, 0, 0]
2025-08-27T22:11:27.753979Z[INFO][C:\Users\admin\Documents\ClionProject\TactileGlove_py\本体感知系统显示程序\main.py:124] Set positions: [0, 0, 0, 0, 0, 0]
2025-08-27T22:11:27.844116Z[INFO][C:\Users\admin\Documents\ClionProject\TactileGlove_py\本体感知系统显示程序\main.py:124] Set positions: [0, 0, 0, 0, 0, 0]
2025-08-27T22:11:27.994880Z[INFO][C:\Users\admin\Documents\ClionProject\TactileGlove_py\本体感知系统显示程序\main.py:124] Set positions: [0, 0, 0, 0, 0, 0]
2025-08-27T22:11:28.070920Z[INFO][C:\Users\admin\Documents\ClionProject\TactileGlove_py\本体感知系统显示程序\main.py:124] Set positions: [0, 0, 0, 0, 0, 0]
2025-08-27T22:11:28.302830Z[INFO][C:\Users\admin\Documents\ClionProject\TactileGlove_py\本体感知系统显示程序\main.py:124] Set positions: [0, 0, 0, 0, 0, 0]
2025-08-27T22:11:28.524769Z[INFO][C:\Users\admin\Documents\ClionProject\TactileGlove_py\本体感知系统显示程序\main.py:124] Set positions: [0, 0, 0, 0, 0, 0]
2025-08-27T22:11:28.617899Z[INFO][C:\Users\admin\Documents\ClionProject\TactileGlove_py\本体感知系统显示程序\main.py:124] Set positions: [0, 0, 0, 0, 0, 0]
2025-08-27T22:11:28.916793Z[INFO][C:\Users\admin\Documents\ClionProject\TactileGlove_py\本体感知系统显示程序\main.py:124] Set positions: [0, 0, 0, 0, 0, 0]
2025-08-27T22:11:29.074777Z[INFO][C:\Users\admin\Documents\ClionProject\TactileGlove_py\本体感知系统显示程序\main.py:124] Set positions: [0, 0, 0, 0, 0, 0]
2025-08-27T22:11:29.173496Z[INFO][C:\Users\admin\Documents\ClionProject\TactileGlove_py\本体感知系统显示程序\main.py:124] Set positions: [0, 0, 0, 0, 0, 0]
2025-08-27T22:11:29.369058Z[INFO][C:\Users\admin\Documents\ClionProject\TactileGlove_py\本体感知系统显示程序\main.py:124] Set positions: [0, 0, 0, 0, 0, 0]
2025-08-27T22:11:29.578776Z[INFO][C:\Users\admin\Documents\ClionProject\TactileGlove_py\本体感知系统显示程序\main.py:124] Set positions: [0, 0, 0, 0, 0, 0]
2025-08-27T22:11:29.765423Z[INFO][C:\Users\admin\Documents\ClionProject\TactileGlove_py\本体感知系统显示程序\main.py:124] Set positions: [0, 0, 0, 0, 0, 0]
2025-08-27T22:11:29.976341Z[INFO][C:\Users\admin\Documents\ClionProject\TactileGlove_py\本体感知系统显示程序\main.py:124] Set positions: [0, 0, 0, 0, 0, 0]
2025-08-27T22:11:30.188429Z[INFO][C:\Users\admin\Documents\ClionProject\TactileGlove_py\本体感知系统显示程序\main.py:124] Set positions: [0, 0, 0, 0, 0, 0]
2025-08-27T22:11:30.402283Z[INFO][C:\Users\admin\Documents\ClionProject\TactileGlove_py\本体感知系统显示程序\main.py:124] Set positions: [0, 0, 0, 0, 0, 0]
2025-08-27T22:11:30.489683Z[INFO][C:\Users\admin\Documents\ClionProject\TactileGlove_py\本体感知系统显示程序\main.py:124] Set positions: [0, 0, 0, 0, 0, 0]
2025-08-27T22:11:30.578738Z[INFO][C:\Users\admin\Documents\ClionProject\TactileGlove_py\本体感知系统显示程序\main.py:124] Set positions: [0, 0, 0, 0, 0, 0]
2025-08-27T22:11:30.745845Z[INFO][C:\Users\admin\Documents\ClionProject\TactileGlove_py\本体感知系统显示程序\main.py:124] Set positions: [0, 0, 0, 0, 0, 0]
2025-08-27T22:11:30.836571Z[INFO][C:\Users\admin\Documents\ClionProject\TactileGlove_py\本体感知系统显示程序\main.py:124] Set positions: [0, 0, 0, 0, 0, 0]
2025-08-27T22:11:31.004050Z[INFO][C:\Users\admin\Documents\ClionProject\TactileGlove_py\本体感知系统显示程序\main.py:124] Set positions: [0, 0, 0, 0, 0, 0]
2025-08-27T22:11:31.218354Z[INFO][C:\Users\admin\Documents\ClionProject\TactileGlove_py\本体感知系统显示程序\main.py:124] Set positions: [0, 0, 0, 0, 0, 0]
2025-08-27T22:11:31.308048Z[INFO][C:\Users\admin\Documents\ClionProject\TactileGlove_py\本体感知系统显示程序\main.py:124] Set positions: [0, 0, 0, 0, 0, 0]
2025-08-27T22:11:31.518797Z[INFO][C:\Users\admin\Documents\ClionProject\TactileGlove_py\本体感知系统显示程序\main.py:124] Set positions: [0, 0, 0, 0, 0, 0]
2025-08-27T22:11:31.612440Z[INFO][C:\Users\admin\Documents\ClionProject\TactileGlove_py\本体感知系统显示程序\main.py:124] Set positions: [0, 0, 0, 0, 0, 0]
2025-08-27T22:11:31.719215Z[INFO][C:\Users\admin\Documents\ClionProject\TactileGlove_py\本体感知系统显示程序\main.py:124] Set positions: [0, 0, 0, 0, 0, 0]
2025-08-27T22:11:31.820993Z[INFO][C:\Users\admin\Documents\ClionProject\TactileGlove_py\本体感知系统显示程序\main.py:124] Set positions: [0, 0, 0, 0, 0, 0]
2025-08-27T22:11:32.035165Z[INFO][C:\Users\admin\Documents\ClionProject\TactileGlove_py\本体感知系统显示程序\main.py:124] Set positions: [0, 0, 0, 0, 0, 0]
2025-08-27T22:11:32.132546Z[INFO][C:\Users\admin\Documents\ClionProject\TactileGlove_py\本体感知系统显示程序\main.py:124] Set positions: [0, 0, 0, 0, 0, 0]
2025-08-27T22:11:32.275932Z[INFO][C:\Users\admin\Documents\ClionProject\TactileGlove_py\本体感知系统显示程序\main.py:124] Set positions: [0, 0, 0, 0, 0, 0]
2025-08-27T22:11:32.535184Z[INFO][C:\Users\admin\Documents\ClionProject\TactileGlove_py\本体感知系统显示程序\main.py:124] Set positions: [0, 0, 0, 0, 0, 0]
2025-08-27T22:11:32.628920Z[INFO][C:\Users\admin\Documents\ClionProject\TactileGlove_py\本体感知系统显示程序\main.py:124] Set positions: [0, 0, 0, 0, 0, 0]
2025-08-27T22:11:32.795017Z[INFO][C:\Users\admin\Documents\ClionProject\TactileGlove_py\本体感知系统显示程序\main.py:124] Set positions: [0, 0, 0, 0, 0, 0]
2025-08-27T22:11:32.882050Z[INFO][C:\Users\admin\Documents\ClionProject\TactileGlove_py\本体感知系统显示程序\main.py:124] Set positions: [0, 0, 0, 0, 0, 0]
2025-08-27T22:11:33.095606Z[INFO][C:\Users\admin\Documents\ClionProject\TactileGlove_py\本体感知系统显示程序\main.py:124] Set positions: [0, 0, 0, 0, 0, 0]
2025-08-27T22:11:33.205556Z[INFO][C:\Users\admin\Documents\ClionProject\TactileGlove_py\本体感知系统显示程序\main.py:124] Set positions: [0, 0, 0, 0, 0, 0]
2025-08-27T22:11:33.292398Z[INFO][C:\Users\admin\Documents\ClionProject\TactileGlove_py\本体感知系统显示程序\main.py:124] Set positions: [0, 0, 0, 0, 0, 0]
2025-08-27T22:11:33.402373Z[INFO][C:\Users\admin\Documents\ClionProject\TactileGlove_py\本体感知系统显示程序\main.py:124] Set positions: [0, 0, 0, 0, 0, 0]
