2025-08-27T21:33:47.392062Z[INFO][src\python\py_mod.rs:25] bc_stark_sdk version: 0.8.6
2025-08-27T21:33:47.393063Z[INFO][src\stark\config.rs:30] Logging initialized with level: Info
2025-08-27T21:33:47.393063Z[INFO][src\stark\config.rs:36] StarkSDK initialized, protocol_type: Modbus
2025-08-27T21:33:49.637170Z[INFO][C:\Users\admin\Documents\ClionProject\TactileGlove_py\本体感知系统显示程序\main.py:70] Right: DeviceInfo { sku_type: MediumRight, serial_number: BCXER1233J2500003, firmware_version: 0.0.5 }
2025-08-27T21:33:49.713648Z[INFO][C:\Users\admin\Documents\ClionProject\TactileGlove_py\本体感知系统显示程序\main.py:124] Set positions: [0, 0, 0, 0, 0, 0]
2025-08-27T21:33:50.013464Z[INFO][C:\Users\admin\Documents\ClionProject\TactileGlove_py\本体感知系统显示程序\main.py:124] Set positions: [0, 0, 0, 0, 0, 0]
2025-08-27T21:33:50.226014Z[INFO][C:\Users\admin\Documents\ClionProject\TactileGlove_py\本体感知系统显示程序\main.py:124] Set positions: [0, 0, 0, 0, 0, 0]
2025-08-27T21:33:50.408415Z[INFO][C:\Users\admin\Documents\ClionProject\TactileGlove_py\本体感知系统显示程序\main.py:124] Set positions: [0, 0, 0, 0, 0, 0]
2025-08-27T21:33:50.625885Z[INFO][C:\Users\admin\Documents\ClionProject\TactileGlove_py\本体感知系统显示程序\main.py:124] Set positions: [0, 0, 0, 0, 0, 0]
2025-08-27T21:33:50.775476Z[INFO][C:\Users\admin\Documents\ClionProject\TactileGlove_py\本体感知系统显示程序\main.py:124] Set positions: [0, 0, 0, 0, 0, 0]
2025-08-27T21:33:50.972414Z[INFO][C:\Users\admin\Documents\ClionProject\TactileGlove_py\本体感知系统显示程序\main.py:124] Set positions: [0, 0, 0, 0, 0, 0]
2025-08-27T21:33:51.236848Z[INFO][C:\Users\admin\Documents\ClionProject\TactileGlove_py\本体感知系统显示程序\main.py:124] Set positions: [0, 0, 0, 0, 0, 0]
2025-08-27T21:33:51.433740Z[INFO][C:\Users\admin\Documents\ClionProject\TactileGlove_py\本体感知系统显示程序\main.py:124] Set positions: [0, 0, 0, 0, 0, 0]
2025-08-27T21:33:51.646678Z[INFO][C:\Users\admin\Documents\ClionProject\TactileGlove_py\本体感知系统显示程序\main.py:124] Set positions: [0, 0, 0, 0, 0, 0]
2025-08-27T21:33:51.843853Z[INFO][C:\Users\admin\Documents\ClionProject\TactileGlove_py\本体感知系统显示程序\main.py:124] Set positions: [0, 0, 0, 0, 0, 0]
2025-08-27T21:33:52.057882Z[INFO][C:\Users\admin\Documents\ClionProject\TactileGlove_py\本体感知系统显示程序\main.py:124] Set positions: [0, 0, 0, 0, 0, 0]
2025-08-27T21:33:52.270555Z[INFO][C:\Users\admin\Documents\ClionProject\TactileGlove_py\本体感知系统显示程序\main.py:124] Set positions: [0, 0, 0, 0, 0, 0]
2025-08-27T21:33:52.470262Z[INFO][C:\Users\admin\Documents\ClionProject\TactileGlove_py\本体感知系统显示程序\main.py:124] Set positions: [0, 0, 0, 0, 0, 0]
2025-08-27T21:33:52.625111Z[INFO][C:\Users\admin\Documents\ClionProject\TactileGlove_py\本体感知系统显示程序\main.py:124] Set positions: [0, 0, 0, 0, 0, 0]
2025-08-27T21:33:52.849103Z[INFO][C:\Users\admin\Documents\ClionProject\TactileGlove_py\本体感知系统显示程序\main.py:124] Set positions: [0, 0, 0, 0, 0, 0]
2025-08-27T21:33:53.031618Z[INFO][C:\Users\admin\Documents\ClionProject\TactileGlove_py\本体感知系统显示程序\main.py:124] Set positions: [0, 0, 0, 0, 0, 0]
2025-08-27T21:33:53.181920Z[INFO][C:\Users\admin\Documents\ClionProject\TactileGlove_py\本体感知系统显示程序\main.py:124] Set positions: [0, 0, 0, 0, 0, 0]
2025-08-27T21:33:53.394559Z[INFO][C:\Users\admin\Documents\ClionProject\TactileGlove_py\本体感知系统显示程序\main.py:124] Set positions: [0, 0, 0, 0, 0, 0]
2025-08-27T21:33:53.593481Z[INFO][C:\Users\admin\Documents\ClionProject\TactileGlove_py\本体感知系统显示程序\main.py:124] Set positions: [0, 0, 0, 0, 0, 0]
2025-08-27T21:33:53.743009Z[INFO][C:\Users\admin\Documents\ClionProject\TactileGlove_py\本体感知系统显示程序\main.py:124] Set positions: [0, 0, 0, 0, 0, 0]
2025-08-27T21:33:54.001022Z[INFO][C:\Users\admin\Documents\ClionProject\TactileGlove_py\本体感知系统显示程序\main.py:124] Set positions: [0, 0, 0, 0, 0, 0]
2025-08-27T21:33:54.152795Z[INFO][C:\Users\admin\Documents\ClionProject\TactileGlove_py\本体感知系统显示程序\main.py:124] Set positions: [0, 0, 0, 0, 0, 0]
2025-08-27T21:33:54.364668Z[INFO][C:\Users\admin\Documents\ClionProject\TactileGlove_py\本体感知系统显示程序\main.py:124] Set positions: [0, 0, 0, 0, 0, 0]
2025-08-27T21:33:54.623350Z[INFO][C:\Users\admin\Documents\ClionProject\TactileGlove_py\本体感知系统显示程序\main.py:124] Set positions: [0, 0, 0, 0, 0, 0]
2025-08-27T21:33:54.825252Z[INFO][C:\Users\admin\Documents\ClionProject\TactileGlove_py\本体感知系统显示程序\main.py:124] Set positions: [0, 0, 0, 0, 0, 0]
2025-08-27T21:33:55.015232Z[INFO][C:\Users\admin\Documents\ClionProject\TactileGlove_py\本体感知系统显示程序\main.py:124] Set positions: [0, 0, 0, 0, 0, 0]
2025-08-27T21:33:55.135309Z[INFO][C:\Users\admin\Documents\ClionProject\TactileGlove_py\本体感知系统显示程序\main.py:124] Set positions: [0, 0, 0, 0, 0, 0]
2025-08-27T21:33:55.332839Z[INFO][C:\Users\admin\Documents\ClionProject\TactileGlove_py\本体感知系统显示程序\main.py:124] Set positions: [0, 0, 0, 0, 0, 0]
2025-08-27T21:33:55.442175Z[INFO][C:\Users\admin\Documents\ClionProject\TactileGlove_py\本体感知系统显示程序\main.py:124] Set positions: [0, 0, 0, 0, 0, 0]
2025-08-27T21:33:55.575973Z[INFO][C:\Users\admin\Documents\ClionProject\TactileGlove_py\本体感知系统显示程序\main.py:124] Set positions: [0, 0, 0, 0, 0, 0]
2025-08-27T21:33:55.834733Z[INFO][C:\Users\admin\Documents\ClionProject\TactileGlove_py\本体感知系统显示程序\main.py:124] Set positions: [0, 0, 0, 0, 0, 0]
2025-08-27T21:33:56.062805Z[INFO][C:\Users\admin\Documents\ClionProject\TactileGlove_py\本体感知系统显示程序\main.py:124] Set positions: [0, 0, 0, 0, 0, 0]
2025-08-27T21:33:56.168044Z[INFO][C:\Users\admin\Documents\ClionProject\TactileGlove_py\本体感知系统显示程序\main.py:124] Set positions: [0, 0, 0, 0, 0, 0]
2025-08-27T21:33:56.292645Z[INFO][C:\Users\admin\Documents\ClionProject\TactileGlove_py\本体感知系统显示程序\main.py:124] Set positions: [0, 0, 0, 0, 0, 0]
2025-08-27T21:33:56.501625Z[INFO][C:\Users\admin\Documents\ClionProject\TactileGlove_py\本体感知系统显示程序\main.py:124] Set positions: [0, 0, 0, 0, 0, 0]
2025-08-27T21:33:56.759725Z[INFO][C:\Users\admin\Documents\ClionProject\TactileGlove_py\本体感知系统显示程序\main.py:124] Set positions: [0, 0, 0, 0, 0, 0]
2025-08-27T21:33:56.975703Z[INFO][C:\Users\admin\Documents\ClionProject\TactileGlove_py\本体感知系统显示程序\main.py:124] Set positions: [0, 0, 0, 0, 0, 0]
2025-08-27T21:33:57.184281Z[INFO][C:\Users\admin\Documents\ClionProject\TactileGlove_py\本体感知系统显示程序\main.py:124] Set positions: [0, 0, 0, 0, 0, 0]
2025-08-27T21:33:57.365858Z[INFO][C:\Users\admin\Documents\ClionProject\TactileGlove_py\本体感知系统显示程序\main.py:124] Set positions: [0, 0, 0, 0, 0, 0]
2025-08-27T21:33:57.577177Z[INFO][C:\Users\admin\Documents\ClionProject\TactileGlove_py\本体感知系统显示程序\main.py:124] Set positions: [0, 0, 0, 0, 0, 0]
2025-08-27T21:33:57.789407Z[INFO][C:\Users\admin\Documents\ClionProject\TactileGlove_py\本体感知系统显示程序\main.py:124] Set positions: [0, 0, 0, 0, 0, 0]
2025-08-27T21:33:58.001132Z[INFO][C:\Users\admin\Documents\ClionProject\TactileGlove_py\本体感知系统显示程序\main.py:124] Set positions: [0, 0, 0, 0, 0, 0]
2025-08-27T21:33:58.199961Z[INFO][C:\Users\admin\Documents\ClionProject\TactileGlove_py\本体感知系统显示程序\main.py:124] Set positions: [0, 0, 0, 0, 0, 0]
2025-08-27T21:33:58.429116Z[INFO][C:\Users\admin\Documents\ClionProject\TactileGlove_py\本体感知系统显示程序\main.py:124] Set positions: [0, 0, 0, 0, 0, 0]
2025-08-27T21:33:58.611170Z[INFO][C:\Users\admin\Documents\ClionProject\TactileGlove_py\本体感知系统显示程序\main.py:124] Set positions: [0, 0, 0, 0, 0, 0]
2025-08-27T21:33:58.809032Z[INFO][C:\Users\admin\Documents\ClionProject\TactileGlove_py\本体感知系统显示程序\main.py:124] Set positions: [0, 0, 0, 0, 0, 0]
