2025-08-27T20:21:30.370078Z[INFO][src\python\py_mod.rs:25] bc_stark_sdk version: 0.8.6
2025-08-27T20:21:30.371075Z[INFO][src\stark\config.rs:30] Logging initialized with level: Info
2025-08-27T20:21:30.371075Z[INFO][src\stark\config.rs:36] StarkSDK initialized, protocol_type: Modbus
2025-08-27T20:21:32.679487Z[INFO][C:\Users\admin\Documents\ClionProject\TactileGlove_py\本体感知系统显示程序\main.py:68] Right: DeviceInfo { sku_type: MediumRight, serial_number: BCXER1233J2500003, firmware_version: 0.0.5 }
2025-08-27T20:21:32.751774Z[INFO][C:\Users\admin\Documents\ClionProject\TactileGlove_py\本体感知系统显示程序\main.py:122] Set positions: [0, 0, 0, 0, 0, 0]
2025-08-27T20:21:33.053209Z[INFO][C:\Users\admin\Documents\ClionProject\TactileGlove_py\本体感知系统显示程序\main.py:122] Set positions: [0, 1000, 0, 0, 0, 0]
2025-08-27T20:21:33.268066Z[INFO][C:\Users\admin\Documents\ClionProject\TactileGlove_py\本体感知系统显示程序\main.py:122] Set positions: [0, 1000, 0, 0, 0, 0]
2025-08-27T20:21:33.451269Z[INFO][C:\Users\admin\Documents\ClionProject\TactileGlove_py\本体感知系统显示程序\main.py:122] Set positions: [0, 1000, 0, 0, 0, 0]
2025-08-27T20:21:33.613273Z[INFO][C:\Users\admin\Documents\ClionProject\TactileGlove_py\本体感知系统显示程序\main.py:122] Set positions: [0, 1000, 0, 0, 0, 0]
2025-08-27T20:21:33.719667Z[INFO][C:\Users\admin\Documents\ClionProject\TactileGlove_py\本体感知系统显示程序\main.py:122] Set positions: [0, 1000, 0, 0, 0, 0]
2025-08-27T20:21:34.081854Z[INFO][C:\Users\admin\Documents\ClionProject\TactileGlove_py\本体感知系统显示程序\main.py:122] Set positions: [0, 1000, 0, 0, 0, 0]
2025-08-27T20:21:34.279778Z[INFO][C:\Users\admin\Documents\ClionProject\TactileGlove_py\本体感知系统显示程序\main.py:122] Set positions: [0, 1000, 0, 0, 0, 0]
2025-08-27T20:21:34.496533Z[INFO][C:\Users\admin\Documents\ClionProject\TactileGlove_py\本体感知系统显示程序\main.py:122] Set positions: [0, 1000, 0, 0, 0, 0]
2025-08-27T20:21:34.628481Z[INFO][C:\Users\admin\Documents\ClionProject\TactileGlove_py\本体感知系统显示程序\main.py:122] Set positions: [0, 1000, 0, 0, 0, 0]
2025-08-27T20:21:34.889741Z[INFO][C:\Users\admin\Documents\ClionProject\TactileGlove_py\本体感知系统显示程序\main.py:122] Set positions: [0, 1000, 0, 0, 0, 0]
2025-08-27T20:21:35.098992Z[INFO][C:\Users\admin\Documents\ClionProject\TactileGlove_py\本体感知系统显示程序\main.py:122] Set positions: [0, 1000, 0, 0, 0, 0]
2025-08-27T20:21:35.313887Z[INFO][C:\Users\admin\Documents\ClionProject\TactileGlove_py\本体感知系统显示程序\main.py:122] Set positions: [0, 1000, 0, 0, 0, 0]
2025-08-27T20:21:35.497636Z[INFO][C:\Users\admin\Documents\ClionProject\TactileGlove_py\本体感知系统显示程序\main.py:122] Set positions: [0, 1000, 0, 0, 0, 0]
2025-08-27T20:21:35.664888Z[INFO][C:\Users\admin\Documents\ClionProject\TactileGlove_py\本体感知系统显示程序\main.py:122] Set positions: [0, 1000, 0, 0, 0, 0]
2025-08-27T20:21:35.862300Z[INFO][C:\Users\admin\Documents\ClionProject\TactileGlove_py\本体感知系统显示程序\main.py:122] Set positions: [0, 1000, 0, 0, 0, 0]
2025-08-27T20:21:36.119859Z[INFO][C:\Users\admin\Documents\ClionProject\TactileGlove_py\本体感知系统显示程序\main.py:122] Set positions: [19, 1000, 0, 0, 0, 0]
2025-08-27T20:21:36.332232Z[INFO][C:\Users\admin\Documents\ClionProject\TactileGlove_py\本体感知系统显示程序\main.py:122] Set positions: [25, 1000, 0, 0, 0, 0]
2025-08-27T20:21:36.469324Z[INFO][C:\Users\admin\Documents\ClionProject\TactileGlove_py\本体感知系统显示程序\main.py:122] Set positions: [16, 1000, 0, 0, 0, 0]
2025-08-27T20:21:36.636731Z[INFO][C:\Users\admin\Documents\ClionProject\TactileGlove_py\本体感知系统显示程序\main.py:122] Set positions: [8, 1000, 0, 0, 0, 0]
2025-08-27T20:21:36.774710Z[INFO][C:\Users\admin\Documents\ClionProject\TactileGlove_py\本体感知系统显示程序\main.py:122] Set positions: [0, 1000, 0, 0, 0, 0]
2025-08-27T20:21:36.987774Z[INFO][C:\Users\admin\Documents\ClionProject\TactileGlove_py\本体感知系统显示程序\main.py:122] Set positions: [0, 1000, 0, 0, 0, 0]
2025-08-27T20:21:37.091357Z[INFO][C:\Users\admin\Documents\ClionProject\TactileGlove_py\本体感知系统显示程序\main.py:122] Set positions: [1, 1000, 0, 0, 0, 0]
2025-08-27T20:21:37.288696Z[INFO][C:\Users\admin\Documents\ClionProject\TactileGlove_py\本体感知系统显示程序\main.py:122] Set positions: [31, 1000, 0, 0, 0, 0]
2025-08-27T20:21:37.563626Z[INFO][C:\Users\admin\Documents\ClionProject\TactileGlove_py\本体感知系统显示程序\main.py:122] Set positions: [2, 1000, 0, 0, 0, 0]
2025-08-27T20:21:37.715039Z[INFO][C:\Users\admin\Documents\ClionProject\TactileGlove_py\本体感知系统显示程序\main.py:122] Set positions: [0, 1000, 0, 0, 0, 0]
2025-08-27T20:21:37.960183Z[INFO][C:\Users\admin\Documents\ClionProject\TactileGlove_py\本体感知系统显示程序\main.py:122] Set positions: [0, 1000, 0, 0, 0, 0]
2025-08-27T20:21:38.082268Z[INFO][C:\Users\admin\Documents\ClionProject\TactileGlove_py\本体感知系统显示程序\main.py:122] Set positions: [0, 1000, 0, 0, 0, 0]
2025-08-27T20:21:38.297246Z[INFO][C:\Users\admin\Documents\ClionProject\TactileGlove_py\本体感知系统显示程序\main.py:122] Set positions: [0, 1000, 0, 0, 0, 0]
2025-08-27T20:21:38.388077Z[INFO][C:\Users\admin\Documents\ClionProject\TactileGlove_py\本体感知系统显示程序\main.py:122] Set positions: [0, 1000, 0, 0, 0, 0]
2025-08-27T20:21:38.555195Z[INFO][C:\Users\admin\Documents\ClionProject\TactileGlove_py\本体感知系统显示程序\main.py:122] Set positions: [0, 1000, 0, 0, 0, 0]
2025-08-27T20:21:38.736249Z[INFO][C:\Users\admin\Documents\ClionProject\TactileGlove_py\本体感知系统显示程序\main.py:122] Set positions: [0, 1000, 0, 0, 0, 0]
2025-08-27T20:21:38.932128Z[INFO][C:\Users\admin\Documents\ClionProject\TactileGlove_py\本体感知系统显示程序\main.py:122] Set positions: [1, 1000, 0, 0, 0, 0]
2025-08-27T20:21:39.189424Z[INFO][C:\Users\admin\Documents\ClionProject\TactileGlove_py\本体感知系统显示程序\main.py:122] Set positions: [0, 1000, 0, 0, 0, 0]
2025-08-27T20:21:39.401355Z[INFO][C:\Users\admin\Documents\ClionProject\TactileGlove_py\本体感知系统显示程序\main.py:122] Set positions: [0, 1000, 0, 0, 0, 0]
2025-08-27T20:21:39.615562Z[INFO][C:\Users\admin\Documents\ClionProject\TactileGlove_py\本体感知系统显示程序\main.py:122] Set positions: [0, 1000, 0, 0, 0, 0]
2025-08-27T20:21:39.767987Z[INFO][C:\Users\admin\Documents\ClionProject\TactileGlove_py\本体感知系统显示程序\main.py:122] Set positions: [0, 1000, 0, 0, 0, 0]
2025-08-27T20:21:39.920973Z[INFO][C:\Users\admin\Documents\ClionProject\TactileGlove_py\本体感知系统显示程序\main.py:122] Set positions: [0, 1000, 0, 0, 0, 0]
2025-08-27T20:21:40.072532Z[INFO][C:\Users\admin\Documents\ClionProject\TactileGlove_py\本体感知系统显示程序\main.py:122] Set positions: [0, 1000, 0, 0, 0, 0]
2025-08-27T20:21:40.330536Z[INFO][C:\Users\admin\Documents\ClionProject\TactileGlove_py\本体感知系统显示程序\main.py:122] Set positions: [0, 1000, 0, 0, 0, 0]
2025-08-27T20:21:40.530427Z[INFO][C:\Users\admin\Documents\ClionProject\TactileGlove_py\本体感知系统显示程序\main.py:122] Set positions: [0, 1000, 0, 0, 0, 0]
2025-08-27T20:21:40.724255Z[INFO][C:\Users\admin\Documents\ClionProject\TactileGlove_py\本体感知系统显示程序\main.py:122] Set positions: [0, 1000, 0, 0, 0, 0]
2025-08-27T20:21:40.893321Z[INFO][C:\Users\admin\Documents\ClionProject\TactileGlove_py\本体感知系统显示程序\main.py:122] Set positions: [0, 1000, 0, 0, 0, 0]
2025-08-27T20:21:40.998854Z[INFO][C:\Users\admin\Documents\ClionProject\TactileGlove_py\本体感知系统显示程序\main.py:122] Set positions: [0, 1000, 0, 0, 0, 0]
2025-08-27T20:21:41.134120Z[INFO][C:\Users\admin\Documents\ClionProject\TactileGlove_py\本体感知系统显示程序\main.py:122] Set positions: [0, 1000, 0, 0, 0, 0]
2025-08-27T20:21:41.256824Z[INFO][C:\Users\admin\Documents\ClionProject\TactileGlove_py\本体感知系统显示程序\main.py:122] Set positions: [0, 1000, 0, 0, 0, 0]
2025-08-27T20:21:41.453987Z[INFO][C:\Users\admin\Documents\ClionProject\TactileGlove_py\本体感知系统显示程序\main.py:122] Set positions: [0, 1000, 0, 45, 0, 0]
2025-08-27T20:21:41.547836Z[INFO][C:\Users\admin\Documents\ClionProject\TactileGlove_py\本体感知系统显示程序\main.py:122] Set positions: [0, 1000, 0, 85, 0, 0]
2025-08-27T20:21:41.772989Z[INFO][C:\Users\admin\Documents\ClionProject\TactileGlove_py\本体感知系统显示程序\main.py:122] Set positions: [0, 1000, 0, 109, 0, 0]
2025-08-27T20:21:41.970352Z[INFO][C:\Users\admin\Documents\ClionProject\TactileGlove_py\本体感知系统显示程序\main.py:122] Set positions: [0, 1000, 0, 107, 0, 0]
2025-08-27T20:21:42.169344Z[INFO][C:\Users\admin\Documents\ClionProject\TactileGlove_py\本体感知系统显示程序\main.py:122] Set positions: [0, 1000, 0, 128, 0, 0]
2025-08-27T20:21:42.321500Z[INFO][C:\Users\admin\Documents\ClionProject\TactileGlove_py\本体感知系统显示程序\main.py:122] Set positions: [0, 1000, 0, 5, 0, 0]
2025-08-27T20:21:42.515835Z[INFO][C:\Users\admin\Documents\ClionProject\TactileGlove_py\本体感知系统显示程序\main.py:122] Set positions: [0, 1000, 0, 0, 0, 0]
2025-08-27T20:21:42.681303Z[INFO][C:\Users\admin\Documents\ClionProject\TactileGlove_py\本体感知系统显示程序\main.py:122] Set positions: [0, 1000, 0, 0, 0, 0]
2025-08-27T20:21:42.832522Z[INFO][C:\Users\admin\Documents\ClionProject\TactileGlove_py\本体感知系统显示程序\main.py:122] Set positions: [0, 1000, 0, 0, 0, 0]
2025-08-27T20:21:43.028391Z[INFO][C:\Users\admin\Documents\ClionProject\TactileGlove_py\本体感知系统显示程序\main.py:122] Set positions: [0, 1000, 0, 0, 0, 0]
2025-08-27T20:21:43.256524Z[INFO][C:\Users\admin\Documents\ClionProject\TactileGlove_py\本体感知系统显示程序\main.py:122] Set positions: [0, 1000, 0, 0, 0, 0]
2025-08-27T20:21:43.451773Z[INFO][C:\Users\admin\Documents\ClionProject\TactileGlove_py\本体感知系统显示程序\main.py:122] Set positions: [0, 1000, 0, 0, 0, 0]
2025-08-27T20:21:43.714298Z[INFO][C:\Users\admin\Documents\ClionProject\TactileGlove_py\本体感知系统显示程序\main.py:122] Set positions: [0, 1000, 0, 0, 0, 0]
2025-08-27T20:21:43.922198Z[INFO][C:\Users\admin\Documents\ClionProject\TactileGlove_py\本体感知系统显示程序\main.py:122] Set positions: [0, 1000, 0, 0, 0, 0]
2025-08-27T20:21:44.104077Z[INFO][C:\Users\admin\Documents\ClionProject\TactileGlove_py\本体感知系统显示程序\main.py:122] Set positions: [0, 1000, 0, 0, 0, 0]
2025-08-27T20:21:44.315956Z[INFO][C:\Users\admin\Documents\ClionProject\TactileGlove_py\本体感知系统显示程序\main.py:122] Set positions: [0, 1000, 0, 0, 0, 0]
2025-08-27T20:21:44.531151Z[INFO][C:\Users\admin\Documents\ClionProject\TactileGlove_py\本体感知系统显示程序\main.py:122] Set positions: [0, 1000, 0, 0, 0, 0]
2025-08-27T20:21:44.633089Z[INFO][C:\Users\admin\Documents\ClionProject\TactileGlove_py\本体感知系统显示程序\main.py:122] Set positions: [0, 1000, 0, 0, 0, 0]
2025-08-27T20:21:44.830782Z[INFO][C:\Users\admin\Documents\ClionProject\TactileGlove_py\本体感知系统显示程序\main.py:122] Set positions: [0, 1000, 0, 0, 0, 0]
2025-08-27T20:21:45.040236Z[INFO][C:\Users\admin\Documents\ClionProject\TactileGlove_py\本体感知系统显示程序\main.py:122] Set positions: [0, 1000, 0, 0, 0, 0]
2025-08-27T20:21:45.180412Z[INFO][C:\Users\admin\Documents\ClionProject\TactileGlove_py\本体感知系统显示程序\main.py:122] Set positions: [0, 1000, 0, 0, 0, 0]
2025-08-27T20:21:45.347756Z[INFO][C:\Users\admin\Documents\ClionProject\TactileGlove_py\本体感知系统显示程序\main.py:122] Set positions: [0, 1000, 0, 0, 0, 0]
2025-08-27T20:21:45.436140Z[INFO][C:\Users\admin\Documents\ClionProject\TactileGlove_py\本体感知系统显示程序\main.py:122] Set positions: [0, 1000, 0, 0, 0, 0]
2025-08-27T20:21:45.556100Z[INFO][C:\Users\admin\Documents\ClionProject\TactileGlove_py\本体感知系统显示程序\main.py:122] Set positions: [0, 1000, 0, 0, 0, 0]
2025-08-27T20:21:45.751229Z[INFO][C:\Users\admin\Documents\ClionProject\TactileGlove_py\本体感知系统显示程序\main.py:122] Set positions: [0, 1000, 0, 0, 0, 0]
2025-08-27T20:21:45.964397Z[INFO][C:\Users\admin\Documents\ClionProject\TactileGlove_py\本体感知系统显示程序\main.py:122] Set positions: [0, 1000, 0, 0, 0, 0]
2025-08-27T20:21:46.100891Z[INFO][C:\Users\admin\Documents\ClionProject\TactileGlove_py\本体感知系统显示程序\main.py:122] Set positions: [0, 1000, 0, 0, 0, 0]
2025-08-27T20:21:46.356275Z[INFO][C:\Users\admin\Documents\ClionProject\TactileGlove_py\本体感知系统显示程序\main.py:122] Set positions: [0, 1000, 0, 0, 0, 0]
2025-08-27T20:21:46.568199Z[INFO][C:\Users\admin\Documents\ClionProject\TactileGlove_py\本体感知系统显示程序\main.py:122] Set positions: [0, 1000, 0, 0, 0, 0]
2025-08-27T20:21:46.765935Z[INFO][C:\Users\admin\Documents\ClionProject\TactileGlove_py\本体感知系统显示程序\main.py:122] Set positions: [0, 1000, 0, 0, 0, 0]
2025-08-27T20:21:46.979943Z[INFO][C:\Users\admin\Documents\ClionProject\TactileGlove_py\本体感知系统显示程序\main.py:122] Set positions: [0, 1000, 0, 0, 0, 0]
2025-08-27T20:21:47.173559Z[INFO][C:\Users\admin\Documents\ClionProject\TactileGlove_py\本体感知系统显示程序\main.py:122] Set positions: [0, 1000, 0, 0, 0, 0]
2025-08-27T20:21:47.720809Z[INFO][C:\Users\admin\Documents\ClionProject\TactileGlove_py\本体感知系统显示程序\main.py:122] Set positions: [0, 1000, 0, 0, 0, 0]
2025-08-27T20:21:47.883826Z[INFO][C:\Users\admin\Documents\ClionProject\TactileGlove_py\本体感知系统显示程序\main.py:122] Set positions: [0, 1000, 0, 0, 0, 0]
2025-08-27T20:21:48.113592Z[INFO][C:\Users\admin\Documents\ClionProject\TactileGlove_py\本体感知系统显示程序\main.py:122] Set positions: [0, 1000, 0, 0, 0, 0]
2025-08-27T20:21:48.263593Z[INFO][C:\Users\admin\Documents\ClionProject\TactileGlove_py\本体感知系统显示程序\main.py:122] Set positions: [0, 1000, 0, 0, 0, 0]
2025-08-27T20:21:48.480711Z[INFO][C:\Users\admin\Documents\ClionProject\TactileGlove_py\本体感知系统显示程序\main.py:122] Set positions: [0, 1000, 0, 0, 0, 0]
2025-08-27T20:21:48.673262Z[INFO][C:\Users\admin\Documents\ClionProject\TactileGlove_py\本体感知系统显示程序\main.py:122] Set positions: [0, 1000, 0, 0, 0, 0]
2025-08-27T20:21:48.918025Z[INFO][C:\Users\admin\Documents\ClionProject\TactileGlove_py\本体感知系统显示程序\main.py:122] Set positions: [0, 1000, 0, 0, 0, 0]
2025-08-27T20:21:49.082843Z[INFO][C:\Users\admin\Documents\ClionProject\TactileGlove_py\本体感知系统显示程序\main.py:122] Set positions: [0, 1000, 0, 0, 0, 0]
2025-08-27T20:21:49.357103Z[INFO][C:\Users\admin\Documents\ClionProject\TactileGlove_py\本体感知系统显示程序\main.py:122] Set positions: [0, 1000, 0, 0, 0, 0]
2025-08-27T20:21:49.524774Z[INFO][C:\Users\admin\Documents\ClionProject\TactileGlove_py\本体感知系统显示程序\main.py:122] Set positions: [0, 1000, 0, 0, 0, 0]
2025-08-27T20:21:49.696803Z[INFO][C:\Users\admin\Documents\ClionProject\TactileGlove_py\本体感知系统显示程序\main.py:122] Set positions: [0, 1000, 0, 0, 0, 0]
2025-08-27T20:21:49.904668Z[INFO][C:\Users\admin\Documents\ClionProject\TactileGlove_py\本体感知系统显示程序\main.py:122] Set positions: [0, 1000, 0, 0, 0, 0]
2025-08-27T20:21:50.160969Z[INFO][C:\Users\admin\Documents\ClionProject\TactileGlove_py\本体感知系统显示程序\main.py:122] Set positions: [0, 1000, 0, 0, 0, 16]
2025-08-27T20:21:50.296865Z[INFO][C:\Users\admin\Documents\ClionProject\TactileGlove_py\本体感知系统显示程序\main.py:122] Set positions: [0, 1000, 0, 0, 17, 34]
2025-08-27T20:21:50.463580Z[INFO][C:\Users\admin\Documents\ClionProject\TactileGlove_py\本体感知系统显示程序\main.py:122] Set positions: [0, 1000, 0, 0, 38, 76]
2025-08-27T20:21:50.599979Z[INFO][C:\Users\admin\Documents\ClionProject\TactileGlove_py\本体感知系统显示程序\main.py:122] Set positions: [14, 1000, 12, 0, 16, 68]
2025-08-27T20:21:50.768152Z[INFO][C:\Users\admin\Documents\ClionProject\TactileGlove_py\本体感知系统显示程序\main.py:122] Set positions: [27, 1000, 28, 0, 5, 51]
2025-08-27T20:21:50.963511Z[INFO][C:\Users\admin\Documents\ClionProject\TactileGlove_py\本体感知系统显示程序\main.py:122] Set positions: [89, 1000, 88, 0, 20, 61]
2025-08-27T20:21:51.180628Z[INFO][C:\Users\admin\Documents\ClionProject\TactileGlove_py\本体感知系统显示程序\main.py:122] Set positions: [203, 1000, 201, 79, 45, 85]
2025-08-27T20:21:51.406698Z[INFO][C:\Users\admin\Documents\ClionProject\TactileGlove_py\本体感知系统显示程序\main.py:122] Set positions: [279, 1000, 275, 141, 63, 108]
2025-08-27T20:21:51.540934Z[INFO][C:\Users\admin\Documents\ClionProject\TactileGlove_py\本体感知系统显示程序\main.py:122] Set positions: [282, 1000, 274, 144, 64, 112]
2025-08-27T20:21:51.788188Z[INFO][C:\Users\admin\Documents\ClionProject\TactileGlove_py\本体感知系统显示程序\main.py:122] Set positions: [113, 1000, 133, 50, 22, 73]
2025-08-27T20:21:51.878816Z[INFO][C:\Users\admin\Documents\ClionProject\TactileGlove_py\本体感知系统显示程序\main.py:122] Set positions: [67, 1000, 32, 0, 26, 53]
2025-08-27T20:21:52.050644Z[INFO][C:\Users\admin\Documents\ClionProject\TactileGlove_py\本体感知系统显示程序\main.py:122] Set positions: [13, 1000, 0, 0, 23, 50]
2025-08-27T20:21:52.198876Z[INFO][C:\Users\admin\Documents\ClionProject\TactileGlove_py\本体感知系统显示程序\main.py:122] Set positions: [26, 1000, 8, 0, 12, 49]
2025-08-27T20:21:52.408239Z[INFO][C:\Users\admin\Documents\ClionProject\TactileGlove_py\本体感知系统显示程序\main.py:122] Set positions: [177, 1000, 140, 62, 40, 76]
2025-08-27T20:21:52.622253Z[INFO][C:\Users\admin\Documents\ClionProject\TactileGlove_py\本体感知系统显示程序\main.py:122] Set positions: [372, 1000, 318, 195, 92, 136]
2025-08-27T20:21:52.805620Z[INFO][C:\Users\admin\Documents\ClionProject\TactileGlove_py\本体感知系统显示程序\main.py:122] Set positions: [459, 1000, 375, 222, 118, 166]
2025-08-27T20:21:52.973051Z[INFO][C:\Users\admin\Documents\ClionProject\TactileGlove_py\本体感知系统显示程序\main.py:122] Set positions: [464, 1000, 374, 219, 119, 168]
2025-08-27T20:21:53.185507Z[INFO][C:\Users\admin\Documents\ClionProject\TactileGlove_py\本体感知系统显示程序\main.py:122] Set positions: [450, 1000, 360, 210, 115, 163]
2025-08-27T20:21:53.365953Z[INFO][C:\Users\admin\Documents\ClionProject\TactileGlove_py\本体感知系统显示程序\main.py:122] Set positions: [240, 1000, 212, 129, 52, 93]
2025-08-27T20:21:53.488256Z[INFO][C:\Users\admin\Documents\ClionProject\TactileGlove_py\本体感知系统显示程序\main.py:122] Set positions: [121, 1000, 100, 47, 20, 58]
2025-08-27T20:21:53.747643Z[INFO][C:\Users\admin\Documents\ClionProject\TactileGlove_py\本体感知系统显示程序\main.py:122] Set positions: [45, 1000, 10, 0, 8, 37]
2025-08-27T20:21:53.940737Z[INFO][C:\Users\admin\Documents\ClionProject\TactileGlove_py\本体感知系统显示程序\main.py:122] Set positions: [33, 1000, 5, 0, 2, 36]
2025-08-27T20:21:54.138142Z[INFO][C:\Users\admin\Documents\ClionProject\TactileGlove_py\本体感知系统显示程序\main.py:122] Set positions: [270, 1000, 210, 109, 62, 94]
2025-08-27T20:21:54.366635Z[INFO][C:\Users\admin\Documents\ClionProject\TactileGlove_py\本体感知系统显示程序\main.py:122] Set positions: [453, 1000, 357, 206, 115, 157]
2025-08-27T20:21:54.597270Z[INFO][C:\Users\admin\Documents\ClionProject\TactileGlove_py\本体感知系统显示程序\main.py:122] Set positions: [490, 1000, 382, 217, 126, 172]
2025-08-27T20:21:54.764315Z[INFO][C:\Users\admin\Documents\ClionProject\TactileGlove_py\本体感知系统显示程序\main.py:122] Set positions: [491, 1000, 379, 214, 126, 173]
2025-08-27T20:21:54.956799Z[INFO][C:\Users\admin\Documents\ClionProject\TactileGlove_py\本体感知系统显示程序\main.py:122] Set positions: [486, 1000, 373, 210, 124, 171]
2025-08-27T20:21:55.183753Z[INFO][C:\Users\admin\Documents\ClionProject\TactileGlove_py\本体感知系统显示程序\main.py:122] Set positions: [452, 1000, 343, 193, 114, 159]
2025-08-27T20:21:55.363874Z[INFO][C:\Users\admin\Documents\ClionProject\TactileGlove_py\本体感知系统显示程序\main.py:122] Set positions: [213, 1000, 171, 93, 43, 78]
2025-08-27T20:21:55.530732Z[INFO][C:\Users\admin\Documents\ClionProject\TactileGlove_py\本体感知系统显示程序\main.py:122] Set positions: [80, 1000, 52, 0, 8, 43]
2025-08-27T20:21:55.682525Z[INFO][C:\Users\admin\Documents\ClionProject\TactileGlove_py\本体感知系统显示程序\main.py:122] Set positions: [68, 1000, 38, 0, 6, 42]
2025-08-27T20:21:55.803649Z[INFO][C:\Users\admin\Documents\ClionProject\TactileGlove_py\本体感知系统显示程序\main.py:122] Set positions: [54, 1000, 38, 0, 12, 63]
2025-08-27T20:21:56.001121Z[INFO][C:\Users\admin\Documents\ClionProject\TactileGlove_py\本体感知系统显示程序\main.py:122] Set positions: [27, 1000, 1, 0, 21, 74]
2025-08-27T20:21:56.197697Z[INFO][C:\Users\admin\Documents\ClionProject\TactileGlove_py\本体感知系统显示程序\main.py:122] Set positions: [0, 1000, 0, 0, 0, 19]
2025-08-27T20:21:56.349435Z[INFO][C:\Users\admin\Documents\ClionProject\TactileGlove_py\本体感知系统显示程序\main.py:122] Set positions: [0, 1000, 0, 0, 0, 4]
2025-08-27T20:21:56.580563Z[INFO][C:\Users\admin\Documents\ClionProject\TactileGlove_py\本体感知系统显示程序\main.py:122] Set positions: [0, 1000, 0, 0, 0, 3]
2025-08-27T20:21:56.804446Z[INFO][C:\Users\admin\Documents\ClionProject\TactileGlove_py\本体感知系统显示程序\main.py:122] Set positions: [0, 1000, 0, 0, 0, 7]
2025-08-27T20:21:56.925176Z[INFO][C:\Users\admin\Documents\ClionProject\TactileGlove_py\本体感知系统显示程序\main.py:122] Set positions: [35, 1000, 0, 0, 5, 47]
2025-08-27T20:21:57.121872Z[INFO][C:\Users\admin\Documents\ClionProject\TactileGlove_py\本体感知系统显示程序\main.py:122] Set positions: [93, 1000, 0, 0, 61, 89]
2025-08-27T20:21:57.256753Z[INFO][C:\Users\admin\Documents\ClionProject\TactileGlove_py\本体感知系统显示程序\main.py:122] Set positions: [87, 1000, 101, 46, 139, 226]
2025-08-27T20:21:57.530653Z[INFO][C:\Users\admin\Documents\ClionProject\TactileGlove_py\本体感知系统显示程序\main.py:122] Set positions: [112, 1000, 128, 21, 92, 161]
2025-08-27T20:21:57.739048Z[INFO][C:\Users\admin\Documents\ClionProject\TactileGlove_py\本体感知系统显示程序\main.py:122] Set positions: [150, 1000, 100, 16, 58, 96]
2025-08-27T20:21:57.937021Z[INFO][C:\Users\admin\Documents\ClionProject\TactileGlove_py\本体感知系统显示程序\main.py:122] Set positions: [244, 1000, 174, 74, 67, 101]
2025-08-27T20:21:58.136617Z[INFO][C:\Users\admin\Documents\ClionProject\TactileGlove_py\本体感知系统显示程序\main.py:122] Set positions: [419, 1000, 339, 162, 116, 156]
2025-08-27T20:21:58.257053Z[INFO][C:\Users\admin\Documents\ClionProject\TactileGlove_py\本体感知系统显示程序\main.py:122] Set positions: [466, 1000, 375, 176, 126, 168]
2025-08-27T20:21:58.392359Z[INFO][C:\Users\admin\Documents\ClionProject\TactileGlove_py\本体感知系统显示程序\main.py:122] Set positions: [475, 1000, 377, 177, 126, 167]
2025-08-27T20:21:58.606910Z[INFO][C:\Users\admin\Documents\ClionProject\TactileGlove_py\本体感知系统显示程序\main.py:122] Set positions: [330, 1000, 266, 133, 88, 129]
2025-08-27T20:21:58.863707Z[INFO][C:\Users\admin\Documents\ClionProject\TactileGlove_py\本体感知系统显示程序\main.py:122] Set positions: [113, 1000, 71, 13, 35, 70]
2025-08-27T20:21:58.969130Z[INFO][C:\Users\admin\Documents\ClionProject\TactileGlove_py\本体感知系统显示程序\main.py:122] Set positions: [40, 1000, 29, 0, 23, 63]
2025-08-27T20:21:59.121227Z[INFO][C:\Users\admin\Documents\ClionProject\TactileGlove_py\本体感知系统显示程序\main.py:122] Set positions: [0, 1000, 5, 0, 15, 61]
2025-08-27T20:21:59.376961Z[INFO][C:\Users\admin\Documents\ClionProject\TactileGlove_py\本体感知系统显示程序\main.py:122] Set positions: [0, 1000, 0, 0, 10, 57]
2025-08-27T20:21:59.574258Z[INFO][C:\Users\admin\Documents\ClionProject\TactileGlove_py\本体感知系统显示程序\main.py:122] Set positions: [216, 1000, 89, 23, 58, 79]
2025-08-27T20:21:59.740882Z[INFO][C:\Users\admin\Documents\ClionProject\TactileGlove_py\本体感知系统显示程序\main.py:122] Set positions: [386, 1000, 95, 35, 110, 83]
2025-08-27T20:21:59.832149Z[INFO][C:\Users\admin\Documents\ClionProject\TactileGlove_py\本体感知系统显示程序\main.py:122] Set positions: [359, 1000, 45, 0, 118, 69]
2025-08-27T20:22:00.089701Z[INFO][C:\Users\admin\Documents\ClionProject\TactileGlove_py\本体感知系统显示程序\main.py:122] Set positions: [104, 1000, 0, 0, 62, 61]
2025-08-27T20:22:00.240930Z[INFO][C:\Users\admin\Documents\ClionProject\TactileGlove_py\本体感知系统显示程序\main.py:122] Set positions: [349, 1000, 0, 0, 128, 61]
2025-08-27T20:22:00.485322Z[INFO][C:\Users\admin\Documents\ClionProject\TactileGlove_py\本体感知系统显示程序\main.py:122] Set positions: [456, 1000, 5, 0, 151, 70]
2025-08-27T20:22:00.700151Z[INFO][C:\Users\admin\Documents\ClionProject\TactileGlove_py\本体感知系统显示程序\main.py:122] Set positions: [457, 1000, 10, 0, 143, 68]
2025-08-27T20:22:00.909634Z[INFO][C:\Users\admin\Documents\ClionProject\TactileGlove_py\本体感知系统显示程序\main.py:122] Set positions: [62, 1000, 0, 0, 22, 49]
2025-08-27T20:22:01.064015Z[INFO][C:\Users\admin\Documents\ClionProject\TactileGlove_py\本体感知系统显示程序\main.py:122] Set positions: [0, 1000, 0, 0, 14, 57]
2025-08-27T20:22:01.306366Z[INFO][C:\Users\admin\Documents\ClionProject\TactileGlove_py\本体感知系统显示程序\main.py:122] Set positions: [134, 1000, 78, 19, 29, 68]
2025-08-27T20:22:01.517666Z[INFO][C:\Users\admin\Documents\ClionProject\TactileGlove_py\本体感知系统显示程序\main.py:122] Set positions: [301, 1000, 187, 91, 78, 116]
2025-08-27T20:22:01.716280Z[INFO][C:\Users\admin\Documents\ClionProject\TactileGlove_py\本体感知系统显示程序\main.py:122] Set positions: [175, 1000, 98, 34, 59, 90]
2025-08-27T20:22:01.837460Z[INFO][C:\Users\admin\Documents\ClionProject\TactileGlove_py\本体感知系统显示程序\main.py:122] Set positions: [114, 1000, 18, 0, 111, 81]
2025-08-27T20:22:01.971971Z[INFO][C:\Users\admin\Documents\ClionProject\TactileGlove_py\本体感知系统显示程序\main.py:122] Set positions: [104, 1000, 6, 0, 116, 79]
2025-08-27T20:22:02.170480Z[INFO][C:\Users\admin\Documents\ClionProject\TactileGlove_py\本体感知系统显示程序\main.py:122] Set positions: [92, 1000, 5, 0, 84, 71]
2025-08-27T20:22:02.506505Z[INFO][C:\Users\admin\Documents\ClionProject\TactileGlove_py\本体感知系统显示程序\main.py:122] Set positions: [85, 1000, 0, 0, 73, 65]
2025-08-27T20:22:02.592059Z[INFO][C:\Users\admin\Documents\ClionProject\TactileGlove_py\本体感知系统显示程序\main.py:122] Set positions: [106, 1000, 0, 0, 100, 65]
2025-08-27T20:22:02.700477Z[INFO][C:\Users\admin\Documents\ClionProject\TactileGlove_py\本体感知系统显示程序\main.py:122] Set positions: [119, 1000, 0, 0, 106, 67]
2025-08-27T20:22:02.958568Z[INFO][C:\Users\admin\Documents\ClionProject\TactileGlove_py\本体感知系统显示程序\main.py:122] Set positions: [115, 1000, 0, 0, 87, 61]
2025-08-27T20:22:03.116272Z[INFO][C:\Users\admin\Documents\ClionProject\TactileGlove_py\本体感知系统显示程序\main.py:122] Set positions: [79, 1000, 0, 0, 54, 57]
2025-08-27T20:22:03.354759Z[INFO][C:\Users\admin\Documents\ClionProject\TactileGlove_py\本体感知系统显示程序\main.py:122] Set positions: [0, 1000, 0, 0, 62, 87]
2025-08-27T20:22:03.567216Z[INFO][C:\Users\admin\Documents\ClionProject\TactileGlove_py\本体感知系统显示程序\main.py:122] Set positions: [0, 1000, 0, 0, 29, 73]
2025-08-27T20:22:03.764642Z[INFO][C:\Users\admin\Documents\ClionProject\TactileGlove_py\本体感知系统显示程序\main.py:122] Set positions: [0, 1000, 3, 0, 0, 65]
2025-08-27T20:22:03.975977Z[INFO][C:\Users\admin\Documents\ClionProject\TactileGlove_py\本体感知系统显示程序\main.py:122] Set positions: [0, 1000, 0, 0, 173, 117]
2025-08-27T20:22:04.188022Z[INFO][C:\Users\admin\Documents\ClionProject\TactileGlove_py\本体感知系统显示程序\main.py:122] Set positions: [0, 1000, 0, 0, 137, 108]
2025-08-27T20:22:04.324474Z[INFO][C:\Users\admin\Documents\ClionProject\TactileGlove_py\本体感知系统显示程序\main.py:122] Set positions: [0, 1000, 0, 0, 0, 18]
2025-08-27T20:22:04.552483Z[INFO][C:\Users\admin\Documents\ClionProject\TactileGlove_py\本体感知系统显示程序\main.py:122] Set positions: [0, 1000, 0, 0, 127, 78]
2025-08-27T20:22:04.703493Z[INFO][C:\Users\admin\Documents\ClionProject\TactileGlove_py\本体感知系统显示程序\main.py:122] Set positions: [0, 1000, 0, 0, 118, 80]
2025-08-27T20:22:04.823108Z[INFO][C:\Users\admin\Documents\ClionProject\TactileGlove_py\本体感知系统显示程序\main.py:122] Set positions: [0, 1000, 0, 0, 0, 14]
2025-08-27T20:22:05.003991Z[INFO][C:\Users\admin\Documents\ClionProject\TactileGlove_py\本体感知系统显示程序\main.py:122] Set positions: [0, 1000, 0, 0, 0, 2]
2025-08-27T20:22:05.217437Z[INFO][C:\Users\admin\Documents\ClionProject\TactileGlove_py\本体感知系统显示程序\main.py:122] Set positions: [0, 1000, 0, 0, 112, 104]
2025-08-27T20:22:05.321648Z[INFO][C:\Users\admin\Documents\ClionProject\TactileGlove_py\本体感知系统显示程序\main.py:122] Set positions: [0, 1000, 0, 0, 147, 119]
2025-08-27T20:22:05.551176Z[INFO][C:\Users\admin\Documents\ClionProject\TactileGlove_py\本体感知系统显示程序\main.py:122] Set positions: [0, 1000, 0, 0, 142, 113]
2025-08-27T20:22:05.657391Z[INFO][C:\Users\admin\Documents\ClionProject\TactileGlove_py\本体感知系统显示程序\main.py:122] Set positions: [0, 1000, 0, 0, 0, 13]
2025-08-27T20:22:05.915547Z[INFO][C:\Users\admin\Documents\ClionProject\TactileGlove_py\本体感知系统显示程序\main.py:122] Set positions: [36, 1000, 1, 0, 0, 30]
2025-08-27T20:22:06.037475Z[INFO][C:\Users\admin\Documents\ClionProject\TactileGlove_py\本体感知系统显示程序\main.py:122] Set positions: [192, 1000, 109, 36, 47, 82]
2025-08-27T20:22:06.234208Z[INFO][C:\Users\admin\Documents\ClionProject\TactileGlove_py\本体感知系统显示程序\main.py:122] Set positions: [297, 1000, 194, 96, 78, 111]
2025-08-27T20:22:06.370936Z[INFO][C:\Users\admin\Documents\ClionProject\TactileGlove_py\本体感知系统显示程序\main.py:122] Set positions: [411, 1000, 282, 164, 113, 149]
2025-08-27T20:22:06.481159Z[INFO][C:\Users\admin\Documents\ClionProject\TactileGlove_py\本体感知系统显示程序\main.py:122] Set positions: [441, 1000, 303, 174, 123, 161]
2025-08-27T20:22:06.704698Z[INFO][C:\Users\admin\Documents\ClionProject\TactileGlove_py\本体感知系统显示程序\main.py:122] Set positions: [461, 1000, 311, 179, 129, 168]
2025-08-27T20:22:06.839660Z[INFO][C:\Users\admin\Documents\ClionProject\TactileGlove_py\本体感知系统显示程序\main.py:122] Set positions: [458, 1000, 308, 178, 128, 168]
2025-08-27T20:22:06.932168Z[INFO][C:\Users\admin\Documents\ClionProject\TactileGlove_py\本体感知系统显示程序\main.py:122] Set positions: [239, 1000, 171, 113, 59, 104]
2025-08-27T20:22:07.144015Z[INFO][C:\Users\admin\Documents\ClionProject\TactileGlove_py\本体感知系统显示程序\main.py:122] Set positions: [59, 1000, 20, 2, 22, 58]
2025-08-27T20:22:07.373058Z[INFO][C:\Users\admin\Documents\ClionProject\TactileGlove_py\本体感知系统显示程序\main.py:122] Set positions: [0, 1000, 0, 0, 20, 57]
2025-08-27T20:22:07.555540Z[INFO][C:\Users\admin\Documents\ClionProject\TactileGlove_py\本体感知系统显示程序\main.py:122] Set positions: [0, 1000, 0, 0, 37, 72]
2025-08-27T20:22:07.768943Z[INFO][C:\Users\admin\Documents\ClionProject\TactileGlove_py\本体感知系统显示程序\main.py:122] Set positions: [153, 1000, 83, 46, 45, 90]
2025-08-27T20:22:07.966453Z[INFO][C:\Users\admin\Documents\ClionProject\TactileGlove_py\本体感知系统显示程序\main.py:122] Set positions: [431, 1000, 298, 196, 126, 171]
2025-08-27T20:22:08.164998Z[INFO][C:\Users\admin\Documents\ClionProject\TactileGlove_py\本体感知系统显示程序\main.py:122] Set positions: [475, 1000, 330, 215, 139, 187]
2025-08-27T20:22:08.331956Z[INFO][C:\Users\admin\Documents\ClionProject\TactileGlove_py\本体感知系统显示程序\main.py:122] Set positions: [472, 1000, 325, 211, 138, 187]
2025-08-27T20:22:08.436896Z[INFO][C:\Users\admin\Documents\ClionProject\TactileGlove_py\本体感知系统显示程序\main.py:122] Set positions: [457, 1000, 311, 203, 132, 182]
2025-08-27T20:22:08.542353Z[INFO][C:\Users\admin\Documents\ClionProject\TactileGlove_py\本体感知系统显示程序\main.py:122] Set positions: [313, 1000, 209, 153, 82, 131]
2025-08-27T20:22:08.799451Z[INFO][C:\Users\admin\Documents\ClionProject\TactileGlove_py\本体感知系统显示程序\main.py:122] Set positions: [12, 1000, 6, 5, 25, 65]
2025-08-27T20:22:08.998105Z[INFO][C:\Users\admin\Documents\ClionProject\TactileGlove_py\本体感知系统显示程序\main.py:122] Set positions: [0, 1000, 0, 0, 15, 57]
2025-08-27T20:22:09.150471Z[INFO][C:\Users\admin\Documents\ClionProject\TactileGlove_py\本体感知系统显示程序\main.py:122] Set positions: [0, 1000, 0, 0, 7, 51]
2025-08-27T20:22:09.365095Z[INFO][C:\Users\admin\Documents\ClionProject\TactileGlove_py\本体感知系统显示程序\main.py:122] Set positions: [224, 1000, 145, 91, 64, 113]
2025-08-27T20:22:09.542237Z[INFO][C:\Users\admin\Documents\ClionProject\TactileGlove_py\本体感知系统显示程序\main.py:122] Set positions: [430, 1000, 305, 194, 127, 179]
2025-08-27T20:22:09.707817Z[INFO][C:\Users\admin\Documents\ClionProject\TactileGlove_py\本体感知系统显示程序\main.py:122] Set positions: [441, 1000, 311, 197, 130, 183]
2025-08-27T20:22:09.831297Z[INFO][C:\Users\admin\Documents\ClionProject\TactileGlove_py\本体感知系统显示程序\main.py:122] Set positions: [451, 1000, 318, 202, 133, 187]
2025-08-27T20:22:10.025238Z[INFO][C:\Users\admin\Documents\ClionProject\TactileGlove_py\本体感知系统显示程序\main.py:122] Set positions: [448, 1000, 317, 201, 132, 187]
2025-08-27T20:22:10.191845Z[INFO][C:\Users\admin\Documents\ClionProject\TactileGlove_py\本体感知系统显示程序\main.py:122] Set positions: [173, 1000, 126, 104, 44, 96]
2025-08-27T20:22:10.509290Z[INFO][C:\Users\admin\Documents\ClionProject\TactileGlove_py\本体感知系统显示程序\main.py:122] Set positions: [21, 1000, 0, 0, 22, 56]
2025-08-27T20:22:10.675201Z[INFO][C:\Users\admin\Documents\ClionProject\TactileGlove_py\本体感知系统显示程序\main.py:122] Set positions: [4, 1000, 0, 0, 17, 49]
2025-08-27T20:22:10.886524Z[INFO][C:\Users\admin\Documents\ClionProject\TactileGlove_py\本体感知系统显示程序\main.py:122] Set positions: [8, 1000, 0, 0, 14, 52]
2025-08-27T20:22:11.097430Z[INFO][C:\Users\admin\Documents\ClionProject\TactileGlove_py\本体感知系统显示程序\main.py:122] Set positions: [83, 1000, 31, 17, 20, 69]
2025-08-27T20:22:11.355829Z[INFO][C:\Users\admin\Documents\ClionProject\TactileGlove_py\本体感知系统显示程序\main.py:122] Set positions: [139, 1000, 75, 59, 33, 82]
2025-08-27T20:22:11.448357Z[INFO][C:\Users\admin\Documents\ClionProject\TactileGlove_py\本体感知系统显示程序\main.py:122] Set positions: [150, 1000, 78, 62, 34, 84]
2025-08-27T20:22:11.658364Z[INFO][C:\Users\admin\Documents\ClionProject\TactileGlove_py\本体感知系统显示程序\main.py:122] Set positions: [165, 1000, 88, 70, 39, 88]
2025-08-27T20:22:11.868934Z[INFO][C:\Users\admin\Documents\ClionProject\TactileGlove_py\本体感知系统显示程序\main.py:122] Set positions: [192, 1000, 105, 82, 45, 94]
2025-08-27T20:22:11.990953Z[INFO][C:\Users\admin\Documents\ClionProject\TactileGlove_py\本体感知系统显示程序\main.py:122] Set positions: [221, 1000, 124, 97, 53, 101]
2025-08-27T20:22:12.218061Z[INFO][C:\Users\admin\Documents\ClionProject\TactileGlove_py\本体感知系统显示程序\main.py:122] Set positions: [278, 1000, 164, 127, 71, 117]
2025-08-27T20:22:12.431522Z[INFO][C:\Users\admin\Documents\ClionProject\TactileGlove_py\本体感知系统显示程序\main.py:122] Set positions: [343, 1000, 220, 166, 93, 139]
2025-08-27T20:22:12.670479Z[INFO][C:\Users\admin\Documents\ClionProject\TactileGlove_py\本体感知系统显示程序\main.py:122] Set positions: [368, 1000, 239, 177, 100, 147]
2025-08-27T20:22:12.781936Z[INFO][C:\Users\admin\Documents\ClionProject\TactileGlove_py\本体感知系统显示程序\main.py:122] Set positions: [398, 1000, 257, 187, 109, 155]
2025-08-27T20:22:12.990354Z[INFO][C:\Users\admin\Documents\ClionProject\TactileGlove_py\本体感知系统显示程序\main.py:122] Set positions: [396, 1000, 256, 186, 109, 155]
2025-08-27T20:22:13.291390Z[INFO][C:\Users\admin\Documents\ClionProject\TactileGlove_py\本体感知系统显示程序\main.py:122] Set positions: [395, 1000, 255, 185, 108, 154]
2025-08-27T20:22:13.521628Z[INFO][C:\Users\admin\Documents\ClionProject\TactileGlove_py\本体感知系统显示程序\main.py:122] Set positions: [392, 1000, 253, 184, 107, 153]
2025-08-27T20:22:13.654568Z[INFO][C:\Users\admin\Documents\ClionProject\TactileGlove_py\本体感知系统显示程序\main.py:122] Set positions: [68, 1000, 21, 14, 15, 52]
2025-08-27T20:22:13.866606Z[INFO][C:\Users\admin\Documents\ClionProject\TactileGlove_py\本体感知系统显示程序\main.py:122] Set positions: [0, 1000, 0, 0, 2, 39]
2025-08-27T20:22:14.125430Z[INFO][C:\Users\admin\Documents\ClionProject\TactileGlove_py\本体感知系统显示程序\main.py:122] Set positions: [0, 1000, 0, 0, 0, 34]
2025-08-27T20:22:14.308573Z[INFO][C:\Users\admin\Documents\ClionProject\TactileGlove_py\本体感知系统显示程序\main.py:122] Set positions: [0, 1000, 0, 0, 0, 35]
2025-08-27T20:22:14.432518Z[INFO][C:\Users\admin\Documents\ClionProject\TactileGlove_py\本体感知系统显示程序\main.py:122] Set positions: [211, 1000, 137, 90, 50, 91]
2025-08-27T20:22:14.567648Z[INFO][C:\Users\admin\Documents\ClionProject\TactileGlove_py\本体感知系统显示程序\main.py:122] Set positions: [366, 1000, 256, 166, 98, 143]
2025-08-27T20:22:14.735271Z[INFO][C:\Users\admin\Documents\ClionProject\TactileGlove_py\本体感知系统显示程序\main.py:122] Set positions: [391, 1000, 271, 172, 106, 151]
2025-08-27T20:22:14.831850Z[INFO][C:\Users\admin\Documents\ClionProject\TactileGlove_py\本体感知系统显示程序\main.py:122] Set positions: [396, 1000, 273, 174, 107, 153]
2025-08-27T20:22:14.917195Z[INFO][C:\Users\admin\Documents\ClionProject\TactileGlove_py\本体感知系统显示程序\main.py:122] Set positions: [391, 1000, 269, 172, 106, 152]
2025-08-27T20:22:15.145567Z[INFO][C:\Users\admin\Documents\ClionProject\TactileGlove_py\本体感知系统显示程序\main.py:122] Set positions: [350, 1000, 242, 161, 90, 138]
2025-08-27T20:22:15.299258Z[INFO][C:\Users\admin\Documents\ClionProject\TactileGlove_py\本体感知系统显示程序\main.py:122] Set positions: [29, 1000, 0, 0, 5, 41]
2025-08-27T20:22:15.571466Z[INFO][C:\Users\admin\Documents\ClionProject\TactileGlove_py\本体感知系统显示程序\main.py:122] Set positions: [0, 1000, 0, 0, 0, 26]
2025-08-27T20:22:15.771176Z[INFO][C:\Users\admin\Documents\ClionProject\TactileGlove_py\本体感知系统显示程序\main.py:122] Set positions: [62, 1000, 18, 0, 6, 50]
2025-08-27T20:22:15.967321Z[INFO][C:\Users\admin\Documents\ClionProject\TactileGlove_py\本体感知系统显示程序\main.py:122] Set positions: [306, 1000, 200, 114, 84, 127]
2025-08-27T20:22:16.116116Z[INFO][C:\Users\admin\Documents\ClionProject\TactileGlove_py\本体感知系统显示程序\main.py:122] Set positions: [413, 1000, 276, 165, 113, 158]
2025-08-27T20:22:16.357980Z[INFO][C:\Users\admin\Documents\ClionProject\TactileGlove_py\本体感知系统显示程序\main.py:122] Set positions: [419, 1000, 280, 167, 115, 160]
2025-08-27T20:22:16.523493Z[INFO][C:\Users\admin\Documents\ClionProject\TactileGlove_py\本体感知系统显示程序\main.py:122] Set positions: [411, 1000, 274, 165, 112, 159]
2025-08-27T20:22:16.676367Z[INFO][C:\Users\admin\Documents\ClionProject\TactileGlove_py\本体感知系统显示程序\main.py:122] Set positions: [406, 1000, 271, 164, 111, 157]
2025-08-27T20:22:16.799115Z[INFO][C:\Users\admin\Documents\ClionProject\TactileGlove_py\本体感知系统显示程序\main.py:122] Set positions: [335, 1000, 233, 148, 86, 136]
2025-08-27T20:22:16.982064Z[INFO][C:\Users\admin\Documents\ClionProject\TactileGlove_py\本体感知系统显示程序\main.py:122] Set positions: [164, 1000, 123, 94, 32, 83]
2025-08-27T20:22:17.193799Z[INFO][C:\Users\admin\Documents\ClionProject\TactileGlove_py\本体感知系统显示程序\main.py:122] Set positions: [34, 1000, 0, 0, 5, 41]
2025-08-27T20:22:17.478105Z[INFO][C:\Users\admin\Documents\ClionProject\TactileGlove_py\本体感知系统显示程序\main.py:122] Set positions: [6, 1000, 0, 0, 0, 35]
2025-08-27T20:22:17.707219Z[INFO][C:\Users\admin\Documents\ClionProject\TactileGlove_py\本体感知系统显示程序\main.py:122] Set positions: [328, 1000, 220, 139, 89, 132]
2025-08-27T20:22:17.856482Z[INFO][C:\Users\admin\Documents\ClionProject\TactileGlove_py\本体感知系统显示程序\main.py:122] Set positions: [441, 1000, 302, 183, 124, 171]
2025-08-27T20:22:18.111929Z[INFO][C:\Users\admin\Documents\ClionProject\TactileGlove_py\本体感知系统显示程序\main.py:122] Set positions: [457, 1000, 311, 190, 128, 178]
2025-08-27T20:22:18.263806Z[INFO][C:\Users\admin\Documents\ClionProject\TactileGlove_py\本体感知系统显示程序\main.py:122] Set positions: [454, 1000, 308, 189, 128, 177]
2025-08-27T20:22:18.475532Z[INFO][C:\Users\admin\Documents\ClionProject\TactileGlove_py\本体感知系统显示程序\main.py:122] Set positions: [284, 1000, 196, 136, 70, 119]
2025-08-27T20:22:18.611925Z[INFO][C:\Users\admin\Documents\ClionProject\TactileGlove_py\本体感知系统显示程序\main.py:122] Set positions: [94, 1000, 49, 29, 16, 59]
2025-08-27T20:22:18.782453Z[INFO][C:\Users\admin\Documents\ClionProject\TactileGlove_py\本体感知系统显示程序\main.py:122] Set positions: [0, 1000, 0, 0, 0, 25]
2025-08-27T20:22:19.034325Z[INFO][C:\Users\admin\Documents\ClionProject\TactileGlove_py\本体感知系统显示程序\main.py:122] Set positions: [0, 1000, 0, 0, 0, 10]
2025-08-27T20:22:19.247249Z[INFO][C:\Users\admin\Documents\ClionProject\TactileGlove_py\本体感知系统显示程序\main.py:122] Set positions: [0, 1000, 0, 0, 0, 34]
2025-08-27T20:22:19.458700Z[INFO][C:\Users\admin\Documents\ClionProject\TactileGlove_py\本体感知系统显示程序\main.py:122] Set positions: [326, 1000, 219, 134, 85, 127]
2025-08-27T20:22:19.640747Z[INFO][C:\Users\admin\Documents\ClionProject\TactileGlove_py\本体感知系统显示程序\main.py:122] Set positions: [470, 1000, 328, 196, 131, 181]
2025-08-27T20:22:19.853639Z[INFO][C:\Users\admin\Documents\ClionProject\TactileGlove_py\本体感知系统显示程序\main.py:122] Set positions: [487, 1000, 335, 205, 137, 190]
2025-08-27T20:22:19.990420Z[INFO][C:\Users\admin\Documents\ClionProject\TactileGlove_py\本体感知系统显示程序\main.py:122] Set positions: [483, 1000, 331, 202, 136, 189]
2025-08-27T20:22:20.157528Z[INFO][C:\Users\admin\Documents\ClionProject\TactileGlove_py\本体感知系统显示程序\main.py:122] Set positions: [464, 1000, 316, 194, 130, 183]
2025-08-27T20:22:20.355311Z[INFO][C:\Users\admin\Documents\ClionProject\TactileGlove_py\本体感知系统显示程序\main.py:122] Set positions: [187, 1000, 129, 92, 40, 87]
2025-08-27T20:22:20.490940Z[INFO][C:\Users\admin\Documents\ClionProject\TactileGlove_py\本体感知系统显示程序\main.py:122] Set positions: [10, 1000, 0, 0, 0, 34]
2025-08-27T20:22:20.671389Z[INFO][C:\Users\admin\Documents\ClionProject\TactileGlove_py\本体感知系统显示程序\main.py:122] Set positions: [0, 1000, 0, 0, 0, 22]
2025-08-27T20:22:20.824162Z[INFO][C:\Users\admin\Documents\ClionProject\TactileGlove_py\本体感知系统显示程序\main.py:122] Set positions: [0, 1000, 0, 0, 0, 18]
2025-08-27T20:22:21.038756Z[INFO][C:\Users\admin\Documents\ClionProject\TactileGlove_py\本体感知系统显示程序\main.py:122] Set positions: [0, 1000, 0, 0, 0, 21]
2025-08-27T20:22:21.173635Z[INFO][C:\Users\admin\Documents\ClionProject\TactileGlove_py\本体感知系统显示程序\main.py:122] Set positions: [0, 1000, 0, 0, 0, 24]
2025-08-27T20:22:21.387684Z[INFO][C:\Users\admin\Documents\ClionProject\TactileGlove_py\本体感知系统显示程序\main.py:122] Set positions: [0, 1000, 0, 0, 0, 21]
2025-08-27T20:22:21.596948Z[INFO][C:\Users\admin\Documents\ClionProject\TactileGlove_py\本体感知系统显示程序\main.py:122] Set positions: [25, 1000, 0, 0, 0, 40]
2025-08-27T20:22:21.782002Z[INFO][C:\Users\admin\Documents\ClionProject\TactileGlove_py\本体感知系统显示程序\main.py:122] Set positions: [219, 1000, 124, 71, 54, 99]
2025-08-27T20:22:21.917417Z[INFO][C:\Users\admin\Documents\ClionProject\TactileGlove_py\本体感知系统显示程序\main.py:122] Set positions: [419, 1000, 288, 180, 116, 165]
2025-08-27T20:22:22.053447Z[INFO][C:\Users\admin\Documents\ClionProject\TactileGlove_py\本体感知系统显示程序\main.py:122] Set positions: [467, 1000, 321, 202, 130, 183]
2025-08-27T20:22:22.203954Z[INFO][C:\Users\admin\Documents\ClionProject\TactileGlove_py\本体感知系统显示程序\main.py:122] Set positions: [472, 1000, 322, 204, 132, 185]
2025-08-27T20:22:22.415627Z[INFO][C:\Users\admin\Documents\ClionProject\TactileGlove_py\本体感知系统显示程序\main.py:122] Set positions: [465, 1000, 315, 200, 131, 184]
2025-08-27T20:22:22.624329Z[INFO][C:\Users\admin\Documents\ClionProject\TactileGlove_py\本体感知系统显示程序\main.py:122] Set positions: [417, 1000, 279, 181, 113, 167]
2025-08-27T20:22:22.822384Z[INFO][C:\Users\admin\Documents\ClionProject\TactileGlove_py\本体感知系统显示程序\main.py:122] Set positions: [107, 1000, 61, 31, 19, 65]
2025-08-27T20:22:23.019066Z[INFO][C:\Users\admin\Documents\ClionProject\TactileGlove_py\本体感知系统显示程序\main.py:122] Set positions: [17, 1000, 0, 0, 0, 35]
2025-08-27T20:22:23.232472Z[INFO][C:\Users\admin\Documents\ClionProject\TactileGlove_py\本体感知系统显示程序\main.py:122] Set positions: [0, 1000, 0, 0, 0, 23]
2025-08-27T20:22:23.383314Z[INFO][C:\Users\admin\Documents\ClionProject\TactileGlove_py\本体感知系统显示程序\main.py:122] Set positions: [72, 1000, 25, 1, 10, 52]
2025-08-27T20:22:23.519743Z[INFO][C:\Users\admin\Documents\ClionProject\TactileGlove_py\本体感知系统显示程序\main.py:122] Set positions: [244, 1000, 135, 79, 58, 98]
2025-08-27T20:22:23.642525Z[INFO][C:\Users\admin\Documents\ClionProject\TactileGlove_py\本体感知系统显示程序\main.py:122] Set positions: [319, 1000, 196, 121, 81, 122]
2025-08-27T20:22:23.782010Z[INFO][C:\Users\admin\Documents\ClionProject\TactileGlove_py\本体感知系统显示程序\main.py:122] Set positions: [313, 1000, 192, 127, 75, 119]
2025-08-27T20:22:23.989204Z[INFO][C:\Users\admin\Documents\ClionProject\TactileGlove_py\本体感知系统显示程序\main.py:122] Set positions: [62, 1000, 20, 0, 7, 46]
2025-08-27T20:22:24.201793Z[INFO][C:\Users\admin\Documents\ClionProject\TactileGlove_py\本体感知系统显示程序\main.py:122] Set positions: [245, 1000, 148, 82, 62, 103]
2025-08-27T20:22:24.415919Z[INFO][C:\Users\admin\Documents\ClionProject\TactileGlove_py\本体感知系统显示程序\main.py:122] Set positions: [177, 1000, 111, 61, 36, 82]
2025-08-27T20:22:24.658180Z[INFO][C:\Users\admin\Documents\ClionProject\TactileGlove_py\本体感知系统显示程序\main.py:122] Set positions: [61, 1000, 32, 0, 2, 48]
2025-08-27T20:22:24.870611Z[INFO][C:\Users\admin\Documents\ClionProject\TactileGlove_py\本体感知系统显示程序\main.py:122] Set positions: [247, 1000, 142, 74, 56, 98]
2025-08-27T20:22:25.066417Z[INFO][C:\Users\admin\Documents\ClionProject\TactileGlove_py\本体感知系统显示程序\main.py:122] Set positions: [45, 1000, 13, 0, 2, 44]
2025-08-27T20:22:25.276646Z[INFO][C:\Users\admin\Documents\ClionProject\TactileGlove_py\本体感知系统显示程序\main.py:122] Set positions: [234, 1000, 138, 68, 54, 95]
2025-08-27T20:22:25.432256Z[INFO][C:\Users\admin\Documents\ClionProject\TactileGlove_py\本体感知系统显示程序\main.py:122] Set positions: [52, 1000, 16, 0, 1, 40]
2025-08-27T20:22:25.643259Z[INFO][C:\Users\admin\Documents\ClionProject\TactileGlove_py\本体感知系统显示程序\main.py:122] Set positions: [233, 1000, 142, 76, 52, 92]
2025-08-27T20:22:25.749232Z[INFO][C:\Users\admin\Documents\ClionProject\TactileGlove_py\本体感知系统显示程序\main.py:122] Set positions: [107, 1000, 66, 22, 12, 57]
2025-08-27T20:22:25.870094Z[INFO][C:\Users\admin\Documents\ClionProject\TactileGlove_py\本体感知系统显示程序\main.py:122] Set positions: [48, 1000, 16, 0, 0, 40]
2025-08-27T20:22:25.992631Z[INFO][C:\Users\admin\Documents\ClionProject\TactileGlove_py\本体感知系统显示程序\main.py:122] Set positions: [178, 1000, 102, 50, 37, 74]
2025-08-27T20:22:26.204032Z[INFO][C:\Users\admin\Documents\ClionProject\TactileGlove_py\本体感知系统显示程序\main.py:122] Set positions: [175, 1000, 100, 50, 31, 73]
2025-08-27T20:22:26.416374Z[INFO][C:\Users\admin\Documents\ClionProject\TactileGlove_py\本体感知系统显示程序\main.py:122] Set positions: [199, 1000, 103, 53, 43, 77]
2025-08-27T20:22:26.599186Z[INFO][C:\Users\admin\Documents\ClionProject\TactileGlove_py\本体感知系统显示程序\main.py:122] Set positions: [250, 1000, 134, 72, 56, 93]
2025-08-27T20:22:26.804257Z[INFO][C:\Users\admin\Documents\ClionProject\TactileGlove_py\本体感知系统显示程序\main.py:122] Set positions: [81, 1000, 36, 0, 5, 46]
2025-08-27T20:22:27.018805Z[INFO][C:\Users\admin\Documents\ClionProject\TactileGlove_py\本体感知系统显示程序\main.py:122] Set positions: [10, 1000, 0, 0, 0, 21]
2025-08-27T20:22:27.233182Z[INFO][C:\Users\admin\Documents\ClionProject\TactileGlove_py\本体感知系统显示程序\main.py:122] Set positions: [3, 1000, 0, 0, 0, 12]
2025-08-27T20:22:27.426721Z[INFO][C:\Users\admin\Documents\ClionProject\TactileGlove_py\本体感知系统显示程序\main.py:122] Set positions: [12, 1000, 0, 0, 0, 9]
2025-08-27T20:22:27.627213Z[INFO][C:\Users\admin\Documents\ClionProject\TactileGlove_py\本体感知系统显示程序\main.py:122] Set positions: [16, 1000, 0, 0, 0, 6]
2025-08-27T20:22:27.732553Z[INFO][C:\Users\admin\Documents\ClionProject\TactileGlove_py\本体感知系统显示程序\main.py:122] Set positions: [11, 1000, 0, 0, 0, 10]
2025-08-27T20:22:27.943485Z[INFO][C:\Users\admin\Documents\ClionProject\TactileGlove_py\本体感知系统显示程序\main.py:122] Set positions: [5, 1000, 0, 0, 0, 13]
2025-08-27T20:22:28.095251Z[INFO][C:\Users\admin\Documents\ClionProject\TactileGlove_py\本体感知系统显示程序\main.py:122] Set positions: [0, 1000, 0, 0, 0, 11]
2025-08-27T20:22:28.337224Z[INFO][C:\Users\admin\Documents\ClionProject\TactileGlove_py\本体感知系统显示程序\main.py:122] Set positions: [0, 1000, 0, 0, 0, 15]
2025-08-27T20:22:28.457883Z[INFO][C:\Users\admin\Documents\ClionProject\TactileGlove_py\本体感知系统显示程序\main.py:122] Set positions: [0, 1000, 51, 50, 0, 39]
2025-08-27T20:22:28.592934Z[INFO][C:\Users\admin\Documents\ClionProject\TactileGlove_py\本体感知系统显示程序\main.py:122] Set positions: [0, 1000, 71, 62, 0, 50]
2025-08-27T20:22:28.766111Z[INFO][C:\Users\admin\Documents\ClionProject\TactileGlove_py\本体感知系统显示程序\main.py:122] Set positions: [0, 1000, 85, 72, 0, 58]
2025-08-27T20:22:28.958167Z[INFO][C:\Users\admin\Documents\ClionProject\TactileGlove_py\本体感知系统显示程序\main.py:122] Set positions: [0, 1000, 27, 15, 0, 22]
2025-08-27T20:22:29.154285Z[INFO][C:\Users\admin\Documents\ClionProject\TactileGlove_py\本体感知系统显示程序\main.py:122] Set positions: [0, 1000, 21, 0, 0, 21]
2025-08-27T20:22:29.382864Z[INFO][C:\Users\admin\Documents\ClionProject\TactileGlove_py\本体感知系统显示程序\main.py:122] Set positions: [124, 1000, 62, 0, 42, 62]
2025-08-27T20:22:29.582516Z[INFO][C:\Users\admin\Documents\ClionProject\TactileGlove_py\本体感知系统显示程序\main.py:122] Set positions: [237, 1000, 142, 0, 85, 119]
2025-08-27T20:22:29.716113Z[INFO][C:\Users\admin\Documents\ClionProject\TactileGlove_py\本体感知系统显示程序\main.py:122] Set positions: [318, 1000, 213, 0, 106, 150]
2025-08-27T20:22:29.943138Z[INFO][C:\Users\admin\Documents\ClionProject\TactileGlove_py\本体感知系统显示程序\main.py:122] Set positions: [0, 1000, 0, 0, 0, 0]
2025-08-27T20:22:30.093673Z[INFO][C:\Users\admin\Documents\ClionProject\TactileGlove_py\本体感知系统显示程序\main.py:122] Set positions: [0, 1000, 0, 0, 0, 0]
2025-08-27T20:22:30.292886Z[INFO][C:\Users\admin\Documents\ClionProject\TactileGlove_py\本体感知系统显示程序\main.py:122] Set positions: [0, 1000, 0, 0, 0, 0]
2025-08-27T20:22:30.506594Z[INFO][C:\Users\admin\Documents\ClionProject\TactileGlove_py\本体感知系统显示程序\main.py:122] Set positions: [0, 1000, 0, 0, 0, 0]
2025-08-27T20:22:30.702371Z[INFO][C:\Users\admin\Documents\ClionProject\TactileGlove_py\本体感知系统显示程序\main.py:122] Set positions: [0, 1000, 0, 0, 0, 0]
2025-08-27T20:22:30.915921Z[INFO][C:\Users\admin\Documents\ClionProject\TactileGlove_py\本体感知系统显示程序\main.py:122] Set positions: [0, 1000, 0, 0, 0, 0]
2025-08-27T20:22:31.107357Z[INFO][C:\Users\admin\Documents\ClionProject\TactileGlove_py\本体感知系统显示程序\main.py:122] Set positions: [0, 1000, 0, 0, 0, 0]
2025-08-27T20:22:31.319473Z[INFO][C:\Users\admin\Documents\ClionProject\TactileGlove_py\本体感知系统显示程序\main.py:122] Set positions: [0, 1000, 0, 0, 0, 0]
2025-08-27T20:22:31.516678Z[INFO][C:\Users\admin\Documents\ClionProject\TactileGlove_py\本体感知系统显示程序\main.py:122] Set positions: [0, 1000, 0, 0, 0, 0]
2025-08-27T20:22:31.740367Z[INFO][C:\Users\admin\Documents\ClionProject\TactileGlove_py\本体感知系统显示程序\main.py:122] Set positions: [0, 1000, 0, 0, 0, 0]
2025-08-27T20:22:31.924867Z[INFO][C:\Users\admin\Documents\ClionProject\TactileGlove_py\本体感知系统显示程序\main.py:122] Set positions: [0, 1000, 0, 0, 0, 0]
2025-08-27T20:22:32.133332Z[INFO][C:\Users\admin\Documents\ClionProject\TactileGlove_py\本体感知系统显示程序\main.py:122] Set positions: [0, 1000, 0, 0, 0, 0]
2025-08-27T20:22:32.543258Z[INFO][C:\Users\admin\Documents\ClionProject\TactileGlove_py\本体感知系统显示程序\main.py:122] Set positions: [0, 1000, 0, 0, 0, 0]
2025-08-27T20:22:32.755719Z[INFO][C:\Users\admin\Documents\ClionProject\TactileGlove_py\本体感知系统显示程序\main.py:122] Set positions: [0, 1000, 0, 0, 0, 0]
2025-08-27T20:22:32.864967Z[INFO][C:\Users\admin\Documents\ClionProject\TactileGlove_py\本体感知系统显示程序\main.py:122] Set positions: [0, 1000, 0, 0, 0, 0]
2025-08-27T20:22:32.970696Z[INFO][C:\Users\admin\Documents\ClionProject\TactileGlove_py\本体感知系统显示程序\main.py:122] Set positions: [0, 1000, 0, 0, 0, 0]
2025-08-27T20:22:33.060489Z[INFO][C:\Users\admin\Documents\ClionProject\TactileGlove_py\本体感知系统显示程序\main.py:122] Set positions: [0, 1000, 0, 0, 0, 0]
2025-08-27T20:22:33.287034Z[INFO][C:\Users\admin\Documents\ClionProject\TactileGlove_py\本体感知系统显示程序\main.py:122] Set positions: [0, 1000, 0, 0, 0, 0]
2025-08-27T20:22:33.408634Z[INFO][C:\Users\admin\Documents\ClionProject\TactileGlove_py\本体感知系统显示程序\main.py:122] Set positions: [0, 1000, 0, 0, 0, 0]
2025-08-27T20:22:33.533037Z[INFO][C:\Users\admin\Documents\ClionProject\TactileGlove_py\本体感知系统显示程序\main.py:122] Set positions: [0, 1000, 0, 0, 0, 0]
2025-08-27T20:22:33.771429Z[INFO][C:\Users\admin\Documents\ClionProject\TactileGlove_py\本体感知系统显示程序\main.py:122] Set positions: [0, 1000, 0, 0, 0, 0]
2025-08-27T20:22:33.999359Z[INFO][C:\Users\admin\Documents\ClionProject\TactileGlove_py\本体感知系统显示程序\main.py:122] Set positions: [0, 1000, 0, 0, 0, 0]
2025-08-27T20:22:34.183326Z[INFO][C:\Users\admin\Documents\ClionProject\TactileGlove_py\本体感知系统显示程序\main.py:122] Set positions: [0, 1000, 0, 0, 0, 0]
2025-08-27T20:22:34.395157Z[INFO][C:\Users\admin\Documents\ClionProject\TactileGlove_py\本体感知系统显示程序\main.py:122] Set positions: [0, 1000, 0, 0, 0, 0]
2025-08-27T20:22:34.532875Z[INFO][C:\Users\admin\Documents\ClionProject\TactileGlove_py\本体感知系统显示程序\main.py:122] Set positions: [0, 1000, 0, 0, 0, 0]
2025-08-27T20:22:34.803469Z[INFO][C:\Users\admin\Documents\ClionProject\TactileGlove_py\本体感知系统显示程序\main.py:122] Set positions: [0, 1000, 0, 0, 0, 0]
2025-08-27T20:22:35.109563Z[INFO][C:\Users\admin\Documents\ClionProject\TactileGlove_py\本体感知系统显示程序\main.py:122] Set positions: [0, 1000, 0, 0, 0, 0]
2025-08-27T20:22:35.337474Z[INFO][C:\Users\admin\Documents\ClionProject\TactileGlove_py\本体感知系统显示程序\main.py:122] Set positions: [0, 1000, 0, 0, 0, 0]
2025-08-27T20:22:35.473385Z[INFO][C:\Users\admin\Documents\ClionProject\TactileGlove_py\本体感知系统显示程序\main.py:122] Set positions: [0, 1000, 0, 0, 0, 0]
2025-08-27T20:22:35.625868Z[INFO][C:\Users\admin\Documents\ClionProject\TactileGlove_py\本体感知系统显示程序\main.py:122] Set positions: [0, 1000, 0, 0, 0, 0]
2025-08-27T20:22:35.823211Z[INFO][C:\Users\admin\Documents\ClionProject\TactileGlove_py\本体感知系统显示程序\main.py:122] Set positions: [0, 1000, 0, 0, 0, 0]
2025-08-27T20:22:36.018458Z[INFO][C:\Users\admin\Documents\ClionProject\TactileGlove_py\本体感知系统显示程序\main.py:122] Set positions: [0, 1000, 0, 0, 0, 0]
2025-08-27T20:22:36.184909Z[INFO][C:\Users\admin\Documents\ClionProject\TactileGlove_py\本体感知系统显示程序\main.py:122] Set positions: [0, 1000, 0, 0, 0, 0]
2025-08-27T20:22:36.442925Z[INFO][C:\Users\admin\Documents\ClionProject\TactileGlove_py\本体感知系统显示程序\main.py:122] Set positions: [0, 1000, 0, 0, 0, 0]
2025-08-27T20:22:36.627148Z[INFO][C:\Users\admin\Documents\ClionProject\TactileGlove_py\本体感知系统显示程序\main.py:122] Set positions: [0, 1000, 0, 0, 0, 0]
2025-08-27T20:22:36.807687Z[INFO][C:\Users\admin\Documents\ClionProject\TactileGlove_py\本体感知系统显示程序\main.py:122] Set positions: [0, 1000, 0, 0, 0, 0]
2025-08-27T20:22:37.003748Z[INFO][C:\Users\admin\Documents\ClionProject\TactileGlove_py\本体感知系统显示程序\main.py:122] Set positions: [0, 1000, 0, 0, 0, 0]
2025-08-27T20:22:37.266223Z[INFO][C:\Users\admin\Documents\ClionProject\TactileGlove_py\本体感知系统显示程序\main.py:122] Set positions: [0, 1000, 0, 0, 0, 0]
2025-08-27T20:22:37.459718Z[INFO][C:\Users\admin\Documents\ClionProject\TactileGlove_py\本体感知系统显示程序\main.py:122] Set positions: [0, 1000, 0, 0, 0, 0]
2025-08-27T20:22:37.673662Z[INFO][C:\Users\admin\Documents\ClionProject\TactileGlove_py\本体感知系统显示程序\main.py:122] Set positions: [0, 1000, 0, 0, 0, 0]
2025-08-27T20:22:37.823639Z[INFO][C:\Users\admin\Documents\ClionProject\TactileGlove_py\本体感知系统显示程序\main.py:122] Set positions: [0, 1000, 0, 0, 0, 0]
2025-08-27T20:22:38.020190Z[INFO][C:\Users\admin\Documents\ClionProject\TactileGlove_py\本体感知系统显示程序\main.py:122] Set positions: [0, 1000, 0, 0, 0, 0]
2025-08-27T20:22:38.155996Z[INFO][C:\Users\admin\Documents\ClionProject\TactileGlove_py\本体感知系统显示程序\main.py:122] Set positions: [0, 1000, 0, 0, 0, 0]
2025-08-27T20:22:38.336581Z[INFO][C:\Users\admin\Documents\ClionProject\TactileGlove_py\本体感知系统显示程序\main.py:122] Set positions: [0, 1000, 0, 0, 0, 0]
2025-08-27T20:22:38.577020Z[INFO][C:\Users\admin\Documents\ClionProject\TactileGlove_py\本体感知系统显示程序\main.py:122] Set positions: [0, 1000, 0, 0, 0, 0]
2025-08-27T20:22:38.750317Z[INFO][C:\Users\admin\Documents\ClionProject\TactileGlove_py\本体感知系统显示程序\main.py:122] Set positions: [0, 1000, 0, 0, 0, 0]
2025-08-27T20:22:38.900057Z[INFO][C:\Users\admin\Documents\ClionProject\TactileGlove_py\本体感知系统显示程序\main.py:122] Set positions: [0, 1000, 0, 0, 0, 0]
2025-08-27T20:22:39.018835Z[INFO][C:\Users\admin\Documents\ClionProject\TactileGlove_py\本体感知系统显示程序\main.py:122] Set positions: [0, 1000, 0, 0, 0, 0]
2025-08-27T20:22:39.168891Z[INFO][C:\Users\admin\Documents\ClionProject\TactileGlove_py\本体感知系统显示程序\main.py:122] Set positions: [0, 1000, 0, 0, 0, 0]
2025-08-27T20:22:39.366324Z[INFO][C:\Users\admin\Documents\ClionProject\TactileGlove_py\本体感知系统显示程序\main.py:122] Set positions: [0, 1000, 0, 0, 0, 0]
2025-08-27T20:22:39.606004Z[INFO][C:\Users\admin\Documents\ClionProject\TactileGlove_py\本体感知系统显示程序\main.py:122] Set positions: [0, 1000, 0, 0, 0, 0]
2025-08-27T20:22:39.834048Z[INFO][C:\Users\admin\Documents\ClionProject\TactileGlove_py\本体感知系统显示程序\main.py:122] Set positions: [0, 1000, 0, 0, 0, 0]
2025-08-27T20:22:40.035344Z[INFO][C:\Users\admin\Documents\ClionProject\TactileGlove_py\本体感知系统显示程序\main.py:122] Set positions: [0, 1000, 0, 0, 0, 0]
2025-08-27T20:22:40.225745Z[INFO][C:\Users\admin\Documents\ClionProject\TactileGlove_py\本体感知系统显示程序\main.py:122] Set positions: [0, 1000, 0, 0, 0, 0]
2025-08-27T20:22:40.395983Z[INFO][C:\Users\admin\Documents\ClionProject\TactileGlove_py\本体感知系统显示程序\main.py:122] Set positions: [0, 1000, 0, 0, 0, 0]
2025-08-27T20:22:40.591538Z[INFO][C:\Users\admin\Documents\ClionProject\TactileGlove_py\本体感知系统显示程序\main.py:122] Set positions: [0, 1000, 0, 0, 0, 0]
2025-08-27T20:22:40.835485Z[INFO][C:\Users\admin\Documents\ClionProject\TactileGlove_py\本体感知系统显示程序\main.py:122] Set positions: [0, 1000, 0, 0, 0, 0]
2025-08-27T20:22:40.956425Z[INFO][C:\Users\admin\Documents\ClionProject\TactileGlove_py\本体感知系统显示程序\main.py:122] Set positions: [0, 1000, 0, 0, 0, 0]
2025-08-27T20:22:41.138448Z[INFO][C:\Users\admin\Documents\ClionProject\TactileGlove_py\本体感知系统显示程序\main.py:122] Set positions: [0, 1000, 0, 0, 0, 0]
2025-08-27T20:22:41.246619Z[INFO][C:\Users\admin\Documents\ClionProject\TactileGlove_py\本体感知系统显示程序\main.py:122] Set positions: [0, 1000, 0, 0, 0, 0]
2025-08-27T20:22:41.351059Z[INFO][C:\Users\admin\Documents\ClionProject\TactileGlove_py\本体感知系统显示程序\main.py:122] Set positions: [0, 1000, 0, 0, 0, 0]
