2025-08-27T21:27:34.515345Z[INFO][src\python\py_mod.rs:25] bc_stark_sdk version: 0.8.6
2025-08-27T21:27:34.516347Z[INFO][src\stark\config.rs:30] Logging initialized with level: Info
2025-08-27T21:27:34.516347Z[INFO][src\stark\config.rs:36] StarkSDK initialized, protocol_type: Modbus
2025-08-27T21:27:36.445422Z[INFO][C:\Users\admin\Documents\ClionProject\TactileGlove_py\本体感知系统显示程序\main.py:70] Right: DeviceInfo { sku_type: MediumRight, serial_number: BCXER1233J2500003, firmware_version: 0.0.5 }
2025-08-27T21:27:36.617115Z[INFO][C:\Users\admin\Documents\ClionProject\TactileGlove_py\本体感知系统显示程序\main.py:124] Set positions: [0, 0, 0, 0, 0, 0]
2025-08-27T21:27:36.958979Z[INFO][C:\Users\admin\Documents\ClionProject\TactileGlove_py\本体感知系统显示程序\main.py:124] Set positions: [0, 0, 0, 0, 0, 0]
2025-08-27T21:27:37.154656Z[INFO][C:\Users\admin\Documents\ClionProject\TactileGlove_py\本体感知系统显示程序\main.py:124] Set positions: [0, 0, 0, 0, 0, 0]
2025-08-27T21:27:37.337312Z[INFO][C:\Users\admin\Documents\ClionProject\TactileGlove_py\本体感知系统显示程序\main.py:124] Set positions: [0, 0, 0, 0, 0, 0]
2025-08-27T21:27:37.473525Z[INFO][C:\Users\admin\Documents\ClionProject\TactileGlove_py\本体感知系统显示程序\main.py:124] Set positions: [0, 0, 0, 0, 0, 0]
2025-08-27T21:27:37.685233Z[INFO][C:\Users\admin\Documents\ClionProject\TactileGlove_py\本体感知系统显示程序\main.py:124] Set positions: [0, 0, 0, 0, 0, 0]
2025-08-27T21:27:37.837010Z[INFO][C:\Users\admin\Documents\ClionProject\TactileGlove_py\本体感知系统显示程序\main.py:124] Set positions: [0, 0, 0, 0, 0, 0]
2025-08-27T21:27:38.079354Z[INFO][C:\Users\admin\Documents\ClionProject\TactileGlove_py\本体感知系统显示程序\main.py:124] Set positions: [0, 0, 0, 0, 0, 0]
2025-08-27T21:27:38.306558Z[INFO][C:\Users\admin\Documents\ClionProject\TactileGlove_py\本体感知系统显示程序\main.py:124] Set positions: [0, 0, 0, 0, 0, 0]
2025-08-27T21:27:38.503569Z[INFO][C:\Users\admin\Documents\ClionProject\TactileGlove_py\本体感知系统显示程序\main.py:124] Set positions: [0, 0, 0, 0, 0, 0]
2025-08-27T21:27:38.639283Z[INFO][C:\Users\admin\Documents\ClionProject\TactileGlove_py\本体感知系统显示程序\main.py:124] Set positions: [0, 0, 0, 0, 0, 0]
2025-08-27T21:27:38.896607Z[INFO][C:\Users\admin\Documents\ClionProject\TactileGlove_py\本体感知系统显示程序\main.py:124] Set positions: [0, 0, 0, 0, 0, 0]
2025-08-27T21:27:39.061998Z[INFO][C:\Users\admin\Documents\ClionProject\TactileGlove_py\本体感知系统显示程序\main.py:124] Set positions: [0, 0, 0, 0, 0, 0]
2025-08-27T21:27:39.216964Z[INFO][C:\Users\admin\Documents\ClionProject\TactileGlove_py\本体感知系统显示程序\main.py:124] Set positions: [0, 0, 0, 0, 0, 0]
2025-08-27T21:27:39.439016Z[INFO][C:\Users\admin\Documents\ClionProject\TactileGlove_py\本体感知系统显示程序\main.py:124] Set positions: [0, 0, 0, 0, 0, 0]
2025-08-27T21:27:39.668513Z[INFO][C:\Users\admin\Documents\ClionProject\TactileGlove_py\本体感知系统显示程序\main.py:124] Set positions: [0, 0, 0, 0, 0, 0]
2025-08-27T21:27:39.940122Z[INFO][C:\Users\admin\Documents\ClionProject\TactileGlove_py\本体感知系统显示程序\main.py:124] Set positions: [0, 0, 0, 0, 0, 0]
2025-08-27T21:27:40.092522Z[INFO][C:\Users\admin\Documents\ClionProject\TactileGlove_py\本体感知系统显示程序\main.py:124] Set positions: [0, 0, 0, 0, 0, 0]
2025-08-27T21:27:40.335922Z[INFO][C:\Users\admin\Documents\ClionProject\TactileGlove_py\本体感知系统显示程序\main.py:124] Set positions: [0, 0, 0, 0, 0, 0]
2025-08-27T21:27:40.554141Z[INFO][C:\Users\admin\Documents\ClionProject\TactileGlove_py\本体感知系统显示程序\main.py:124] Set positions: [0, 0, 0, 0, 0, 0]
2025-08-27T21:27:40.687100Z[INFO][C:\Users\admin\Documents\ClionProject\TactileGlove_py\本体感知系统显示程序\main.py:124] Set positions: [0, 0, 0, 0, 0, 0]
2025-08-27T21:27:40.900568Z[INFO][C:\Users\admin\Documents\ClionProject\TactileGlove_py\本体感知系统显示程序\main.py:124] Set positions: [0, 0, 0, 0, 0, 0]
2025-08-27T21:27:41.110213Z[INFO][C:\Users\admin\Documents\ClionProject\TactileGlove_py\本体感知系统显示程序\main.py:124] Set positions: [0, 0, 0, 0, 0, 0]
2025-08-27T21:27:41.321293Z[INFO][C:\Users\admin\Documents\ClionProject\TactileGlove_py\本体感知系统显示程序\main.py:124] Set positions: [0, 0, 0, 0, 0, 0]
2025-08-27T21:27:41.473706Z[INFO][C:\Users\admin\Documents\ClionProject\TactileGlove_py\本体感知系统显示程序\main.py:124] Set positions: [0, 0, 0, 0, 0, 0]
2025-08-27T21:27:41.626052Z[INFO][C:\Users\admin\Documents\ClionProject\TactileGlove_py\本体感知系统显示程序\main.py:124] Set positions: [0, 0, 0, 0, 0, 0]
2025-08-27T21:27:41.887191Z[INFO][C:\Users\admin\Documents\ClionProject\TactileGlove_py\本体感知系统显示程序\main.py:124] Set positions: [0, 0, 0, 0, 0, 0]
2025-08-27T21:27:42.080066Z[INFO][C:\Users\admin\Documents\ClionProject\TactileGlove_py\本体感知系统显示程序\main.py:124] Set positions: [0, 0, 0, 0, 0, 0]
2025-08-27T21:27:42.290622Z[INFO][C:\Users\admin\Documents\ClionProject\TactileGlove_py\本体感知系统显示程序\main.py:124] Set positions: [0, 0, 0, 0, 0, 0]
2025-08-27T21:27:42.442235Z[INFO][C:\Users\admin\Documents\ClionProject\TactileGlove_py\本体感知系统显示程序\main.py:124] Set positions: [0, 0, 0, 0, 0, 0]
2025-08-27T21:27:42.699969Z[INFO][C:\Users\admin\Documents\ClionProject\TactileGlove_py\本体感知系统显示程序\main.py:124] Set positions: [0, 0, 0, 0, 0, 0]
2025-08-27T21:27:42.837199Z[INFO][C:\Users\admin\Documents\ClionProject\TactileGlove_py\本体感知系统显示程序\main.py:124] Set positions: [0, 0, 0, 0, 0, 0]
2025-08-27T21:27:43.063129Z[INFO][C:\Users\admin\Documents\ClionProject\TactileGlove_py\本体感知系统显示程序\main.py:124] Set positions: [0, 0, 0, 0, 0, 0]
2025-08-27T21:27:43.198088Z[INFO][C:\Users\admin\Documents\ClionProject\TactileGlove_py\本体感知系统显示程序\main.py:124] Set positions: [0, 0, 0, 0, 0, 0]
2025-08-27T21:27:43.305215Z[INFO][C:\Users\admin\Documents\ClionProject\TactileGlove_py\本体感知系统显示程序\main.py:124] Set positions: [0, 0, 0, 0, 0, 0]
2025-08-27T21:27:43.458652Z[INFO][C:\Users\admin\Documents\ClionProject\TactileGlove_py\本体感知系统显示程序\main.py:124] Set positions: [0, 0, 0, 0, 0, 0]
2025-08-27T21:27:43.580281Z[INFO][C:\Users\admin\Documents\ClionProject\TactileGlove_py\本体感知系统显示程序\main.py:124] Set positions: [0, 0, 0, 0, 0, 0]
2025-08-27T21:27:43.760862Z[INFO][C:\Users\admin\Documents\ClionProject\TactileGlove_py\本体感知系统显示程序\main.py:124] Set positions: [0, 0, 0, 0, 0, 0]
2025-08-27T21:27:43.928169Z[INFO][C:\Users\admin\Documents\ClionProject\TactileGlove_py\本体感知系统显示程序\main.py:124] Set positions: [0, 0, 0, 0, 0, 0]
2025-08-27T21:27:44.037839Z[INFO][C:\Users\admin\Documents\ClionProject\TactileGlove_py\本体感知系统显示程序\main.py:124] Set positions: [0, 0, 0, 0, 0, 0]
2025-08-27T21:27:44.186032Z[INFO][C:\Users\admin\Documents\ClionProject\TactileGlove_py\本体感知系统显示程序\main.py:124] Set positions: [0, 0, 0, 0, 0, 0]
2025-08-27T21:27:44.383908Z[INFO][C:\Users\admin\Documents\ClionProject\TactileGlove_py\本体感知系统显示程序\main.py:124] Set positions: [0, 0, 0, 0, 0, 0]
2025-08-27T21:27:44.537890Z[INFO][C:\Users\admin\Documents\ClionProject\TactileGlove_py\本体感知系统显示程序\main.py:124] Set positions: [0, 0, 0, 0, 0, 0]
2025-08-27T21:27:44.640924Z[INFO][C:\Users\admin\Documents\ClionProject\TactileGlove_py\本体感知系统显示程序\main.py:124] Set positions: [0, 0, 0, 0, 0, 0]
2025-08-27T21:27:44.854090Z[INFO][C:\Users\admin\Documents\ClionProject\TactileGlove_py\本体感知系统显示程序\main.py:124] Set positions: [0, 0, 0, 0, 0, 0]
2025-08-27T21:27:45.055005Z[INFO][C:\Users\admin\Documents\ClionProject\TactileGlove_py\本体感知系统显示程序\main.py:124] Set positions: [0, 0, 0, 0, 0, 0]
2025-08-27T21:27:45.219696Z[INFO][C:\Users\admin\Documents\ClionProject\TactileGlove_py\本体感知系统显示程序\main.py:124] Set positions: [0, 0, 0, 0, 0, 0]
2025-08-27T21:27:45.339283Z[INFO][C:\Users\admin\Documents\ClionProject\TactileGlove_py\本体感知系统显示程序\main.py:124] Set positions: [0, 0, 0, 0, 0, 0]
2025-08-27T21:27:45.554725Z[INFO][C:\Users\admin\Documents\ClionProject\TactileGlove_py\本体感知系统显示程序\main.py:124] Set positions: [0, 0, 0, 0, 0, 0]
2025-08-27T21:27:45.763243Z[INFO][C:\Users\admin\Documents\ClionProject\TactileGlove_py\本体感知系统显示程序\main.py:124] Set positions: [0, 0, 0, 0, 0, 0]
2025-08-27T21:27:45.975425Z[INFO][C:\Users\admin\Documents\ClionProject\TactileGlove_py\本体感知系统显示程序\main.py:124] Set positions: [0, 0, 0, 0, 0, 0]
2025-08-27T21:27:46.114400Z[INFO][C:\Users\admin\Documents\ClionProject\TactileGlove_py\本体感知系统显示程序\main.py:124] Set positions: [0, 0, 0, 0, 0, 0]
2025-08-27T21:27:46.387744Z[INFO][C:\Users\admin\Documents\ClionProject\TactileGlove_py\本体感知系统显示程序\main.py:124] Set positions: [0, 0, 0, 0, 0, 0]
2025-08-27T21:27:46.539608Z[INFO][C:\Users\admin\Documents\ClionProject\TactileGlove_py\本体感知系统显示程序\main.py:124] Set positions: [0, 0, 0, 0, 0, 0]
2025-08-27T21:27:46.796868Z[INFO][C:\Users\admin\Documents\ClionProject\TactileGlove_py\本体感知系统显示程序\main.py:124] Set positions: [0, 0, 0, 0, 0, 0]
2025-08-27T21:27:46.948075Z[INFO][C:\Users\admin\Documents\ClionProject\TactileGlove_py\本体感知系统显示程序\main.py:124] Set positions: [0, 0, 0, 0, 0, 0]
2025-08-27T21:27:47.161923Z[INFO][C:\Users\admin\Documents\ClionProject\TactileGlove_py\本体感知系统显示程序\main.py:124] Set positions: [0, 0, 0, 0, 0, 0]
2025-08-27T21:27:47.253762Z[INFO][C:\Users\admin\Documents\ClionProject\TactileGlove_py\本体感知系统显示程序\main.py:124] Set positions: [0, 0, 0, 0, 0, 0]
2025-08-27T21:27:47.465381Z[INFO][C:\Users\admin\Documents\ClionProject\TactileGlove_py\本体感知系统显示程序\main.py:124] Set positions: [0, 0, 0, 0, 0, 0]
2025-08-27T21:27:47.603407Z[INFO][C:\Users\admin\Documents\ClionProject\TactileGlove_py\本体感知系统显示程序\main.py:124] Set positions: [0, 0, 0, 0, 0, 0]
2025-08-27T21:27:47.693669Z[INFO][C:\Users\admin\Documents\ClionProject\TactileGlove_py\本体感知系统显示程序\main.py:124] Set positions: [0, 0, 0, 0, 0, 0]
2025-08-27T21:27:47.923770Z[INFO][C:\Users\admin\Documents\ClionProject\TactileGlove_py\本体感知系统显示程序\main.py:124] Set positions: [0, 0, 0, 0, 0, 0]
2025-08-27T21:27:48.074360Z[INFO][C:\Users\admin\Documents\ClionProject\TactileGlove_py\本体感知系统显示程序\main.py:124] Set positions: [0, 0, 0, 0, 0, 0]
2025-08-27T21:27:48.332239Z[INFO][C:\Users\admin\Documents\ClionProject\TactileGlove_py\本体感知系统显示程序\main.py:124] Set positions: [0, 0, 0, 0, 0, 0]
2025-08-27T21:27:48.530509Z[INFO][C:\Users\admin\Documents\ClionProject\TactileGlove_py\本体感知系统显示程序\main.py:124] Set positions: [0, 0, 0, 0, 0, 0]
2025-08-27T21:27:48.744576Z[INFO][C:\Users\admin\Documents\ClionProject\TactileGlove_py\本体感知系统显示程序\main.py:124] Set positions: [0, 0, 0, 0, 0, 0]
2025-08-27T21:27:48.848126Z[INFO][C:\Users\admin\Documents\ClionProject\TactileGlove_py\本体感知系统显示程序\main.py:124] Set positions: [0, 0, 0, 0, 0, 0]
2025-08-27T21:27:49.107158Z[INFO][C:\Users\admin\Documents\ClionProject\TactileGlove_py\本体感知系统显示程序\main.py:124] Set positions: [0, 0, 0, 0, 0, 0]
2025-08-27T21:27:49.303507Z[INFO][C:\Users\admin\Documents\ClionProject\TactileGlove_py\本体感知系统显示程序\main.py:124] Set positions: [0, 0, 0, 0, 0, 0]
2025-08-27T21:27:49.520808Z[INFO][C:\Users\admin\Documents\ClionProject\TactileGlove_py\本体感知系统显示程序\main.py:124] Set positions: [0, 0, 0, 0, 0, 0]
2025-08-27T21:27:49.698389Z[INFO][C:\Users\admin\Documents\ClionProject\TactileGlove_py\本体感知系统显示程序\main.py:124] Set positions: [0, 0, 0, 0, 0, 0]
2025-08-27T21:27:49.838324Z[INFO][C:\Users\admin\Documents\ClionProject\TactileGlove_py\本体感知系统显示程序\main.py:124] Set positions: [0, 0, 0, 0, 0, 0]
2025-08-27T21:27:49.955941Z[INFO][C:\Users\admin\Documents\ClionProject\TactileGlove_py\本体感知系统显示程序\main.py:124] Set positions: [0, 0, 0, 0, 0, 0]
2025-08-27T21:27:50.121098Z[INFO][C:\Users\admin\Documents\ClionProject\TactileGlove_py\本体感知系统显示程序\main.py:124] Set positions: [0, 0, 0, 0, 0, 0]
2025-08-27T21:27:50.331381Z[INFO][C:\Users\admin\Documents\ClionProject\TactileGlove_py\本体感知系统显示程序\main.py:124] Set positions: [0, 0, 0, 0, 0, 0]
2025-08-27T21:27:50.515483Z[INFO][C:\Users\admin\Documents\ClionProject\TactileGlove_py\本体感知系统显示程序\main.py:124] Set positions: [0, 0, 0, 0, 0, 0]
2025-08-27T21:27:50.790798Z[INFO][C:\Users\admin\Documents\ClionProject\TactileGlove_py\本体感知系统显示程序\main.py:124] Set positions: [0, 0, 0, 0, 0, 0]
2025-08-27T21:27:50.940821Z[INFO][C:\Users\admin\Documents\ClionProject\TactileGlove_py\本体感知系统显示程序\main.py:124] Set positions: [0, 0, 0, 0, 0, 0]
2025-08-27T21:27:51.193648Z[INFO][C:\Users\admin\Documents\ClionProject\TactileGlove_py\本体感知系统显示程序\main.py:124] Set positions: [0, 0, 0, 0, 0, 0]
2025-08-27T21:27:51.822705Z[INFO][C:\Users\admin\Documents\ClionProject\TactileGlove_py\本体感知系统显示程序\main.py:124] Set positions: [0, 0, 0, 0, 0, 0]
2025-08-27T21:27:52.091362Z[INFO][C:\Users\admin\Documents\ClionProject\TactileGlove_py\本体感知系统显示程序\main.py:124] Set positions: [0, 0, 0, 0, 0, 0]
2025-08-27T21:27:52.196937Z[INFO][C:\Users\admin\Documents\ClionProject\TactileGlove_py\本体感知系统显示程序\main.py:124] Set positions: [0, 0, 0, 0, 0, 0]
2025-08-27T21:27:52.379913Z[INFO][C:\Users\admin\Documents\ClionProject\TactileGlove_py\本体感知系统显示程序\main.py:124] Set positions: [0, 0, 0, 0, 0, 0]
2025-08-27T21:27:52.583239Z[INFO][C:\Users\admin\Documents\ClionProject\TactileGlove_py\本体感知系统显示程序\main.py:124] Set positions: [0, 0, 0, 0, 0, 0]
2025-08-27T21:27:52.897856Z[INFO][C:\Users\admin\Documents\ClionProject\TactileGlove_py\本体感知系统显示程序\main.py:124] Set positions: [0, 0, 0, 0, 0, 0]
2025-08-27T21:27:53.048213Z[INFO][C:\Users\admin\Documents\ClionProject\TactileGlove_py\本体感知系统显示程序\main.py:124] Set positions: [0, 0, 0, 0, 0, 0]
2025-08-27T21:27:53.231145Z[INFO][C:\Users\admin\Documents\ClionProject\TactileGlove_py\本体感知系统显示程序\main.py:124] Set positions: [0, 0, 0, 0, 0, 0]
2025-08-27T21:27:53.444232Z[INFO][C:\Users\admin\Documents\ClionProject\TactileGlove_py\本体感知系统显示程序\main.py:124] Set positions: [0, 0, 0, 0, 0, 0]
2025-08-27T21:27:53.656875Z[INFO][C:\Users\admin\Documents\ClionProject\TactileGlove_py\本体感知系统显示程序\main.py:124] Set positions: [0, 0, 0, 0, 0, 0]
2025-08-27T21:27:53.792927Z[INFO][C:\Users\admin\Documents\ClionProject\TactileGlove_py\本体感知系统显示程序\main.py:124] Set positions: [0, 0, 0, 0, 0, 0]
2025-08-27T21:27:54.020708Z[INFO][C:\Users\admin\Documents\ClionProject\TactileGlove_py\本体感知系统显示程序\main.py:124] Set positions: [0, 0, 0, 0, 0, 0]
2025-08-27T21:27:54.216501Z[INFO][C:\Users\admin\Documents\ClionProject\TactileGlove_py\本体感知系统显示程序\main.py:124] Set positions: [0, 0, 0, 0, 0, 0]
2025-08-27T21:27:54.475651Z[INFO][C:\Users\admin\Documents\ClionProject\TactileGlove_py\本体感知系统显示程序\main.py:124] Set positions: [0, 0, 0, 0, 0, 0]
2025-08-27T21:27:54.587734Z[INFO][C:\Users\admin\Documents\ClionProject\TactileGlove_py\本体感知系统显示程序\main.py:124] Set positions: [0, 0, 0, 0, 0, 0]
2025-08-27T21:27:54.718385Z[INFO][C:\Users\admin\Documents\ClionProject\TactileGlove_py\本体感知系统显示程序\main.py:124] Set positions: [0, 0, 0, 0, 0, 0]
2025-08-27T21:27:54.888232Z[INFO][C:\Users\admin\Documents\ClionProject\TactileGlove_py\本体感知系统显示程序\main.py:124] Set positions: [0, 0, 0, 0, 0, 0]
2025-08-27T21:27:55.022694Z[INFO][C:\Users\admin\Documents\ClionProject\TactileGlove_py\本体感知系统显示程序\main.py:124] Set positions: [0, 0, 0, 0, 0, 0]
2025-08-27T21:27:55.234220Z[INFO][C:\Users\admin\Documents\ClionProject\TactileGlove_py\本体感知系统显示程序\main.py:124] Set positions: [0, 0, 0, 0, 0, 0]
2025-08-27T21:27:55.403882Z[INFO][C:\Users\admin\Documents\ClionProject\TactileGlove_py\本体感知系统显示程序\main.py:124] Set positions: [0, 0, 0, 0, 0, 0]
2025-08-27T21:27:55.492741Z[INFO][C:\Users\admin\Documents\ClionProject\TactileGlove_py\本体感知系统显示程序\main.py:124] Set positions: [0, 0, 0, 0, 0, 0]
2025-08-27T21:27:55.659395Z[INFO][C:\Users\admin\Documents\ClionProject\TactileGlove_py\本体感知系统显示程序\main.py:124] Set positions: [0, 0, 0, 0, 0, 0]
2025-08-27T21:27:55.796462Z[INFO][C:\Users\admin\Documents\ClionProject\TactileGlove_py\本体感知系统显示程序\main.py:124] Set positions: [0, 0, 0, 0, 0, 0]
2025-08-27T21:27:56.009512Z[INFO][C:\Users\admin\Documents\ClionProject\TactileGlove_py\本体感知系统显示程序\main.py:124] Set positions: [0, 0, 0, 0, 0, 0]
2025-08-27T21:27:56.129649Z[INFO][C:\Users\admin\Documents\ClionProject\TactileGlove_py\本体感知系统显示程序\main.py:124] Set positions: [0, 0, 0, 0, 0, 0]
2025-08-27T21:27:56.266990Z[INFO][C:\Users\admin\Documents\ClionProject\TactileGlove_py\本体感知系统显示程序\main.py:124] Set positions: [0, 0, 0, 0, 0, 0]
2025-08-27T21:27:56.463310Z[INFO][C:\Users\admin\Documents\ClionProject\TactileGlove_py\本体感知系统显示程序\main.py:124] Set positions: [0, 0, 0, 0, 0, 0]
2025-08-27T21:27:56.721085Z[INFO][C:\Users\admin\Documents\ClionProject\TactileGlove_py\本体感知系统显示程序\main.py:124] Set positions: [0, 0, 0, 0, 0, 0]
2025-08-27T21:27:56.842565Z[INFO][C:\Users\admin\Documents\ClionProject\TactileGlove_py\本体感知系统显示程序\main.py:124] Set positions: [0, 0, 0, 0, 0, 0]
2025-08-27T21:27:56.992413Z[INFO][C:\Users\admin\Documents\ClionProject\TactileGlove_py\本体感知系统显示程序\main.py:124] Set positions: [0, 0, 0, 0, 0, 0]
2025-08-27T21:27:57.247432Z[INFO][C:\Users\admin\Documents\ClionProject\TactileGlove_py\本体感知系统显示程序\main.py:124] Set positions: [0, 0, 0, 0, 0, 0]
2025-08-27T21:27:57.451175Z[INFO][C:\Users\admin\Documents\ClionProject\TactileGlove_py\本体感知系统显示程序\main.py:124] Set positions: [0, 0, 0, 0, 0, 0]
2025-08-27T21:27:57.649767Z[INFO][C:\Users\admin\Documents\ClionProject\TactileGlove_py\本体感知系统显示程序\main.py:124] Set positions: [0, 0, 0, 0, 0, 0]
2025-08-27T21:27:57.845487Z[INFO][C:\Users\admin\Documents\ClionProject\TactileGlove_py\本体感知系统显示程序\main.py:124] Set positions: [0, 0, 0, 0, 0, 0]
2025-08-27T21:27:58.071978Z[INFO][C:\Users\admin\Documents\ClionProject\TactileGlove_py\本体感知系统显示程序\main.py:124] Set positions: [53, 931, 44, 0, 0, 44]
2025-08-27T21:27:58.176538Z[INFO][C:\Users\admin\Documents\ClionProject\TactileGlove_py\本体感知系统显示程序\main.py:124] Set positions: [132, 1000, 79, 18, 0, 59]
2025-08-27T21:27:58.359517Z[INFO][C:\Users\admin\Documents\ClionProject\TactileGlove_py\本体感知系统显示程序\main.py:124] Set positions: [33, 726, 15, 0, 0, 0]
2025-08-27T21:27:58.571533Z[INFO][C:\Users\admin\Documents\ClionProject\TactileGlove_py\本体感知系统显示程序\main.py:124] Set positions: [31, 525, 0, 0, 0, 0]
2025-08-27T21:27:58.770878Z[INFO][C:\Users\admin\Documents\ClionProject\TactileGlove_py\本体感知系统显示程序\main.py:124] Set positions: [27, 471, 0, 0, 0, 0]
2025-08-27T21:27:58.980825Z[INFO][C:\Users\admin\Documents\ClionProject\TactileGlove_py\本体感知系统显示程序\main.py:124] Set positions: [0, 346, 2, 0, 0, 0]
2025-08-27T21:27:59.287868Z[INFO][C:\Users\admin\Documents\ClionProject\TactileGlove_py\本体感知系统显示程序\main.py:124] Set positions: [0, 159, 17, 9, 0, 0]
2025-08-27T21:27:59.498237Z[INFO][C:\Users\admin\Documents\ClionProject\TactileGlove_py\本体感知系统显示程序\main.py:124] Set positions: [0, 190, 3, 5, 0, 0]
2025-08-27T21:27:59.638090Z[INFO][C:\Users\admin\Documents\ClionProject\TactileGlove_py\本体感知系统显示程序\main.py:124] Set positions: [146, 921, 0, 0, 0, 0]
2025-08-27T21:27:59.909065Z[INFO][C:\Users\admin\Documents\ClionProject\TactileGlove_py\本体感知系统显示程序\main.py:124] Set positions: [205, 1000, 0, 0, 0, 0]
2025-08-27T21:28:00.058926Z[INFO][C:\Users\admin\Documents\ClionProject\TactileGlove_py\本体感知系统显示程序\main.py:124] Set positions: [228, 1000, 0, 0, 0, 0]
2025-08-27T21:28:00.314803Z[INFO][C:\Users\admin\Documents\ClionProject\TactileGlove_py\本体感知系统显示程序\main.py:124] Set positions: [221, 1000, 0, 0, 0, 0]
2025-08-27T21:28:00.510949Z[INFO][C:\Users\admin\Documents\ClionProject\TactileGlove_py\本体感知系统显示程序\main.py:124] Set positions: [184, 1000, 0, 0, 0, 0]
2025-08-27T21:28:00.708599Z[INFO][C:\Users\admin\Documents\ClionProject\TactileGlove_py\本体感知系统显示程序\main.py:124] Set positions: [29, 447, 0, 0, 0, 0]
2025-08-27T21:28:00.873551Z[INFO][C:\Users\admin\Documents\ClionProject\TactileGlove_py\本体感知系统显示程序\main.py:124] Set positions: [0, 227, 7, 0, 0, 0]
2025-08-27T21:28:01.071673Z[INFO][C:\Users\admin\Documents\ClionProject\TactileGlove_py\本体感知系统显示程序\main.py:124] Set positions: [0, 202, 8, 0, 0, 0]
2025-08-27T21:28:01.285225Z[INFO][C:\Users\admin\Documents\ClionProject\TactileGlove_py\本体感知系统显示程序\main.py:124] Set positions: [0, 214, 3, 0, 0, 0]
2025-08-27T21:28:01.557217Z[INFO][C:\Users\admin\Documents\ClionProject\TactileGlove_py\本体感知系统显示程序\main.py:124] Set positions: [133, 587, 0, 0, 0, 0]
2025-08-27T21:28:01.694691Z[INFO][C:\Users\admin\Documents\ClionProject\TactileGlove_py\本体感知系统显示程序\main.py:124] Set positions: [226, 972, 0, 0, 0, 0]
2025-08-27T21:28:01.936841Z[INFO][C:\Users\admin\Documents\ClionProject\TactileGlove_py\本体感知系统显示程序\main.py:124] Set positions: [264, 1000, 0, 0, 0, 0]
2025-08-27T21:28:02.164558Z[INFO][C:\Users\admin\Documents\ClionProject\TactileGlove_py\本体感知系统显示程序\main.py:124] Set positions: [277, 1000, 0, 0, 0, 0]
2025-08-27T21:28:02.329479Z[INFO][C:\Users\admin\Documents\ClionProject\TactileGlove_py\本体感知系统显示程序\main.py:124] Set positions: [260, 1000, 0, 0, 0, 0]
2025-08-27T21:28:02.571284Z[INFO][C:\Users\admin\Documents\ClionProject\TactileGlove_py\本体感知系统显示程序\main.py:124] Set positions: [65, 565, 0, 0, 0, 0]
2025-08-27T21:28:02.765110Z[INFO][C:\Users\admin\Documents\ClionProject\TactileGlove_py\本体感知系统显示程序\main.py:124] Set positions: [15, 456, 0, 0, 0, 0]
2025-08-27T21:28:02.962017Z[INFO][C:\Users\admin\Documents\ClionProject\TactileGlove_py\本体感知系统显示程序\main.py:124] Set positions: [10, 626, 0, 0, 0, 0]
2025-08-27T21:28:03.126032Z[INFO][C:\Users\admin\Documents\ClionProject\TactileGlove_py\本体感知系统显示程序\main.py:124] Set positions: [233, 852, 0, 0, 0, 0]
2025-08-27T21:28:03.385370Z[INFO][C:\Users\admin\Documents\ClionProject\TactileGlove_py\本体感知系统显示程序\main.py:124] Set positions: [341, 807, 0, 0, 0, 0]
2025-08-27T21:28:03.580759Z[INFO][C:\Users\admin\Documents\ClionProject\TactileGlove_py\本体感知系统显示程序\main.py:124] Set positions: [362, 768, 0, 0, 0, 0]
2025-08-27T21:28:03.777099Z[INFO][C:\Users\admin\Documents\ClionProject\TactileGlove_py\本体感知系统显示程序\main.py:124] Set positions: [339, 726, 0, 0, 1, 0]
2025-08-27T21:28:03.945366Z[INFO][C:\Users\admin\Documents\ClionProject\TactileGlove_py\本体感知系统显示程序\main.py:124] Set positions: [296, 736, 16, 68, 177, 107]
2025-08-27T21:28:04.142939Z[INFO][C:\Users\admin\Documents\ClionProject\TactileGlove_py\本体感知系统显示程序\main.py:124] Set positions: [212, 647, 15, 52, 169, 95]
2025-08-27T21:28:04.338896Z[INFO][C:\Users\admin\Documents\ClionProject\TactileGlove_py\本体感知系统显示程序\main.py:124] Set positions: [83, 879, 23, 48, 156, 99]
2025-08-27T21:28:04.613659Z[INFO][C:\Users\admin\Documents\ClionProject\TactileGlove_py\本体感知系统显示程序\main.py:124] Set positions: [83, 1000, 97, 97, 143, 140]
2025-08-27T21:28:04.718261Z[INFO][C:\Users\admin\Documents\ClionProject\TactileGlove_py\本体感知系统显示程序\main.py:124] Set positions: [58, 798, 311, 306, 377, 241]
2025-08-27T21:28:04.870947Z[INFO][C:\Users\admin\Documents\ClionProject\TactileGlove_py\本体感知系统显示程序\main.py:124] Set positions: [74, 559, 454, 481, 591, 421]
2025-08-27T21:28:05.130607Z[INFO][C:\Users\admin\Documents\ClionProject\TactileGlove_py\本体感知系统显示程序\main.py:124] Set positions: [106, 620, 520, 563, 712, 515]
2025-08-27T21:28:05.329019Z[INFO][C:\Users\admin\Documents\ClionProject\TactileGlove_py\本体感知系统显示程序\main.py:124] Set positions: [98, 646, 524, 579, 730, 526]
2025-08-27T21:28:05.524198Z[INFO][C:\Users\admin\Documents\ClionProject\TactileGlove_py\本体感知系统显示程序\main.py:124] Set positions: [84, 711, 296, 336, 446, 309]
2025-08-27T21:28:05.738240Z[INFO][C:\Users\admin\Documents\ClionProject\TactileGlove_py\本体感知系统显示程序\main.py:124] Set positions: [70, 687, 49, 42, 72, 89]
2025-08-27T21:28:05.949684Z[INFO][C:\Users\admin\Documents\ClionProject\TactileGlove_py\本体感知系统显示程序\main.py:124] Set positions: [51, 593, 0, 0, 0, 0]
2025-08-27T21:28:06.148638Z[INFO][C:\Users\admin\Documents\ClionProject\TactileGlove_py\本体感知系统显示程序\main.py:124] Set positions: [50, 619, 0, 0, 0, 0]
2025-08-27T21:28:06.373405Z[INFO][C:\Users\admin\Documents\ClionProject\TactileGlove_py\本体感知系统显示程序\main.py:124] Set positions: [52, 574, 271, 174, 212, 153]
2025-08-27T21:28:06.495802Z[INFO][C:\Users\admin\Documents\ClionProject\TactileGlove_py\本体感知系统显示程序\main.py:124] Set positions: [56, 483, 532, 459, 561, 409]
2025-08-27T21:28:06.754900Z[INFO][C:\Users\admin\Documents\ClionProject\TactileGlove_py\本体感知系统显示程序\main.py:124] Set positions: [59, 456, 564, 501, 634, 468]
2025-08-27T21:28:06.966264Z[INFO][C:\Users\admin\Documents\ClionProject\TactileGlove_py\本体感知系统显示程序\main.py:124] Set positions: [62, 446, 576, 519, 661, 491]
2025-08-27T21:28:07.122058Z[INFO][C:\Users\admin\Documents\ClionProject\TactileGlove_py\本体感知系统显示程序\main.py:124] Set positions: [61, 436, 543, 497, 642, 479]
2025-08-27T21:28:07.239811Z[INFO][C:\Users\admin\Documents\ClionProject\TactileGlove_py\本体感知系统显示程序\main.py:124] Set positions: [55, 423, 298, 212, 284, 236]
2025-08-27T21:28:07.481178Z[INFO][C:\Users\admin\Documents\ClionProject\TactileGlove_py\本体感知系统显示程序\main.py:124] Set positions: [51, 457, 15, 0, 0, 10]
2025-08-27T21:28:07.631550Z[INFO][C:\Users\admin\Documents\ClionProject\TactileGlove_py\本体感知系统显示程序\main.py:124] Set positions: [41, 441, 15, 0, 0, 0]
2025-08-27T21:28:07.825562Z[INFO][C:\Users\admin\Documents\ClionProject\TactileGlove_py\本体感知系统显示程序\main.py:124] Set positions: [29, 403, 346, 0, 0, 0]
2025-08-27T21:28:08.042769Z[INFO][C:\Users\admin\Documents\ClionProject\TactileGlove_py\本体感知系统显示程序\main.py:124] Set positions: [22, 395, 658, 58, 52, 17]
2025-08-27T21:28:08.288144Z[INFO][C:\Users\admin\Documents\ClionProject\TactileGlove_py\本体感知系统显示程序\main.py:124] Set positions: [21, 396, 704, 82, 105, 19]
2025-08-27T21:28:08.407668Z[INFO][C:\Users\admin\Documents\ClionProject\TactileGlove_py\本体感知系统显示程序\main.py:124] Set positions: [27, 398, 313, 3, 28, 5]
2025-08-27T21:28:08.545182Z[INFO][C:\Users\admin\Documents\ClionProject\TactileGlove_py\本体感知系统显示程序\main.py:124] Set positions: [30, 385, 33, 0, 0, 0]
2025-08-27T21:28:08.709772Z[INFO][C:\Users\admin\Documents\ClionProject\TactileGlove_py\本体感知系统显示程序\main.py:124] Set positions: [31, 374, 0, 0, 0, 0]
2025-08-27T21:28:08.849025Z[INFO][C:\Users\admin\Documents\ClionProject\TactileGlove_py\本体感知系统显示程序\main.py:124] Set positions: [33, 357, 39, 216, 14, 0]
2025-08-27T21:28:09.022079Z[INFO][C:\Users\admin\Documents\ClionProject\TactileGlove_py\本体感知系统显示程序\main.py:124] Set positions: [33, 352, 62, 425, 99, 0]
2025-08-27T21:28:09.215484Z[INFO][C:\Users\admin\Documents\ClionProject\TactileGlove_py\本体感知系统显示程序\main.py:124] Set positions: [33, 350, 63, 533, 171, 0]
2025-08-27T21:28:09.426192Z[INFO][C:\Users\admin\Documents\ClionProject\TactileGlove_py\本体感知系统显示程序\main.py:124] Set positions: [30, 346, 48, 579, 189, 0]
2025-08-27T21:28:09.623027Z[INFO][C:\Users\admin\Documents\ClionProject\TactileGlove_py\本体感知系统显示程序\main.py:124] Set positions: [28, 342, 2, 583, 182, 0]
2025-08-27T21:28:09.805045Z[INFO][C:\Users\admin\Documents\ClionProject\TactileGlove_py\本体感知系统显示程序\main.py:124] Set positions: [27, 338, 0, 579, 172, 0]
2025-08-27T21:28:09.940640Z[INFO][C:\Users\admin\Documents\ClionProject\TactileGlove_py\本体感知系统显示程序\main.py:124] Set positions: [26, 334, 0, 579, 171, 0]
2025-08-27T21:28:10.090608Z[INFO][C:\Users\admin\Documents\ClionProject\TactileGlove_py\本体感知系统显示程序\main.py:124] Set positions: [28, 343, 0, 234, 0, 0]
2025-08-27T21:28:10.288338Z[INFO][C:\Users\admin\Documents\ClionProject\TactileGlove_py\本体感知系统显示程序\main.py:124] Set positions: [30, 346, 0, 0, 0, 0]
2025-08-27T21:28:10.505012Z[INFO][C:\Users\admin\Documents\ClionProject\TactileGlove_py\本体感知系统显示程序\main.py:124] Set positions: [31, 358, 0, 0, 0, 0]
2025-08-27T21:28:10.713775Z[INFO][C:\Users\admin\Documents\ClionProject\TactileGlove_py\本体感知系统显示程序\main.py:124] Set positions: [32, 359, 0, 0, 0, 0]
2025-08-27T21:28:10.968497Z[INFO][C:\Users\admin\Documents\ClionProject\TactileGlove_py\本体感知系统显示程序\main.py:124] Set positions: [32, 355, 0, 0, 0, 0]
2025-08-27T21:28:11.165734Z[INFO][C:\Users\admin\Documents\ClionProject\TactileGlove_py\本体感知系统显示程序\main.py:124] Set positions: [33, 350, 0, 166, 0, 0]
2025-08-27T21:28:11.364080Z[INFO][C:\Users\admin\Documents\ClionProject\TactileGlove_py\本体感知系统显示程序\main.py:124] Set positions: [34, 340, 0, 616, 24, 0]
2025-08-27T21:28:11.575392Z[INFO][C:\Users\admin\Documents\ClionProject\TactileGlove_py\本体感知系统显示程序\main.py:124] Set positions: [35, 341, 0, 653, 62, 0]
2025-08-27T21:28:11.726985Z[INFO][C:\Users\admin\Documents\ClionProject\TactileGlove_py\本体感知系统显示程序\main.py:124] Set positions: [33, 342, 0, 688, 64, 0]
2025-08-27T21:28:11.988550Z[INFO][C:\Users\admin\Documents\ClionProject\TactileGlove_py\本体感知系统显示程序\main.py:124] Set positions: [32, 342, 0, 678, 53, 0]
2025-08-27T21:28:12.125124Z[INFO][C:\Users\admin\Documents\ClionProject\TactileGlove_py\本体感知系统显示程序\main.py:124] Set positions: [32, 338, 0, 675, 54, 0]
2025-08-27T21:28:12.381435Z[INFO][C:\Users\admin\Documents\ClionProject\TactileGlove_py\本体感知系统显示程序\main.py:124] Set positions: [31, 336, 0, 673, 52, 0]
2025-08-27T21:28:12.554704Z[INFO][C:\Users\admin\Documents\ClionProject\TactileGlove_py\本体感知系统显示程序\main.py:124] Set positions: [31, 334, 0, 673, 51, 0]
2025-08-27T21:28:12.808559Z[INFO][C:\Users\admin\Documents\ClionProject\TactileGlove_py\本体感知系统显示程序\main.py:124] Set positions: [30, 333, 0, 673, 51, 0]
2025-08-27T21:28:13.006863Z[INFO][C:\Users\admin\Documents\ClionProject\TactileGlove_py\本体感知系统显示程序\main.py:124] Set positions: [29, 331, 0, 672, 50, 0]
2025-08-27T21:28:13.219175Z[INFO][C:\Users\admin\Documents\ClionProject\TactileGlove_py\本体感知系统显示程序\main.py:124] Set positions: [29, 346, 0, 146, 18, 0]
2025-08-27T21:28:13.431437Z[INFO][C:\Users\admin\Documents\ClionProject\TactileGlove_py\本体感知系统显示程序\main.py:124] Set positions: [32, 347, 0, 0, 181, 0]
2025-08-27T21:28:13.627986Z[INFO][C:\Users\admin\Documents\ClionProject\TactileGlove_py\本体感知系统显示程序\main.py:124] Set positions: [42, 347, 0, 109, 544, 196]
2025-08-27T21:28:13.824123Z[INFO][C:\Users\admin\Documents\ClionProject\TactileGlove_py\本体感知系统显示程序\main.py:124] Set positions: [45, 340, 0, 182, 666, 283]
2025-08-27T21:28:14.038512Z[INFO][C:\Users\admin\Documents\ClionProject\TactileGlove_py\本体感知系统显示程序\main.py:124] Set positions: [44, 337, 0, 206, 693, 300]
2025-08-27T21:28:14.205845Z[INFO][C:\Users\admin\Documents\ClionProject\TactileGlove_py\本体感知系统显示程序\main.py:124] Set positions: [38, 331, 0, 151, 555, 179]
2025-08-27T21:28:14.339975Z[INFO][C:\Users\admin\Documents\ClionProject\TactileGlove_py\本体感知系统显示程序\main.py:124] Set positions: [36, 338, 0, 0, 53, 0]
2025-08-27T21:28:14.555234Z[INFO][C:\Users\admin\Documents\ClionProject\TactileGlove_py\本体感知系统显示程序\main.py:124] Set positions: [41, 388, 19, 0, 0, 0]
2025-08-27T21:28:14.645909Z[INFO][C:\Users\admin\Documents\ClionProject\TactileGlove_py\本体感知系统显示程序\main.py:124] Set positions: [229, 472, 427, 337, 446, 314]
2025-08-27T21:28:14.859065Z[INFO][C:\Users\admin\Documents\ClionProject\TactileGlove_py\本体感知系统显示程序\main.py:124] Set positions: [234, 401, 498, 414, 583, 423]
2025-08-27T21:28:15.038631Z[INFO][C:\Users\admin\Documents\ClionProject\TactileGlove_py\本体感知系统显示程序\main.py:124] Set positions: [241, 363, 527, 447, 639, 466]
2025-08-27T21:28:15.255565Z[INFO][C:\Users\admin\Documents\ClionProject\TactileGlove_py\本体感知系统显示程序\main.py:124] Set positions: [213, 323, 556, 468, 659, 476]
2025-08-27T21:28:15.464634Z[INFO][C:\Users\admin\Documents\ClionProject\TactileGlove_py\本体感知系统显示程序\main.py:124] Set positions: [65, 369, 103, 91, 107, 83]
2025-08-27T21:28:15.663006Z[INFO][C:\Users\admin\Documents\ClionProject\TactileGlove_py\本体感知系统显示程序\main.py:124] Set positions: [29, 499, 0, 0, 0, 0]
2025-08-27T21:28:15.878683Z[INFO][C:\Users\admin\Documents\ClionProject\TactileGlove_py\本体感知系统显示程序\main.py:124] Set positions: [49, 575, 0, 0, 0, 0]
2025-08-27T21:28:16.015026Z[INFO][C:\Users\admin\Documents\ClionProject\TactileGlove_py\本体感知系统显示程序\main.py:124] Set positions: [189, 431, 468, 395, 521, 382]
2025-08-27T21:28:16.225971Z[INFO][C:\Users\admin\Documents\ClionProject\TactileGlove_py\本体感知系统显示程序\main.py:124] Set positions: [202, 339, 547, 488, 656, 506]
2025-08-27T21:28:16.488771Z[INFO][C:\Users\admin\Documents\ClionProject\TactileGlove_py\本体感知系统显示程序\main.py:124] Set positions: [202, 327, 554, 500, 663, 512]
2025-08-27T21:28:16.698335Z[INFO][C:\Users\admin\Documents\ClionProject\TactileGlove_py\本体感知系统显示程序\main.py:124] Set positions: [201, 303, 554, 501, 662, 511]
2025-08-27T21:28:16.791254Z[INFO][C:\Users\admin\Documents\ClionProject\TactileGlove_py\本体感知系统显示程序\main.py:124] Set positions: [100, 436, 266, 262, 346, 252]
2025-08-27T21:28:16.940749Z[INFO][C:\Users\admin\Documents\ClionProject\TactileGlove_py\本体感知系统显示程序\main.py:124] Set positions: [47, 694, 17, 36, 76, 68]
2025-08-27T21:28:17.138752Z[INFO][C:\Users\admin\Documents\ClionProject\TactileGlove_py\本体感知系统显示程序\main.py:124] Set positions: [84, 836, 0, 5, 65, 58]
2025-08-27T21:28:17.307210Z[INFO][C:\Users\admin\Documents\ClionProject\TactileGlove_py\本体感知系统显示程序\main.py:124] Set positions: [82, 776, 0, 0, 42, 51]
2025-08-27T21:28:17.505189Z[INFO][C:\Users\admin\Documents\ClionProject\TactileGlove_py\本体感知系统显示程序\main.py:124] Set positions: [39, 483, 201, 144, 183, 118]
2025-08-27T21:28:17.716960Z[INFO][C:\Users\admin\Documents\ClionProject\TactileGlove_py\本体感知系统显示程序\main.py:124] Set positions: [38, 407, 392, 307, 368, 218]
2025-08-27T21:28:17.931611Z[INFO][C:\Users\admin\Documents\ClionProject\TactileGlove_py\本体感知系统显示程序\main.py:124] Set positions: [39, 396, 383, 305, 389, 252]
2025-08-27T21:28:18.127518Z[INFO][C:\Users\admin\Documents\ClionProject\TactileGlove_py\本体感知系统显示程序\main.py:124] Set positions: [39, 385, 379, 304, 384, 256]
2025-08-27T21:28:18.249296Z[INFO][C:\Users\admin\Documents\ClionProject\TactileGlove_py\本体感知系统显示程序\main.py:124] Set positions: [37, 374, 341, 262, 340, 242]
2025-08-27T21:28:18.371912Z[INFO][C:\Users\admin\Documents\ClionProject\TactileGlove_py\本体感知系统显示程序\main.py:124] Set positions: [37, 370, 59, 5, 65, 62]
2025-08-27T21:28:18.645719Z[INFO][C:\Users\admin\Documents\ClionProject\TactileGlove_py\本体感知系统显示程序\main.py:124] Set positions: [85, 441, 119, 40, 106, 62]
2025-08-27T21:28:18.796424Z[INFO][C:\Users\admin\Documents\ClionProject\TactileGlove_py\本体感知系统显示程序\main.py:124] Set positions: [195, 410, 406, 336, 455, 318]
2025-08-27T21:28:19.038529Z[INFO][C:\Users\admin\Documents\ClionProject\TactileGlove_py\本体感知系统显示程序\main.py:124] Set positions: [98, 426, 86, 73, 161, 118]
2025-08-27T21:28:19.207433Z[INFO][C:\Users\admin\Documents\ClionProject\TactileGlove_py\本体感知系统显示程序\main.py:124] Set positions: [61, 426, 0, 0, 0, 10]
2025-08-27T21:28:19.341130Z[INFO][C:\Users\admin\Documents\ClionProject\TactileGlove_py\本体感知系统显示程序\main.py:124] Set positions: [87, 401, 193, 110, 177, 128]
2025-08-27T21:28:19.556003Z[INFO][C:\Users\admin\Documents\ClionProject\TactileGlove_py\本体感知系统显示程序\main.py:124] Set positions: [135, 330, 488, 432, 566, 410]
2025-08-27T21:28:19.772322Z[INFO][C:\Users\admin\Documents\ClionProject\TactileGlove_py\本体感知系统显示程序\main.py:124] Set positions: [82, 395, 240, 219, 297, 221]
2025-08-27T21:28:19.922369Z[INFO][C:\Users\admin\Documents\ClionProject\TactileGlove_py\本体感知系统显示程序\main.py:124] Set positions: [67, 473, 0, 0, 0, 0]
2025-08-27T21:28:20.131208Z[INFO][C:\Users\admin\Documents\ClionProject\TactileGlove_py\本体感知系统显示程序\main.py:124] Set positions: [68, 428, 221, 109, 185, 129]
2025-08-27T21:28:20.328475Z[INFO][C:\Users\admin\Documents\ClionProject\TactileGlove_py\本体感知系统显示程序\main.py:124] Set positions: [74, 351, 501, 450, 578, 384]
2025-08-27T21:28:20.526547Z[INFO][C:\Users\admin\Documents\ClionProject\TactileGlove_py\本体感知系统显示程序\main.py:124] Set positions: [75, 339, 533, 483, 620, 426]
2025-08-27T21:28:20.783207Z[INFO][C:\Users\admin\Documents\ClionProject\TactileGlove_py\本体感知系统显示程序\main.py:124] Set positions: [74, 333, 534, 489, 625, 431]
2025-08-27T21:28:20.996615Z[INFO][C:\Users\admin\Documents\ClionProject\TactileGlove_py\本体感知系统显示程序\main.py:124] Set positions: [72, 330, 513, 474, 609, 420]
2025-08-27T21:28:21.228626Z[INFO][C:\Users\admin\Documents\ClionProject\TactileGlove_py\本体感知系统显示程序\main.py:124] Set positions: [65, 339, 0, 0, 0, 5]
2025-08-27T21:28:21.406544Z[INFO][C:\Users\admin\Documents\ClionProject\TactileGlove_py\本体感知系统显示程序\main.py:124] Set positions: [62, 348, 0, 0, 0, 0]
2025-08-27T21:28:21.614722Z[INFO][C:\Users\admin\Documents\ClionProject\TactileGlove_py\本体感知系统显示程序\main.py:124] Set positions: [64, 354, 0, 0, 0, 0]
2025-08-27T21:28:21.765829Z[INFO][C:\Users\admin\Documents\ClionProject\TactileGlove_py\本体感知系统显示程序\main.py:124] Set positions: [79, 430, 106, 0, 19, 40]
2025-08-27T21:28:21.979646Z[INFO][C:\Users\admin\Documents\ClionProject\TactileGlove_py\本体感知系统显示程序\main.py:124] Set positions: [64, 383, 490, 61, 7, 38]
2025-08-27T21:28:22.177215Z[INFO][C:\Users\admin\Documents\ClionProject\TactileGlove_py\本体感知系统显示程序\main.py:124] Set positions: [60, 371, 521, 49, 12, 40]
2025-08-27T21:28:22.422781Z[INFO][C:\Users\admin\Documents\ClionProject\TactileGlove_py\本体感知系统显示程序\main.py:124] Set positions: [174, 575, 366, 1, 1, 32]
2025-08-27T21:28:22.627656Z[INFO][C:\Users\admin\Documents\ClionProject\TactileGlove_py\本体感知系统显示程序\main.py:124] Set positions: [271, 530, 383, 0, 0, 10]
2025-08-27T21:28:22.735167Z[INFO][C:\Users\admin\Documents\ClionProject\TactileGlove_py\本体感知系统显示程序\main.py:124] Set positions: [253, 629, 403, 0, 1, 10]
2025-08-27T21:28:22.931941Z[INFO][C:\Users\admin\Documents\ClionProject\TactileGlove_py\本体感知系统显示程序\main.py:124] Set positions: [231, 705, 406, 0, 5, 12]
2025-08-27T21:28:23.098896Z[INFO][C:\Users\admin\Documents\ClionProject\TactileGlove_py\本体感知系统显示程序\main.py:124] Set positions: [272, 919, 421, 0, 9, 20]
2025-08-27T21:28:23.355743Z[INFO][C:\Users\admin\Documents\ClionProject\TactileGlove_py\本体感知系统显示程序\main.py:124] Set positions: [284, 1000, 423, 0, 15, 29]
2025-08-27T21:28:23.552739Z[INFO][C:\Users\admin\Documents\ClionProject\TactileGlove_py\本体感知系统显示程序\main.py:124] Set positions: [273, 1000, 429, 0, 23, 34]
2025-08-27T21:28:23.764426Z[INFO][C:\Users\admin\Documents\ClionProject\TactileGlove_py\本体感知系统显示程序\main.py:124] Set positions: [259, 1000, 436, 0, 34, 41]
2025-08-27T21:28:23.959620Z[INFO][C:\Users\admin\Documents\ClionProject\TactileGlove_py\本体感知系统显示程序\main.py:124] Set positions: [178, 754, 380, 6, 33, 46]
2025-08-27T21:28:24.174237Z[INFO][C:\Users\admin\Documents\ClionProject\TactileGlove_py\本体感知系统显示程序\main.py:124] Set positions: [149, 932, 75, 0, 26, 45]
2025-08-27T21:28:24.325800Z[INFO][C:\Users\admin\Documents\ClionProject\TactileGlove_py\本体感知系统显示程序\main.py:124] Set positions: [240, 1000, 281, 0, 46, 54]
2025-08-27T21:28:24.583381Z[INFO][C:\Users\admin\Documents\ClionProject\TactileGlove_py\本体感知系统显示程序\main.py:124] Set positions: [208, 951, 321, 7, 96, 75]
2025-08-27T21:28:24.733172Z[INFO][C:\Users\admin\Documents\ClionProject\TactileGlove_py\本体感知系统显示程序\main.py:124] Set positions: [188, 614, 266, 0, 103, 79]
2025-08-27T21:28:24.883267Z[INFO][C:\Users\admin\Documents\ClionProject\TactileGlove_py\本体感知系统显示程序\main.py:124] Set positions: [224, 514, 245, 0, 101, 73]
2025-08-27T21:28:25.097337Z[INFO][C:\Users\admin\Documents\ClionProject\TactileGlove_py\本体感知系统显示程序\main.py:124] Set positions: [217, 494, 222, 0, 88, 59]
2025-08-27T21:28:25.234264Z[INFO][C:\Users\admin\Documents\ClionProject\TactileGlove_py\本体感知系统显示程序\main.py:124] Set positions: [81, 634, 121, 0, 49, 14]
2025-08-27T21:28:25.492241Z[INFO][C:\Users\admin\Documents\ClionProject\TactileGlove_py\本体感知系统显示程序\main.py:124] Set positions: [40, 381, 56, 0, 12, 5]
2025-08-27T21:28:25.669291Z[INFO][C:\Users\admin\Documents\ClionProject\TactileGlove_py\本体感知系统显示程序\main.py:124] Set positions: [47, 284, 6, 0, 0, 0]
2025-08-27T21:28:25.905889Z[INFO][C:\Users\admin\Documents\ClionProject\TactileGlove_py\本体感知系统显示程序\main.py:124] Set positions: [291, 313, 0, 0, 0, 0]
2025-08-27T21:28:26.114754Z[INFO][C:\Users\admin\Documents\ClionProject\TactileGlove_py\本体感知系统显示程序\main.py:124] Set positions: [403, 409, 0, 0, 0, 0]
2025-08-27T21:28:26.265762Z[INFO][C:\Users\admin\Documents\ClionProject\TactileGlove_py\本体感知系统显示程序\main.py:124] Set positions: [476, 568, 0, 0, 0, 0]
2025-08-27T21:28:26.462603Z[INFO][C:\Users\admin\Documents\ClionProject\TactileGlove_py\本体感知系统显示程序\main.py:124] Set positions: [479, 580, 0, 0, 0, 0]
2025-08-27T21:28:26.723014Z[INFO][C:\Users\admin\Documents\ClionProject\TactileGlove_py\本体感知系统显示程序\main.py:124] Set positions: [483, 562, 0, 0, 0, 0]
2025-08-27T21:28:26.889284Z[INFO][C:\Users\admin\Documents\ClionProject\TactileGlove_py\本体感知系统显示程序\main.py:124] Set positions: [457, 597, 118, 0, 0, 0]
2025-08-27T21:28:27.025476Z[INFO][C:\Users\admin\Documents\ClionProject\TactileGlove_py\本体感知系统显示程序\main.py:124] Set positions: [414, 629, 214, 0, 0, 0]
2025-08-27T21:28:27.239062Z[INFO][C:\Users\admin\Documents\ClionProject\TactileGlove_py\本体感知系统显示程序\main.py:124] Set positions: [382, 530, 219, 0, 0, 0]
2025-08-27T21:28:27.449327Z[INFO][C:\Users\admin\Documents\ClionProject\TactileGlove_py\本体感知系统显示程序\main.py:124] Set positions: [93, 296, 147, 0, 0, 0]
2025-08-27T21:28:27.646639Z[INFO][C:\Users\admin\Documents\ClionProject\TactileGlove_py\本体感知系统显示程序\main.py:124] Set positions: [0, 37, 127, 0, 0, 0]
2025-08-27T21:28:27.765620Z[INFO][C:\Users\admin\Documents\ClionProject\TactileGlove_py\本体感知系统显示程序\main.py:124] Set positions: [81, 153, 91, 0, 0, 0]
2025-08-27T21:28:27.948854Z[INFO][C:\Users\admin\Documents\ClionProject\TactileGlove_py\本体感知系统显示程序\main.py:124] Set positions: [315, 369, 85, 0, 0, 0]
2025-08-27T21:28:28.073172Z[INFO][C:\Users\admin\Documents\ClionProject\TactileGlove_py\本体感知系统显示程序\main.py:124] Set positions: [396, 525, 92, 0, 0, 0]
2025-08-27T21:28:28.209507Z[INFO][C:\Users\admin\Documents\ClionProject\TactileGlove_py\本体感知系统显示程序\main.py:124] Set positions: [414, 510, 101, 0, 0, 0]
2025-08-27T21:28:28.464895Z[INFO][C:\Users\admin\Documents\ClionProject\TactileGlove_py\本体感知系统显示程序\main.py:124] Set positions: [398, 466, 117, 0, 0, 0]
2025-08-27T21:28:28.677632Z[INFO][C:\Users\admin\Documents\ClionProject\TactileGlove_py\本体感知系统显示程序\main.py:124] Set positions: [140, 349, 118, 0, 0, 0]
2025-08-27T21:28:28.825936Z[INFO][C:\Users\admin\Documents\ClionProject\TactileGlove_py\本体感知系统显示程序\main.py:124] Set positions: [85, 640, 92, 0, 0, 0]
2025-08-27T21:28:29.039596Z[INFO][C:\Users\admin\Documents\ClionProject\TactileGlove_py\本体感知系统显示程序\main.py:124] Set positions: [138, 840, 231, 0, 44, 3]
2025-08-27T21:28:29.189899Z[INFO][C:\Users\admin\Documents\ClionProject\TactileGlove_py\本体感知系统显示程序\main.py:124] Set positions: [153, 699, 243, 0, 60, 9]
2025-08-27T21:28:29.327670Z[INFO][C:\Users\admin\Documents\ClionProject\TactileGlove_py\本体感知系统显示程序\main.py:124] Set positions: [145, 609, 235, 0, 58, 0]
2025-08-27T21:28:29.573383Z[INFO][C:\Users\admin\Documents\ClionProject\TactileGlove_py\本体感知系统显示程序\main.py:124] Set positions: [138, 617, 235, 0, 57, 0]
2025-08-27T21:28:29.705910Z[INFO][C:\Users\admin\Documents\ClionProject\TactileGlove_py\本体感知系统显示程序\main.py:124] Set positions: [147, 638, 249, 0, 61, 0]
2025-08-27T21:28:29.900748Z[INFO][C:\Users\admin\Documents\ClionProject\TactileGlove_py\本体感知系统显示程序\main.py:124] Set positions: [174, 727, 223, 0, 70, 7]
2025-08-27T21:28:30.101072Z[INFO][C:\Users\admin\Documents\ClionProject\TactileGlove_py\本体感知系统显示程序\main.py:124] Set positions: [229, 1000, 188, 91, 321, 254]
2025-08-27T21:28:30.312538Z[INFO][C:\Users\admin\Documents\ClionProject\TactileGlove_py\本体感知系统显示程序\main.py:124] Set positions: [240, 1000, 288, 233, 489, 425]
2025-08-27T21:28:30.464058Z[INFO][C:\Users\admin\Documents\ClionProject\TactileGlove_py\本体感知系统显示程序\main.py:124] Set positions: [248, 1000, 335, 293, 557, 497]
2025-08-27T21:28:30.615465Z[INFO][C:\Users\admin\Documents\ClionProject\TactileGlove_py\本体感知系统显示程序\main.py:124] Set positions: [248, 900, 323, 266, 512, 466]
2025-08-27T21:28:30.766865Z[INFO][C:\Users\admin\Documents\ClionProject\TactileGlove_py\本体感知系统显示程序\main.py:124] Set positions: [185, 1000, 270, 224, 388, 352]
2025-08-27T21:28:31.025410Z[INFO][C:\Users\admin\Documents\ClionProject\TactileGlove_py\本体感知系统显示程序\main.py:124] Set positions: [275, 1000, 366, 370, 520, 459]
2025-08-27T21:28:31.239803Z[INFO][C:\Users\admin\Documents\ClionProject\TactileGlove_py\本体感知系统显示程序\main.py:124] Set positions: [294, 1000, 480, 484, 672, 579]
2025-08-27T21:28:31.389895Z[INFO][C:\Users\admin\Documents\ClionProject\TactileGlove_py\本体感知系统显示程序\main.py:124] Set positions: [444, 1000, 554, 586, 754, 627]
2025-08-27T21:28:31.633174Z[INFO][C:\Users\admin\Documents\ClionProject\TactileGlove_py\本体感知系统显示程序\main.py:124] Set positions: [453, 986, 553, 577, 746, 620]
2025-08-27T21:28:31.798004Z[INFO][C:\Users\admin\Documents\ClionProject\TactileGlove_py\本体感知系统显示程序\main.py:124] Set positions: [431, 935, 540, 560, 731, 609]
2025-08-27T21:28:32.056002Z[INFO][C:\Users\admin\Documents\ClionProject\TactileGlove_py\本体感知系统显示程序\main.py:124] Set positions: [202, 585, 291, 269, 422, 388]
2025-08-27T21:28:32.256368Z[INFO][C:\Users\admin\Documents\ClionProject\TactileGlove_py\本体感知系统显示程序\main.py:124] Set positions: [126, 554, 2, 16, 120, 103]
2025-08-27T21:28:32.464698Z[INFO][C:\Users\admin\Documents\ClionProject\TactileGlove_py\本体感知系统显示程序\main.py:124] Set positions: [44, 476, 21, 44, 115, 83]
2025-08-27T21:28:32.660733Z[INFO][C:\Users\admin\Documents\ClionProject\TactileGlove_py\本体感知系统显示程序\main.py:124] Set positions: [45, 470, 350, 278, 349, 197]
2025-08-27T21:28:32.872597Z[INFO][C:\Users\admin\Documents\ClionProject\TactileGlove_py\本体感知系统显示程序\main.py:124] Set positions: [108, 547, 468, 376, 502, 300]
2025-08-27T21:28:33.083069Z[INFO][C:\Users\admin\Documents\ClionProject\TactileGlove_py\本体感知系统显示程序\main.py:124] Set positions: [193, 694, 510, 440, 606, 390]
2025-08-27T21:28:33.280787Z[INFO][C:\Users\admin\Documents\ClionProject\TactileGlove_py\本体感知系统显示程序\main.py:124] Set positions: [197, 788, 495, 427, 594, 383]
2025-08-27T21:28:33.509270Z[INFO][C:\Users\admin\Documents\ClionProject\TactileGlove_py\本体感知系统显示程序\main.py:124] Set positions: [247, 970, 408, 324, 454, 264]
2025-08-27T21:28:33.631476Z[INFO][C:\Users\admin\Documents\ClionProject\TactileGlove_py\本体感知系统显示程序\main.py:124] Set positions: [251, 874, 379, 298, 418, 231]
2025-08-27T21:28:33.889733Z[INFO][C:\Users\admin\Documents\ClionProject\TactileGlove_py\本体感知系统显示程序\main.py:124] Set positions: [185, 479, 377, 287, 407, 222]
2025-08-27T21:28:34.098229Z[INFO][C:\Users\admin\Documents\ClionProject\TactileGlove_py\本体感知系统显示程序\main.py:124] Set positions: [85, 328, 351, 249, 364, 193]
2025-08-27T21:28:34.309017Z[INFO][C:\Users\admin\Documents\ClionProject\TactileGlove_py\本体感知系统显示程序\main.py:124] Set positions: [82, 774, 29, 41, 128, 61]
2025-08-27T21:28:34.444690Z[INFO][C:\Users\admin\Documents\ClionProject\TactileGlove_py\本体感知系统显示程序\main.py:124] Set positions: [213, 987, 67, 43, 116, 41]
2025-08-27T21:28:34.655775Z[INFO][C:\Users\admin\Documents\ClionProject\TactileGlove_py\本体感知系统显示程序\main.py:124] Set positions: [284, 823, 362, 330, 473, 268]
2025-08-27T21:28:34.823962Z[INFO][C:\Users\admin\Documents\ClionProject\TactileGlove_py\本体感知系统显示程序\main.py:124] Set positions: [295, 778, 391, 369, 534, 331]
2025-08-27T21:28:35.022880Z[INFO][C:\Users\admin\Documents\ClionProject\TactileGlove_py\本体感知系统显示程序\main.py:124] Set positions: [308, 694, 387, 368, 530, 337]
2025-08-27T21:28:35.125432Z[INFO][C:\Users\admin\Documents\ClionProject\TactileGlove_py\本体感知系统显示程序\main.py:124] Set positions: [159, 597, 42, 36, 121, 61]
2025-08-27T21:28:35.339478Z[INFO][C:\Users\admin\Documents\ClionProject\TactileGlove_py\本体感知系统显示程序\main.py:124] Set positions: [100, 588, 0, 0, 0, 0]
2025-08-27T21:28:35.443018Z[INFO][C:\Users\admin\Documents\ClionProject\TactileGlove_py\本体感知系统显示程序\main.py:124] Set positions: [98, 612, 0, 0, 0, 0]
2025-08-27T21:28:35.595100Z[INFO][C:\Users\admin\Documents\ClionProject\TactileGlove_py\本体感知系统显示程序\main.py:124] Set positions: [100, 627, 0, 0, 0, 0]
2025-08-27T21:28:35.714365Z[INFO][C:\Users\admin\Documents\ClionProject\TactileGlove_py\本体感知系统显示程序\main.py:124] Set positions: [101, 615, 0, 0, 0, 0]
2025-08-27T21:28:35.910875Z[INFO][C:\Users\admin\Documents\ClionProject\TactileGlove_py\本体感知系统显示程序\main.py:124] Set positions: [113, 517, 321, 269, 341, 198]
2025-08-27T21:28:36.153651Z[INFO][C:\Users\admin\Documents\ClionProject\TactileGlove_py\本体感知系统显示程序\main.py:124] Set positions: [113, 459, 414, 380, 495, 322]
2025-08-27T21:28:36.473589Z[INFO][C:\Users\admin\Documents\ClionProject\TactileGlove_py\本体感知系统显示程序\main.py:124] Set positions: [105, 442, 406, 375, 489, 317]
2025-08-27T21:28:36.656110Z[INFO][C:\Users\admin\Documents\ClionProject\TactileGlove_py\本体感知系统显示程序\main.py:124] Set positions: [101, 425, 403, 373, 487, 315]
2025-08-27T21:28:36.822627Z[INFO][C:\Users\admin\Documents\ClionProject\TactileGlove_py\本体感知系统显示程序\main.py:124] Set positions: [96, 424, 269, 214, 305, 192]
2025-08-27T21:28:36.957479Z[INFO][C:\Users\admin\Documents\ClionProject\TactileGlove_py\本体感知系统显示程序\main.py:124] Set positions: [99, 439, 16, 0, 38, 40]
2025-08-27T21:28:37.124260Z[INFO][C:\Users\admin\Documents\ClionProject\TactileGlove_py\本体感知系统显示程序\main.py:124] Set positions: [99, 459, 0, 0, 0, 0]
2025-08-27T21:28:37.383021Z[INFO][C:\Users\admin\Documents\ClionProject\TactileGlove_py\本体感知系统显示程序\main.py:124] Set positions: [98, 457, 0, 0, 0, 0]
2025-08-27T21:28:37.690232Z[INFO][C:\Users\admin\Documents\ClionProject\TactileGlove_py\本体感知系统显示程序\main.py:124] Set positions: [96, 441, 47, 4, 42, 38]
2025-08-27T21:28:37.841185Z[INFO][C:\Users\admin\Documents\ClionProject\TactileGlove_py\本体感知系统显示程序\main.py:124] Set positions: [95, 398, 243, 201, 284, 228]
2025-08-27T21:28:38.050851Z[INFO][C:\Users\admin\Documents\ClionProject\TactileGlove_py\本体感知系统显示程序\main.py:124] Set positions: [93, 382, 306, 272, 357, 293]
2025-08-27T21:28:38.294671Z[INFO][C:\Users\admin\Documents\ClionProject\TactileGlove_py\本体感知系统显示程序\main.py:124] Set positions: [92, 374, 307, 272, 358, 295]
2025-08-27T21:28:38.507089Z[INFO][C:\Users\admin\Documents\ClionProject\TactileGlove_py\本体感知系统显示程序\main.py:124] Set positions: [89, 368, 300, 264, 346, 287]
2025-08-27T21:28:38.704235Z[INFO][C:\Users\admin\Documents\ClionProject\TactileGlove_py\本体感知系统显示程序\main.py:124] Set positions: [89, 373, 0, 0, 39, 69]
2025-08-27T21:28:38.825403Z[INFO][C:\Users\admin\Documents\ClionProject\TactileGlove_py\本体感知系统显示程序\main.py:124] Set positions: [90, 395, 0, 0, 0, 0]
2025-08-27T21:28:39.007804Z[INFO][C:\Users\admin\Documents\ClionProject\TactileGlove_py\本体感知系统显示程序\main.py:124] Set positions: [93, 454, 0, 0, 0, 0]
2025-08-27T21:28:39.130000Z[INFO][C:\Users\admin\Documents\ClionProject\TactileGlove_py\本体感知系统显示程序\main.py:124] Set positions: [97, 500, 0, 0, 0, 0]
2025-08-27T21:28:39.234262Z[INFO][C:\Users\admin\Documents\ClionProject\TactileGlove_py\本体感知系统显示程序\main.py:124] Set positions: [101, 541, 0, 0, 0, 0]
2025-08-27T21:28:39.389923Z[INFO][C:\Users\admin\Documents\ClionProject\TactileGlove_py\本体感知系统显示程序\main.py:124] Set positions: [104, 606, 0, 0, 0, 8]
2025-08-27T21:28:39.523323Z[INFO][C:\Users\admin\Documents\ClionProject\TactileGlove_py\本体感知系统显示程序\main.py:124] Set positions: [94, 616, 0, 0, 6, 16]
2025-08-27T21:28:39.739544Z[INFO][C:\Users\admin\Documents\ClionProject\TactileGlove_py\本体感知系统显示程序\main.py:124] Set positions: [98, 688, 0, 0, 3, 16]
2025-08-27T21:28:39.934079Z[INFO][C:\Users\admin\Documents\ClionProject\TactileGlove_py\本体感知系统显示程序\main.py:124] Set positions: [144, 740, 165, 152, 268, 179]
2025-08-27T21:28:40.143792Z[INFO][C:\Users\admin\Documents\ClionProject\TactileGlove_py\本体感知系统显示程序\main.py:124] Set positions: [157, 762, 211, 202, 309, 212]
2025-08-27T21:28:40.417827Z[INFO][C:\Users\admin\Documents\ClionProject\TactileGlove_py\本体感知系统显示程序\main.py:124] Set positions: [150, 751, 288, 275, 386, 272]
2025-08-27T21:28:40.556297Z[INFO][C:\Users\admin\Documents\ClionProject\TactileGlove_py\本体感知系统显示程序\main.py:124] Set positions: [131, 734, 368, 348, 481, 332]
2025-08-27T21:28:40.748887Z[INFO][C:\Users\admin\Documents\ClionProject\TactileGlove_py\本体感知系统显示程序\main.py:124] Set positions: [114, 693, 425, 420, 572, 392]
2025-08-27T21:28:40.961939Z[INFO][C:\Users\admin\Documents\ClionProject\TactileGlove_py\本体感知系统显示程序\main.py:124] Set positions: [118, 737, 472, 474, 626, 429]
2025-08-27T21:28:41.173804Z[INFO][C:\Users\admin\Documents\ClionProject\TactileGlove_py\本体感知系统显示程序\main.py:124] Set positions: [115, 718, 509, 516, 669, 450]
2025-08-27T21:28:41.280307Z[INFO][C:\Users\admin\Documents\ClionProject\TactileGlove_py\本体感知系统显示程序\main.py:124] Set positions: [87, 595, 473, 488, 636, 423]
2025-08-27T21:28:41.433733Z[INFO][C:\Users\admin\Documents\ClionProject\TactileGlove_py\本体感知系统显示程序\main.py:124] Set positions: [75, 498, 189, 176, 320, 213]
2025-08-27T21:28:41.614506Z[INFO][C:\Users\admin\Documents\ClionProject\TactileGlove_py\本体感知系统显示程序\main.py:124] Set positions: [109, 763, 0, 0, 56, 69]
2025-08-27T21:28:41.824868Z[INFO][C:\Users\admin\Documents\ClionProject\TactileGlove_py\本体感知系统显示程序\main.py:124] Set positions: [127, 913, 0, 0, 2, 23]
2025-08-27T21:28:42.079540Z[INFO][C:\Users\admin\Documents\ClionProject\TactileGlove_py\本体感知系统显示程序\main.py:124] Set positions: [130, 942, 0, 0, 13, 31]
2025-08-27T21:28:42.291827Z[INFO][C:\Users\admin\Documents\ClionProject\TactileGlove_py\本体感知系统显示程序\main.py:124] Set positions: [121, 893, 44, 0, 80, 53]
2025-08-27T21:28:42.507575Z[INFO][C:\Users\admin\Documents\ClionProject\TactileGlove_py\本体感知系统显示程序\main.py:124] Set positions: [119, 809, 215, 193, 332, 208]
2025-08-27T21:28:42.703140Z[INFO][C:\Users\admin\Documents\ClionProject\TactileGlove_py\本体感知系统显示程序\main.py:124] Set positions: [120, 853, 0, 0, 11, 33]
2025-08-27T21:28:42.915116Z[INFO][C:\Users\admin\Documents\ClionProject\TactileGlove_py\本体感知系统显示程序\main.py:124] Set positions: [124, 843, 0, 0, 0, 0]
2025-08-27T21:28:43.007070Z[INFO][C:\Users\admin\Documents\ClionProject\TactileGlove_py\本体感知系统显示程序\main.py:124] Set positions: [118, 817, 41, 0, 69, 68]
2025-08-27T21:28:43.218852Z[INFO][C:\Users\admin\Documents\ClionProject\TactileGlove_py\本体感知系统显示程序\main.py:124] Set positions: [123, 672, 274, 229, 328, 231]
2025-08-27T21:28:43.356986Z[INFO][C:\Users\admin\Documents\ClionProject\TactileGlove_py\本体感知系统显示程序\main.py:124] Set positions: [83, 550, 126, 106, 211, 134]
2025-08-27T21:28:43.523954Z[INFO][C:\Users\admin\Documents\ClionProject\TactileGlove_py\本体感知系统显示程序\main.py:124] Set positions: [64, 507, 4, 0, 64, 30]
2025-08-27T21:28:43.731222Z[INFO][C:\Users\admin\Documents\ClionProject\TactileGlove_py\本体感知系统显示程序\main.py:124] Set positions: [11, 352, 0, 0, 0, 0]
2025-08-27T21:28:43.866558Z[INFO][C:\Users\admin\Documents\ClionProject\TactileGlove_py\本体感知系统显示程序\main.py:124] Set positions: [0, 283, 0, 0, 0, 0]
2025-08-27T21:28:44.040354Z[INFO][C:\Users\admin\Documents\ClionProject\TactileGlove_py\本体感知系统显示程序\main.py:124] Set positions: [0, 264, 0, 0, 0, 0]
2025-08-27T21:28:44.261667Z[INFO][C:\Users\admin\Documents\ClionProject\TactileGlove_py\本体感知系统显示程序\main.py:124] Set positions: [0, 245, 0, 0, 0, 0]
2025-08-27T21:28:44.380273Z[INFO][C:\Users\admin\Documents\ClionProject\TactileGlove_py\本体感知系统显示程序\main.py:124] Set positions: [0, 175, 0, 237, 72, 116]
2025-08-27T21:28:44.546807Z[INFO][C:\Users\admin\Documents\ClionProject\TactileGlove_py\本体感知系统显示程序\main.py:124] Set positions: [0, 174, 0, 312, 131, 179]
2025-08-27T21:28:44.774688Z[INFO][C:\Users\admin\Documents\ClionProject\TactileGlove_py\本体感知系统显示程序\main.py:124] Set positions: [0, 155, 0, 456, 171, 207]
2025-08-27T21:28:44.956862Z[INFO][C:\Users\admin\Documents\ClionProject\TactileGlove_py\本体感知系统显示程序\main.py:124] Set positions: [0, 135, 0, 160, 0, 23]
2025-08-27T21:28:45.167764Z[INFO][C:\Users\admin\Documents\ClionProject\TactileGlove_py\本体感知系统显示程序\main.py:124] Set positions: [0, 174, 0, 0, 4, 0]
2025-08-27T21:28:45.316808Z[INFO][C:\Users\admin\Documents\ClionProject\TactileGlove_py\本体感知系统显示程序\main.py:124] Set positions: [0, 152, 164, 0, 0, 57]
2025-08-27T21:28:45.576297Z[INFO][C:\Users\admin\Documents\ClionProject\TactileGlove_py\本体感知系统显示程序\main.py:124] Set positions: [0, 112, 342, 2, 66, 155]
2025-08-27T21:28:45.773524Z[INFO][C:\Users\admin\Documents\ClionProject\TactileGlove_py\本体感知系统显示程序\main.py:124] Set positions: [0, 88, 435, 145, 207, 235]
2025-08-27T21:28:45.997669Z[INFO][C:\Users\admin\Documents\ClionProject\TactileGlove_py\本体感知系统显示程序\main.py:124] Set positions: [0, 0, 421, 139, 187, 233]
2025-08-27T21:28:46.106998Z[INFO][C:\Users\admin\Documents\ClionProject\TactileGlove_py\本体感知系统显示程序\main.py:124] Set positions: [0, 0, 0, 0, 0, 0]
2025-08-27T21:28:46.243626Z[INFO][C:\Users\admin\Documents\ClionProject\TactileGlove_py\本体感知系统显示程序\main.py:124] Set positions: [0, 0, 0, 0, 0, 0]
2025-08-27T21:28:46.490448Z[INFO][C:\Users\admin\Documents\ClionProject\TactileGlove_py\本体感知系统显示程序\main.py:124] Set positions: [0, 0, 0, 0, 0, 0]
2025-08-27T21:28:46.697675Z[INFO][C:\Users\admin\Documents\ClionProject\TactileGlove_py\本体感知系统显示程序\main.py:124] Set positions: [0, 0, 0, 0, 0, 0]
2025-08-27T21:28:46.893879Z[INFO][C:\Users\admin\Documents\ClionProject\TactileGlove_py\本体感知系统显示程序\main.py:124] Set positions: [0, 0, 0, 0, 0, 0]
2025-08-27T21:28:47.014109Z[INFO][C:\Users\admin\Documents\ClionProject\TactileGlove_py\本体感知系统显示程序\main.py:124] Set positions: [0, 0, 0, 0, 0, 0]
2025-08-27T21:28:47.150719Z[INFO][C:\Users\admin\Documents\ClionProject\TactileGlove_py\本体感知系统显示程序\main.py:124] Set positions: [0, 0, 0, 0, 0, 0]
2025-08-27T21:28:47.363123Z[INFO][C:\Users\admin\Documents\ClionProject\TactileGlove_py\本体感知系统显示程序\main.py:124] Set positions: [0, 0, 0, 0, 0, 0]
2025-08-27T21:28:47.623877Z[INFO][C:\Users\admin\Documents\ClionProject\TactileGlove_py\本体感知系统显示程序\main.py:124] Set positions: [0, 0, 0, 0, 0, 0]
2025-08-27T21:28:47.824119Z[INFO][C:\Users\admin\Documents\ClionProject\TactileGlove_py\本体感知系统显示程序\main.py:124] Set positions: [0, 0, 0, 0, 0, 0]
2025-08-27T21:28:48.016757Z[INFO][C:\Users\admin\Documents\ClionProject\TactileGlove_py\本体感知系统显示程序\main.py:124] Set positions: [0, 0, 0, 0, 0, 0]
2025-08-27T21:28:48.231179Z[INFO][C:\Users\admin\Documents\ClionProject\TactileGlove_py\本体感知系统显示程序\main.py:124] Set positions: [0, 0, 0, 0, 0, 0]
2025-08-27T21:28:48.440656Z[INFO][C:\Users\admin\Documents\ClionProject\TactileGlove_py\本体感知系统显示程序\main.py:124] Set positions: [0, 0, 0, 0, 0, 0]
2025-08-27T21:28:48.575226Z[INFO][C:\Users\admin\Documents\ClionProject\TactileGlove_py\本体感知系统显示程序\main.py:124] Set positions: [0, 0, 0, 0, 0, 0]
2025-08-27T21:28:48.743611Z[INFO][C:\Users\admin\Documents\ClionProject\TactileGlove_py\本体感知系统显示程序\main.py:124] Set positions: [0, 0, 0, 0, 0, 0]
2025-08-27T21:28:48.951864Z[INFO][C:\Users\admin\Documents\ClionProject\TactileGlove_py\本体感知系统显示程序\main.py:124] Set positions: [0, 0, 0, 0, 0, 0]
2025-08-27T21:28:49.240162Z[INFO][C:\Users\admin\Documents\ClionProject\TactileGlove_py\本体感知系统显示程序\main.py:124] Set positions: [0, 0, 0, 0, 0, 0]
2025-08-27T21:28:49.362826Z[INFO][C:\Users\admin\Documents\ClionProject\TactileGlove_py\本体感知系统显示程序\main.py:124] Set positions: [0, 0, 0, 0, 0, 0]
2025-08-27T21:28:49.451607Z[INFO][C:\Users\admin\Documents\ClionProject\TactileGlove_py\本体感知系统显示程序\main.py:124] Set positions: [0, 0, 0, 0, 0, 0]
2025-08-27T21:28:49.616652Z[INFO][C:\Users\admin\Documents\ClionProject\TactileGlove_py\本体感知系统显示程序\main.py:124] Set positions: [0, 0, 0, 0, 0, 0]
2025-08-27T21:28:49.829248Z[INFO][C:\Users\admin\Documents\ClionProject\TactileGlove_py\本体感知系统显示程序\main.py:124] Set positions: [0, 0, 0, 0, 0, 0]
2025-08-27T21:28:50.026805Z[INFO][C:\Users\admin\Documents\ClionProject\TactileGlove_py\本体感知系统显示程序\main.py:124] Set positions: [0, 0, 0, 0, 0, 0]
2025-08-27T21:28:50.178498Z[INFO][C:\Users\admin\Documents\ClionProject\TactileGlove_py\本体感知系统显示程序\main.py:124] Set positions: [0, 0, 0, 0, 0, 0]
2025-08-27T21:28:50.331003Z[INFO][C:\Users\admin\Documents\ClionProject\TactileGlove_py\本体感知系统显示程序\main.py:124] Set positions: [0, 0, 0, 0, 0, 0]
2025-08-27T21:28:50.679241Z[INFO][C:\Users\admin\Documents\ClionProject\TactileGlove_py\本体感知系统显示程序\main.py:124] Set positions: [0, 0, 0, 0, 0, 0]
2025-08-27T21:28:50.790911Z[INFO][C:\Users\admin\Documents\ClionProject\TactileGlove_py\本体感知系统显示程序\main.py:124] Set positions: [0, 0, 0, 0, 0, 0]
2025-08-27T21:28:51.117994Z[INFO][C:\Users\admin\Documents\ClionProject\TactileGlove_py\本体感知系统显示程序\main.py:124] Set positions: [0, 0, 0, 0, 0, 0]
2025-08-27T21:28:51.224249Z[INFO][C:\Users\admin\Documents\ClionProject\TactileGlove_py\本体感知系统显示程序\main.py:124] Set positions: [0, 0, 0, 0, 0, 0]
2025-08-27T21:28:51.343363Z[INFO][C:\Users\admin\Documents\ClionProject\TactileGlove_py\本体感知系统显示程序\main.py:124] Set positions: [0, 0, 0, 0, 0, 0]
2025-08-27T21:28:51.720963Z[INFO][C:\Users\admin\Documents\ClionProject\TactileGlove_py\本体感知系统显示程序\main.py:124] Set positions: [0, 0, 0, 0, 0, 0]
2025-08-27T21:28:51.826626Z[INFO][C:\Users\admin\Documents\ClionProject\TactileGlove_py\本体感知系统显示程序\main.py:124] Set positions: [0, 0, 0, 0, 0, 0]
2025-08-27T21:28:51.977728Z[INFO][C:\Users\admin\Documents\ClionProject\TactileGlove_py\本体感知系统显示程序\main.py:124] Set positions: [0, 0, 0, 0, 0, 0]
2025-08-27T21:28:52.177110Z[INFO][C:\Users\admin\Documents\ClionProject\TactileGlove_py\本体感知系统显示程序\main.py:124] Set positions: [0, 0, 0, 0, 0, 0]
2025-08-27T21:28:52.433407Z[INFO][C:\Users\admin\Documents\ClionProject\TactileGlove_py\本体感知系统显示程序\main.py:124] Set positions: [0, 0, 0, 0, 0, 0]
2025-08-27T21:28:52.584502Z[INFO][C:\Users\admin\Documents\ClionProject\TactileGlove_py\本体感知系统显示程序\main.py:124] Set positions: [0, 0, 0, 0, 0, 0]
2025-08-27T21:28:52.779701Z[INFO][C:\Users\admin\Documents\ClionProject\TactileGlove_py\本体感知系统显示程序\main.py:124] Set positions: [0, 0, 0, 0, 0, 0]
2025-08-27T21:28:52.946866Z[INFO][C:\Users\admin\Documents\ClionProject\TactileGlove_py\本体感知系统显示程序\main.py:124] Set positions: [0, 0, 0, 0, 0, 0]
2025-08-27T21:28:53.140472Z[INFO][C:\Users\admin\Documents\ClionProject\TactileGlove_py\本体感知系统显示程序\main.py:124] Set positions: [0, 0, 0, 0, 0, 0]
2025-08-27T21:28:53.357935Z[INFO][C:\Users\admin\Documents\ClionProject\TactileGlove_py\本体感知系统显示程序\main.py:124] Set positions: [0, 0, 0, 0, 0, 0]
2025-08-27T21:28:53.549708Z[INFO][C:\Users\admin\Documents\ClionProject\TactileGlove_py\本体感知系统显示程序\main.py:124] Set positions: [0, 0, 0, 0, 0, 0]
2025-08-27T21:28:53.764108Z[INFO][C:\Users\admin\Documents\ClionProject\TactileGlove_py\本体感知系统显示程序\main.py:124] Set positions: [0, 0, 0, 0, 0, 0]
2025-08-27T21:28:53.874802Z[INFO][C:\Users\admin\Documents\ClionProject\TactileGlove_py\本体感知系统显示程序\main.py:124] Set positions: [0, 0, 0, 0, 0, 0]
2025-08-27T21:28:54.024793Z[INFO][C:\Users\admin\Documents\ClionProject\TactileGlove_py\本体感知系统显示程序\main.py:124] Set positions: [0, 0, 0, 0, 0, 0]
2025-08-27T21:28:54.280583Z[INFO][C:\Users\admin\Documents\ClionProject\TactileGlove_py\本体感知系统显示程序\main.py:124] Set positions: [0, 0, 0, 0, 0, 0]
2025-08-27T21:28:54.478755Z[INFO][C:\Users\admin\Documents\ClionProject\TactileGlove_py\本体感知系统显示程序\main.py:124] Set positions: [0, 0, 0, 0, 0, 0]
2025-08-27T21:28:54.632850Z[INFO][C:\Users\admin\Documents\ClionProject\TactileGlove_py\本体感知系统显示程序\main.py:124] Set positions: [0, 0, 0, 0, 0, 0]
2025-08-27T21:28:54.784508Z[INFO][C:\Users\admin\Documents\ClionProject\TactileGlove_py\本体感知系统显示程序\main.py:124] Set positions: [0, 0, 0, 0, 0, 0]
2025-08-27T21:28:54.996229Z[INFO][C:\Users\admin\Documents\ClionProject\TactileGlove_py\本体感知系统显示程序\main.py:124] Set positions: [0, 0, 0, 0, 0, 0]
2025-08-27T21:28:55.132690Z[INFO][C:\Users\admin\Documents\ClionProject\TactileGlove_py\本体感知系统显示程序\main.py:124] Set positions: [0, 0, 0, 0, 0, 0]
2025-08-27T21:28:55.421917Z[INFO][C:\Users\admin\Documents\ClionProject\TactileGlove_py\本体感知系统显示程序\main.py:124] Set positions: [0, 0, 0, 0, 0, 0]
2025-08-27T21:28:55.558832Z[INFO][C:\Users\admin\Documents\ClionProject\TactileGlove_py\本体感知系统显示程序\main.py:124] Set positions: [0, 0, 0, 0, 0, 0]
2025-08-27T21:28:55.800117Z[INFO][C:\Users\admin\Documents\ClionProject\TactileGlove_py\本体感知系统显示程序\main.py:124] Set positions: [0, 0, 0, 0, 0, 0]
2025-08-27T21:28:55.906782Z[INFO][C:\Users\admin\Documents\ClionProject\TactileGlove_py\本体感知系统显示程序\main.py:124] Set positions: [0, 0, 0, 0, 0, 0]
2025-08-27T21:28:56.134879Z[INFO][C:\Users\admin\Documents\ClionProject\TactileGlove_py\本体感知系统显示程序\main.py:124] Set positions: [0, 0, 0, 0, 0, 0]
2025-08-27T21:28:56.315103Z[INFO][C:\Users\admin\Documents\ClionProject\TactileGlove_py\本体感知系统显示程序\main.py:124] Set positions: [0, 0, 0, 0, 0, 0]
2025-08-27T21:28:56.558219Z[INFO][C:\Users\admin\Documents\ClionProject\TactileGlove_py\本体感知系统显示程序\main.py:124] Set positions: [0, 0, 0, 0, 0, 0]
2025-08-27T21:28:56.693680Z[INFO][C:\Users\admin\Documents\ClionProject\TactileGlove_py\本体感知系统显示程序\main.py:124] Set positions: [0, 0, 0, 0, 0, 0]
2025-08-27T21:28:56.829322Z[INFO][C:\Users\admin\Documents\ClionProject\TactileGlove_py\本体感知系统显示程序\main.py:124] Set positions: [0, 0, 0, 0, 0, 0]
2025-08-27T21:28:57.057319Z[INFO][C:\Users\admin\Documents\ClionProject\TactileGlove_py\本体感知系统显示程序\main.py:124] Set positions: [0, 0, 0, 0, 0, 0]
2025-08-27T21:28:57.206972Z[INFO][C:\Users\admin\Documents\ClionProject\TactileGlove_py\本体感知系统显示程序\main.py:124] Set positions: [0, 0, 0, 0, 0, 0]
2025-08-27T21:28:57.462093Z[INFO][C:\Users\admin\Documents\ClionProject\TactileGlove_py\本体感知系统显示程序\main.py:124] Set positions: [0, 0, 0, 0, 0, 0]
2025-08-27T21:28:57.691694Z[INFO][C:\Users\admin\Documents\ClionProject\TactileGlove_py\本体感知系统显示程序\main.py:124] Set positions: [0, 0, 0, 0, 0, 0]
2025-08-27T21:28:57.811861Z[INFO][C:\Users\admin\Documents\ClionProject\TactileGlove_py\本体感知系统显示程序\main.py:124] Set positions: [0, 0, 0, 0, 0, 0]
2025-08-27T21:28:58.041857Z[INFO][C:\Users\admin\Documents\ClionProject\TactileGlove_py\本体感知系统显示程序\main.py:124] Set positions: [0, 0, 0, 0, 0, 0]
2025-08-27T21:28:58.206625Z[INFO][C:\Users\admin\Documents\ClionProject\TactileGlove_py\本体感知系统显示程序\main.py:124] Set positions: [0, 0, 0, 0, 0, 0]
