2025-08-27T22:22:08.778860Z[INFO][src\python\py_mod.rs:25] bc_stark_sdk version: 0.8.6
2025-08-27T22:22:08.779857Z[INFO][src\stark\config.rs:30] Logging initialized with level: Info
2025-08-27T22:22:08.779857Z[INFO][src\stark\config.rs:36] StarkSDK initialized, protocol_type: Modbus
2025-08-27T22:22:11.029415Z[INFO][C:\Users\admin\Documents\ClionProject\TactileGlove_py\本体感知系统显示程序\main.py:70] Right: DeviceInfo { sku_type: MediumRight, serial_number: BCXER1233J2500003, firmware_version: 0.0.5 }
2025-08-27T22:22:11.094226Z[INFO][C:\Users\admin\Documents\ClionProject\TactileGlove_py\本体感知系统显示程序\main.py:124] Set positions: [0, 0, 0, 0, 0, 0]
2025-08-27T22:22:11.139231Z[INFO][C:\Users\admin\Documents\ClionProject\TactileGlove_py\本体感知系统显示程序\main.py:124] Set positions: [0, 0, 0, 0, 0, 0]
2025-08-27T22:22:11.170056Z[INFO][C:\Users\admin\Documents\ClionProject\TactileGlove_py\本体感知系统显示程序\main.py:124] Set positions: [0, 0, 0, 0, 0, 0]
2025-08-27T22:22:11.230913Z[INFO][C:\Users\admin\Documents\ClionProject\TactileGlove_py\本体感知系统显示程序\main.py:124] Set positions: [0, 0, 0, 0, 0, 0]
2025-08-27T22:22:11.321164Z[INFO][C:\Users\admin\Documents\ClionProject\TactileGlove_py\本体感知系统显示程序\main.py:124] Set positions: [0, 0, 0, 0, 0, 0]
2025-08-27T22:22:11.506113Z[INFO][C:\Users\admin\Documents\ClionProject\TactileGlove_py\本体感知系统显示程序\main.py:124] Set positions: [0, 0, 0, 0, 0, 0]
2025-08-27T22:22:11.672689Z[INFO][C:\Users\admin\Documents\ClionProject\TactileGlove_py\本体感知系统显示程序\main.py:124] Set positions: [0, 0, 0, 0, 0, 0]
2025-08-27T22:22:11.808627Z[INFO][C:\Users\admin\Documents\ClionProject\TactileGlove_py\本体感知系统显示程序\main.py:124] Set positions: [0, 0, 0, 0, 0, 0]
2025-08-27T22:22:12.022394Z[INFO][C:\Users\admin\Documents\ClionProject\TactileGlove_py\本体感知系统显示程序\main.py:124] Set positions: [0, 0, 0, 0, 0, 0]
2025-08-27T22:22:12.232001Z[INFO][C:\Users\admin\Documents\ClionProject\TactileGlove_py\本体感知系统显示程序\main.py:124] Set positions: [0, 0, 0, 0, 0, 0]
2025-08-27T22:22:12.503587Z[INFO][C:\Users\admin\Documents\ClionProject\TactileGlove_py\本体感知系统显示程序\main.py:124] Set positions: [0, 0, 0, 0, 0, 0]
2025-08-27T22:22:13.047307Z[INFO][C:\Users\admin\Documents\ClionProject\TactileGlove_py\本体感知系统显示程序\main.py:124] Set positions: [0, 0, 0, 0, 0, 0]
2025-08-27T22:22:13.123178Z[INFO][C:\Users\admin\Documents\ClionProject\TactileGlove_py\本体感知系统显示程序\main.py:124] Set positions: [0, 0, 0, 0, 0, 0]
2025-08-27T22:22:13.350035Z[INFO][C:\Users\admin\Documents\ClionProject\TactileGlove_py\本体感知系统显示程序\main.py:124] Set positions: [0, 0, 0, 0, 0, 0]
2025-08-27T22:22:13.560189Z[INFO][C:\Users\admin\Documents\ClionProject\TactileGlove_py\本体感知系统显示程序\main.py:124] Set positions: [0, 0, 0, 0, 0, 0]
2025-08-27T22:22:13.772978Z[INFO][C:\Users\admin\Documents\ClionProject\TactileGlove_py\本体感知系统显示程序\main.py:124] Set positions: [0, 0, 0, 0, 0, 0]
2025-08-27T22:22:13.862159Z[INFO][C:\Users\admin\Documents\ClionProject\TactileGlove_py\本体感知系统显示程序\main.py:124] Set positions: [0, 0, 0, 0, 0, 0]
2025-08-27T22:22:14.028843Z[INFO][C:\Users\admin\Documents\ClionProject\TactileGlove_py\本体感知系统显示程序\main.py:124] Set positions: [0, 0, 0, 0, 0, 0]
2025-08-27T22:22:14.348548Z[INFO][C:\Users\admin\Documents\ClionProject\TactileGlove_py\本体感知系统显示程序\main.py:124] Set positions: [0, 0, 0, 0, 0, 0]
2025-08-27T22:22:14.488867Z[INFO][C:\Users\admin\Documents\ClionProject\TactileGlove_py\本体感知系统显示程序\main.py:124] Set positions: [0, 0, 0, 0, 0, 0]
2025-08-27T22:22:14.680462Z[INFO][C:\Users\admin\Documents\ClionProject\TactileGlove_py\本体感知系统显示程序\main.py:124] Set positions: [0, 0, 0, 0, 0, 0]
2025-08-27T22:22:14.892435Z[INFO][C:\Users\admin\Documents\ClionProject\TactileGlove_py\本体感知系统显示程序\main.py:124] Set positions: [0, 0, 0, 0, 0, 0]
2025-08-27T22:22:15.090632Z[INFO][C:\Users\admin\Documents\ClionProject\TactileGlove_py\本体感知系统显示程序\main.py:124] Set positions: [0, 0, 0, 0, 0, 0]
2025-08-27T22:22:15.304521Z[INFO][C:\Users\admin\Documents\ClionProject\TactileGlove_py\本体感知系统显示程序\main.py:124] Set positions: [0, 0, 0, 0, 0, 0]
2025-08-27T22:22:15.407989Z[INFO][C:\Users\admin\Documents\ClionProject\TactileGlove_py\本体感知系统显示程序\main.py:124] Set positions: [0, 0, 0, 0, 0, 0]
2025-08-27T22:22:15.559764Z[INFO][C:\Users\admin\Documents\ClionProject\TactileGlove_py\本体感知系统显示程序\main.py:124] Set positions: [0, 0, 0, 0, 0, 0]
2025-08-27T22:22:15.639467Z[INFO][C:\Users\admin\Documents\ClionProject\TactileGlove_py\本体感知系统显示程序\main.py:124] Set positions: [0, 0, 0, 0, 0, 0]
2025-08-27T22:22:15.772101Z[INFO][C:\Users\admin\Documents\ClionProject\TactileGlove_py\本体感知系统显示程序\main.py:124] Set positions: [0, 0, 0, 0, 0, 0]
2025-08-27T22:22:15.955787Z[INFO][C:\Users\admin\Documents\ClionProject\TactileGlove_py\本体感知系统显示程序\main.py:124] Set positions: [0, 0, 0, 0, 0, 0]
2025-08-27T22:22:16.118211Z[INFO][C:\Users\admin\Documents\ClionProject\TactileGlove_py\本体感知系统显示程序\main.py:124] Set positions: [0, 12, 0, 0, 0, 0]
2025-08-27T22:22:16.224904Z[INFO][C:\Users\admin\Documents\ClionProject\TactileGlove_py\本体感知系统显示程序\main.py:124] Set positions: [0, 0, 0, 0, 0, 0]
2025-08-27T22:22:16.422827Z[INFO][C:\Users\admin\Documents\ClionProject\TactileGlove_py\本体感知系统显示程序\main.py:124] Set positions: [0, 0, 0, 0, 0, 0]
2025-08-27T22:22:16.635057Z[INFO][C:\Users\admin\Documents\ClionProject\TactileGlove_py\本体感知系统显示程序\main.py:124] Set positions: [0, 165, 0, 0, 0, 0]
2025-08-27T22:22:16.833377Z[INFO][C:\Users\admin\Documents\ClionProject\TactileGlove_py\本体感知系统显示程序\main.py:124] Set positions: [0, 788, 0, 0, 0, 0]
2025-08-27T22:22:16.939474Z[INFO][C:\Users\admin\Documents\ClionProject\TactileGlove_py\本体感知系统显示程序\main.py:124] Set positions: [5, 1000, 21, 0, 0, 0]
2025-08-27T22:22:17.211676Z[INFO][C:\Users\admin\Documents\ClionProject\TactileGlove_py\本体感知系统显示程序\main.py:124] Set positions: [0, 824, 569, 426, 590, 244]
2025-08-27T22:22:17.393103Z[INFO][C:\Users\admin\Documents\ClionProject\TactileGlove_py\本体感知系统显示程序\main.py:124] Set positions: [0, 676, 673, 591, 802, 392]
2025-08-27T22:22:17.650083Z[INFO][C:\Users\admin\Documents\ClionProject\TactileGlove_py\本体感知系统显示程序\main.py:124] Set positions: [0, 648, 317, 328, 461, 185]
2025-08-27T22:22:17.755622Z[INFO][C:\Users\admin\Documents\ClionProject\TactileGlove_py\本体感知系统显示程序\main.py:124] Set positions: [0, 670, 190, 185, 227, 66]
2025-08-27T22:22:17.965580Z[INFO][C:\Users\admin\Documents\ClionProject\TactileGlove_py\本体感知系统显示程序\main.py:124] Set positions: [0, 711, 103, 0, 0, 0]
2025-08-27T22:22:18.162491Z[INFO][C:\Users\admin\Documents\ClionProject\TactileGlove_py\本体感知系统显示程序\main.py:124] Set positions: [82, 1000, 42, 0, 0, 0]
2025-08-27T22:22:18.272704Z[INFO][C:\Users\admin\Documents\ClionProject\TactileGlove_py\本体感知系统显示程序\main.py:124] Set positions: [95, 1000, 96, 0, 76, 89]
2025-08-27T22:22:18.421875Z[INFO][C:\Users\admin\Documents\ClionProject\TactileGlove_py\本体感知系统显示程序\main.py:124] Set positions: [71, 1000, 627, 475, 589, 331]
2025-08-27T22:22:18.631608Z[INFO][C:\Users\admin\Documents\ClionProject\TactileGlove_py\本体感知系统显示程序\main.py:124] Set positions: [64, 1000, 374, 245, 281, 228]
2025-08-27T22:22:18.845176Z[INFO][C:\Users\admin\Documents\ClionProject\TactileGlove_py\本体感知系统显示程序\main.py:124] Set positions: [55, 968, 283, 128, 80, 33]
2025-08-27T22:22:19.026537Z[INFO][C:\Users\admin\Documents\ClionProject\TactileGlove_py\本体感知系统显示程序\main.py:124] Set positions: [41, 869, 671, 476, 573, 315]
2025-08-27T22:22:19.239518Z[INFO][C:\Users\admin\Documents\ClionProject\TactileGlove_py\本体感知系统显示程序\main.py:124] Set positions: [48, 847, 182, 139, 123, 80]
2025-08-27T22:22:19.407205Z[INFO][C:\Users\admin\Documents\ClionProject\TactileGlove_py\本体感知系统显示程序\main.py:124] Set positions: [49, 834, 129, 0, 0, 0]
2025-08-27T22:22:19.537639Z[INFO][C:\Users\admin\Documents\ClionProject\TactileGlove_py\本体感知系统显示程序\main.py:124] Set positions: [46, 817, 129, 0, 0, 0]
2025-08-27T22:22:19.748516Z[INFO][C:\Users\admin\Documents\ClionProject\TactileGlove_py\本体感知系统显示程序\main.py:124] Set positions: [36, 776, 686, 467, 493, 202]
2025-08-27T22:22:19.914844Z[INFO][C:\Users\admin\Documents\ClionProject\TactileGlove_py\本体感知系统显示程序\main.py:124] Set positions: [32, 748, 769, 541, 645, 290]
2025-08-27T22:22:20.073020Z[INFO][C:\Users\admin\Documents\ClionProject\TactileGlove_py\本体感知系统显示程序\main.py:124] Set positions: [33, 738, 757, 546, 671, 314]
2025-08-27T22:22:20.223063Z[INFO][C:\Users\admin\Documents\ClionProject\TactileGlove_py\本体感知系统显示程序\main.py:124] Set positions: [33, 731, 746, 529, 645, 309]
2025-08-27T22:22:20.434500Z[INFO][C:\Users\admin\Documents\ClionProject\TactileGlove_py\本体感知系统显示程序\main.py:124] Set positions: [53, 778, 200, 53, 0, 9]
2025-08-27T22:22:20.541705Z[INFO][C:\Users\admin\Documents\ClionProject\TactileGlove_py\本体感知系统显示程序\main.py:124] Set positions: [53, 837, 154, 0, 0, 0]
2025-08-27T22:22:20.633116Z[INFO][C:\Users\admin\Documents\ClionProject\TactileGlove_py\本体感知系统显示程序\main.py:124] Set positions: [56, 906, 132, 0, 0, 0]
2025-08-27T22:22:20.723964Z[INFO][C:\Users\admin\Documents\ClionProject\TactileGlove_py\本体感知系统显示程序\main.py:124] Set positions: [59, 952, 129, 0, 0, 16]
2025-08-27T22:22:20.831042Z[INFO][C:\Users\admin\Documents\ClionProject\TactileGlove_py\本体感知系统显示程序\main.py:124] Set positions: [63, 970, 225, 13, 85, 113]
2025-08-27T22:22:20.923100Z[INFO][C:\Users\admin\Documents\ClionProject\TactileGlove_py\本体感知系统显示程序\main.py:124] Set positions: [62, 926, 577, 316, 410, 255]
2025-08-27T22:22:21.072331Z[INFO][C:\Users\admin\Documents\ClionProject\TactileGlove_py\本体感知系统显示程序\main.py:124] Set positions: [50, 817, 871, 500, 620, 358]
2025-08-27T22:22:21.240572Z[INFO][C:\Users\admin\Documents\ClionProject\TactileGlove_py\本体感知系统显示程序\main.py:124] Set positions: [48, 789, 840, 482, 613, 361]
2025-08-27T22:22:21.455836Z[INFO][C:\Users\admin\Documents\ClionProject\TactileGlove_py\本体感知系统显示程序\main.py:124] Set positions: [55, 792, 159, 0, 8, 18]
2025-08-27T22:22:21.589433Z[INFO][C:\Users\admin\Documents\ClionProject\TactileGlove_py\本体感知系统显示程序\main.py:124] Set positions: [54, 812, 99, 0, 0, 0]
2025-08-27T22:22:21.847234Z[INFO][C:\Users\admin\Documents\ClionProject\TactileGlove_py\本体感知系统显示程序\main.py:124] Set positions: [57, 743, 711, 426, 588, 372]
2025-08-27T22:22:22.059006Z[INFO][C:\Users\admin\Documents\ClionProject\TactileGlove_py\本体感知系统显示程序\main.py:124] Set positions: [104, 725, 793, 528, 722, 496]
2025-08-27T22:22:22.255658Z[INFO][C:\Users\admin\Documents\ClionProject\TactileGlove_py\本体感知系统显示程序\main.py:124] Set positions: [121, 734, 781, 502, 727, 497]
2025-08-27T22:22:22.466840Z[INFO][C:\Users\admin\Documents\ClionProject\TactileGlove_py\本体感知系统显示程序\main.py:124] Set positions: [83, 743, 287, 170, 220, 178]
2025-08-27T22:22:22.679829Z[INFO][C:\Users\admin\Documents\ClionProject\TactileGlove_py\本体感知系统显示程序\main.py:124] Set positions: [74, 735, 175, 33, 73, 45]
2025-08-27T22:22:22.890903Z[INFO][C:\Users\admin\Documents\ClionProject\TactileGlove_py\本体感知系统显示程序\main.py:124] Set positions: [72, 725, 131, 0, 61, 31]
2025-08-27T22:22:22.981597Z[INFO][C:\Users\admin\Documents\ClionProject\TactileGlove_py\本体感知系统显示程序\main.py:124] Set positions: [72, 717, 252, 0, 65, 34]
2025-08-27T22:22:23.196397Z[INFO][C:\Users\admin\Documents\ClionProject\TactileGlove_py\本体感知系统显示程序\main.py:124] Set positions: [59, 685, 764, 109, 91, 41]
2025-08-27T22:22:23.377647Z[INFO][C:\Users\admin\Documents\ClionProject\TactileGlove_py\本体感知系统显示程序\main.py:124] Set positions: [67, 667, 160, 16, 79, 38]
2025-08-27T22:22:23.591610Z[INFO][C:\Users\admin\Documents\ClionProject\TactileGlove_py\本体感知系统显示程序\main.py:124] Set positions: [67, 646, 65, 0, 66, 35]
2025-08-27T22:22:23.806077Z[INFO][C:\Users\admin\Documents\ClionProject\TactileGlove_py\本体感知系统显示程序\main.py:124] Set positions: [64, 631, 56, 0, 61, 33]
2025-08-27T22:22:23.895406Z[INFO][C:\Users\admin\Documents\ClionProject\TactileGlove_py\本体感知系统显示程序\main.py:124] Set positions: [60, 618, 413, 1, 61, 34]
2025-08-27T22:22:23.989649Z[INFO][C:\Users\admin\Documents\ClionProject\TactileGlove_py\本体感知系统显示程序\main.py:124] Set positions: [57, 619, 605, 52, 64, 33]
2025-08-27T22:22:24.208454Z[INFO][C:\Users\admin\Documents\ClionProject\TactileGlove_py\本体感知系统显示程序\main.py:124] Set positions: [50, 614, 729, 86, 66, 35]
2025-08-27T22:22:24.315036Z[INFO][C:\Users\admin\Documents\ClionProject\TactileGlove_py\本体感知系统显示程序\main.py:124] Set positions: [48, 612, 730, 81, 65, 35]
2025-08-27T22:22:24.450742Z[INFO][C:\Users\admin\Documents\ClionProject\TactileGlove_py\本体感知系统显示程序\main.py:124] Set positions: [51, 612, 456, 64, 66, 35]
2025-08-27T22:22:24.570975Z[INFO][C:\Users\admin\Documents\ClionProject\TactileGlove_py\本体感知系统显示程序\main.py:124] Set positions: [54, 600, 205, 51, 66, 34]
2025-08-27T22:22:24.766639Z[INFO][C:\Users\admin\Documents\ClionProject\TactileGlove_py\本体感知系统显示程序\main.py:124] Set positions: [53, 591, 28, 27, 68, 35]
2025-08-27T22:22:24.922506Z[INFO][C:\Users\admin\Documents\ClionProject\TactileGlove_py\本体感知系统显示程序\main.py:124] Set positions: [54, 598, 0, 0, 56, 34]
2025-08-27T22:22:25.129795Z[INFO][C:\Users\admin\Documents\ClionProject\TactileGlove_py\本体感知系统显示程序\main.py:124] Set positions: [53, 601, 34, 289, 73, 19]
2025-08-27T22:22:25.342145Z[INFO][C:\Users\admin\Documents\ClionProject\TactileGlove_py\本体感知系统显示程序\main.py:124] Set positions: [51, 601, 56, 508, 175, 28]
2025-08-27T22:22:25.542180Z[INFO][C:\Users\admin\Documents\ClionProject\TactileGlove_py\本体感知系统显示程序\main.py:124] Set positions: [51, 599, 49, 513, 151, 16]
2025-08-27T22:22:25.752182Z[INFO][C:\Users\admin\Documents\ClionProject\TactileGlove_py\本体感知系统显示程序\main.py:124] Set positions: [50, 596, 0, 50, 0, 0]
2025-08-27T22:22:26.036194Z[INFO][C:\Users\admin\Documents\ClionProject\TactileGlove_py\本体感知系统显示程序\main.py:124] Set positions: [49, 595, 0, 0, 0, 0]
2025-08-27T22:22:26.113075Z[INFO][C:\Users\admin\Documents\ClionProject\TactileGlove_py\本体感知系统显示程序\main.py:124] Set positions: [50, 607, 0, 0, 191, 18]
2025-08-27T22:22:26.265303Z[INFO][C:\Users\admin\Documents\ClionProject\TactileGlove_py\本体感知系统显示程序\main.py:124] Set positions: [53, 613, 0, 91, 696, 232]
2025-08-27T22:22:26.400192Z[INFO][C:\Users\admin\Documents\ClionProject\TactileGlove_py\本体感知系统显示程序\main.py:124] Set positions: [53, 610, 0, 163, 815, 291]
2025-08-27T22:22:26.738937Z[INFO][C:\Users\admin\Documents\ClionProject\TactileGlove_py\本体感知系统显示程序\main.py:124] Set positions: [54, 621, 0, 4, 153, 99]
2025-08-27T22:22:26.872088Z[INFO][C:\Users\admin\Documents\ClionProject\TactileGlove_py\本体感知系统显示程序\main.py:124] Set positions: [54, 614, 0, 0, 0, 0]
2025-08-27T22:22:27.111398Z[INFO][C:\Users\admin\Documents\ClionProject\TactileGlove_py\本体感知系统显示程序\main.py:124] Set positions: [54, 612, 0, 0, 0, 0]
2025-08-27T22:22:27.188815Z[INFO][C:\Users\admin\Documents\ClionProject\TactileGlove_py\本体感知系统显示程序\main.py:124] Set positions: [53, 615, 0, 0, 0, 0]
2025-08-27T22:22:27.339123Z[INFO][C:\Users\admin\Documents\ClionProject\TactileGlove_py\本体感知系统显示程序\main.py:124] Set positions: [55, 618, 0, 0, 152, 282]
2025-08-27T22:22:27.671109Z[INFO][C:\Users\admin\Documents\ClionProject\TactileGlove_py\本体感知系统显示程序\main.py:124] Set positions: [63, 625, 0, 0, 449, 655]
2025-08-27T22:22:27.850611Z[INFO][C:\Users\admin\Documents\ClionProject\TactileGlove_py\本体感知系统显示程序\main.py:124] Set positions: [62, 624, 0, 0, 493, 701]
2025-08-27T22:22:28.062687Z[INFO][C:\Users\admin\Documents\ClionProject\TactileGlove_py\本体感知系统显示程序\main.py:124] Set positions: [59, 616, 0, 0, 441, 642]
2025-08-27T22:22:28.214964Z[INFO][C:\Users\admin\Documents\ClionProject\TactileGlove_py\本体感知系统显示程序\main.py:124] Set positions: [47, 598, 0, 0, 95, 177]
2025-08-27T22:22:28.410865Z[INFO][C:\Users\admin\Documents\ClionProject\TactileGlove_py\本体感知系统显示程序\main.py:124] Set positions: [42, 572, 0, 0, 0, 0]
2025-08-27T22:22:28.622551Z[INFO][C:\Users\admin\Documents\ClionProject\TactileGlove_py\本体感知系统显示程序\main.py:124] Set positions: [42, 565, 0, 0, 0, 0]
2025-08-27T22:22:28.712480Z[INFO][C:\Users\admin\Documents\ClionProject\TactileGlove_py\本体感知系统显示程序\main.py:124] Set positions: [40, 561, 210, 291, 0, 0]
2025-08-27T22:22:28.816349Z[INFO][C:\Users\admin\Documents\ClionProject\TactileGlove_py\本体感知系统显示程序\main.py:124] Set positions: [38, 559, 426, 474, 158, 0]
2025-08-27T22:22:28.981494Z[INFO][C:\Users\admin\Documents\ClionProject\TactileGlove_py\本体感知系统显示程序\main.py:124] Set positions: [34, 563, 578, 520, 248, 59]
2025-08-27T22:22:29.181275Z[INFO][C:\Users\admin\Documents\ClionProject\TactileGlove_py\本体感知系统显示程序\main.py:124] Set positions: [35, 564, 449, 259, 196, 66]
2025-08-27T22:22:29.332901Z[INFO][C:\Users\admin\Documents\ClionProject\TactileGlove_py\本体感知系统显示程序\main.py:124] Set positions: [41, 565, 100, 0, 0, 0]
2025-08-27T22:22:29.529674Z[INFO][C:\Users\admin\Documents\ClionProject\TactileGlove_py\本体感知系统显示程序\main.py:124] Set positions: [98, 592, 257, 4, 145, 103]
2025-08-27T22:22:29.622255Z[INFO][C:\Users\admin\Documents\ClionProject\TactileGlove_py\本体感知系统显示程序\main.py:124] Set positions: [149, 591, 405, 202, 401, 307]
2025-08-27T22:22:29.799742Z[INFO][C:\Users\admin\Documents\ClionProject\TactileGlove_py\本体感知系统显示程序\main.py:124] Set positions: [228, 634, 525, 344, 575, 460]
2025-08-27T22:22:30.012290Z[INFO][C:\Users\admin\Documents\ClionProject\TactileGlove_py\本体感知系统显示程序\main.py:124] Set positions: [289, 747, 602, 434, 645, 515]
2025-08-27T22:22:30.102647Z[INFO][C:\Users\admin\Documents\ClionProject\TactileGlove_py\本体感知系统显示程序\main.py:124] Set positions: [320, 817, 615, 452, 675, 537]
2025-08-27T22:22:30.193818Z[INFO][C:\Users\admin\Documents\ClionProject\TactileGlove_py\本体感知系统显示程序\main.py:124] Set positions: [345, 894, 635, 474, 720, 568]
2025-08-27T22:22:30.316467Z[INFO][C:\Users\admin\Documents\ClionProject\TactileGlove_py\本体感知系统显示程序\main.py:124] Set positions: [347, 948, 637, 483, 752, 590]
2025-08-27T22:22:30.497294Z[INFO][C:\Users\admin\Documents\ClionProject\TactileGlove_py\本体感知系统显示程序\main.py:124] Set positions: [357, 1000, 617, 472, 752, 589]
2025-08-27T22:22:30.772203Z[INFO][C:\Users\admin\Documents\ClionProject\TactileGlove_py\本体感知系统显示程序\main.py:124] Set positions: [328, 1000, 539, 402, 694, 543]
2025-08-27T22:22:30.892059Z[INFO][C:\Users\admin\Documents\ClionProject\TactileGlove_py\本体感知系统显示程序\main.py:124] Set positions: [310, 1000, 500, 371, 664, 517]
2025-08-27T22:22:30.999820Z[INFO][C:\Users\admin\Documents\ClionProject\TactileGlove_py\本体感知系统显示程序\main.py:124] Set positions: [285, 1000, 477, 346, 633, 480]
2025-08-27T22:22:31.165317Z[INFO][C:\Users\admin\Documents\ClionProject\TactileGlove_py\本体感知系统显示程序\main.py:124] Set positions: [203, 1000, 458, 305, 535, 405]
2025-08-27T22:22:31.289010Z[INFO][C:\Users\admin\Documents\ClionProject\TactileGlove_py\本体感知系统显示程序\main.py:124] Set positions: [105, 745, 461, 301, 436, 394]
2025-08-27T22:22:31.425560Z[INFO][C:\Users\admin\Documents\ClionProject\TactileGlove_py\本体感知系统显示程序\main.py:124] Set positions: [51, 519, 432, 292, 376, 386]
2025-08-27T22:22:31.576619Z[INFO][C:\Users\admin\Documents\ClionProject\TactileGlove_py\本体感知系统显示程序\main.py:124] Set positions: [5, 385, 385, 260, 301, 351]
2025-08-27T22:22:31.789019Z[INFO][C:\Users\admin\Documents\ClionProject\TactileGlove_py\本体感知系统显示程序\main.py:124] Set positions: [5, 511, 160, 124, 87, 151]
2025-08-27T22:22:31.988817Z[INFO][C:\Users\admin\Documents\ClionProject\TactileGlove_py\本体感知系统显示程序\main.py:124] Set positions: [230, 975, 199, 128, 248, 243]
2025-08-27T22:22:32.093578Z[INFO][C:\Users\admin\Documents\ClionProject\TactileGlove_py\本体感知系统显示程序\main.py:124] Set positions: [273, 1000, 334, 244, 495, 353]
2025-08-27T22:22:32.200052Z[INFO][C:\Users\admin\Documents\ClionProject\TactileGlove_py\本体感知系统显示程序\main.py:124] Set positions: [225, 921, 561, 416, 682, 470]
2025-08-27T22:22:32.413508Z[INFO][C:\Users\admin\Documents\ClionProject\TactileGlove_py\本体感知系统显示程序\main.py:124] Set positions: [94, 691, 619, 478, 740, 526]
2025-08-27T22:22:32.546756Z[INFO][C:\Users\admin\Documents\ClionProject\TactileGlove_py\本体感知系统显示程序\main.py:124] Set positions: [74, 688, 232, 142, 283, 243]
2025-08-27T22:22:32.805949Z[INFO][C:\Users\admin\Documents\ClionProject\TactileGlove_py\本体感知系统显示程序\main.py:124] Set positions: [82, 849, 33, 0, 0, 19]
2025-08-27T22:22:32.972548Z[INFO][C:\Users\admin\Documents\ClionProject\TactileGlove_py\本体感知系统显示程序\main.py:124] Set positions: [93, 973, 0, 0, 0, 0]
2025-08-27T22:22:33.123158Z[INFO][C:\Users\admin\Documents\ClionProject\TactileGlove_py\本体感知系统显示程序\main.py:124] Set positions: [95, 997, 74, 0, 0, 67]
2025-08-27T22:22:33.228308Z[INFO][C:\Users\admin\Documents\ClionProject\TactileGlove_py\本体感知系统显示程序\main.py:124] Set positions: [117, 928, 398, 216, 335, 289]
2025-08-27T22:22:33.365934Z[INFO][C:\Users\admin\Documents\ClionProject\TactileGlove_py\本体感知系统显示程序\main.py:124] Set positions: [132, 837, 616, 394, 592, 434]
2025-08-27T22:22:33.457513Z[INFO][C:\Users\admin\Documents\ClionProject\TactileGlove_py\本体感知系统显示程序\main.py:124] Set positions: [128, 800, 682, 457, 680, 498]
2025-08-27T22:22:33.672642Z[INFO][C:\Users\admin\Documents\ClionProject\TactileGlove_py\本体感知系统显示程序\main.py:124] Set positions: [105, 756, 720, 511, 748, 544]
2025-08-27T22:22:33.776602Z[INFO][C:\Users\admin\Documents\ClionProject\TactileGlove_py\本体感知系统显示程序\main.py:124] Set positions: [81, 750, 572, 386, 569, 427]
2025-08-27T22:22:33.944905Z[INFO][C:\Users\admin\Documents\ClionProject\TactileGlove_py\本体感知系统显示程序\main.py:124] Set positions: [76, 748, 413, 204, 270, 270]
2025-08-27T22:22:34.023089Z[INFO][C:\Users\admin\Documents\ClionProject\TactileGlove_py\本体感知系统显示程序\main.py:124] Set positions: [76, 741, 275, 131, 182, 196]
2025-08-27T22:22:34.111882Z[INFO][C:\Users\admin\Documents\ClionProject\TactileGlove_py\本体感知系统显示程序\main.py:124] Set positions: [76, 725, 188, 90, 104, 129]
2025-08-27T22:22:34.400337Z[INFO][C:\Users\admin\Documents\ClionProject\TactileGlove_py\本体感知系统显示程序\main.py:124] Set positions: [70, 695, 36, 0, 0, 0]
2025-08-27T22:22:34.556260Z[INFO][C:\Users\admin\Documents\ClionProject\TactileGlove_py\本体感知系统显示程序\main.py:124] Set positions: [68, 683, 4, 0, 0, 0]
2025-08-27T22:22:34.643706Z[INFO][C:\Users\admin\Documents\ClionProject\TactileGlove_py\本体感知系统显示程序\main.py:124] Set positions: [65, 672, 4, 0, 0, 0]
2025-08-27T22:22:34.855844Z[INFO][C:\Users\admin\Documents\ClionProject\TactileGlove_py\本体感知系统显示程序\main.py:124] Set positions: [61, 653, 6, 0, 0, 0]
2025-08-27T22:22:35.066914Z[INFO][C:\Users\admin\Documents\ClionProject\TactileGlove_py\本体感知系统显示程序\main.py:124] Set positions: [59, 639, 8, 0, 0, 0]
2025-08-27T22:22:35.189956Z[INFO][C:\Users\admin\Documents\ClionProject\TactileGlove_py\本体感知系统显示程序\main.py:124] Set positions: [57, 633, 9, 0, 0, 0]
2025-08-27T22:22:35.314926Z[INFO][C:\Users\admin\Documents\ClionProject\TactileGlove_py\本体感知系统显示程序\main.py:124] Set positions: [54, 622, 11, 0, 0, 0]
2025-08-27T22:22:35.414474Z[INFO][C:\Users\admin\Documents\ClionProject\TactileGlove_py\本体感知系统显示程序\main.py:124] Set positions: [52, 616, 17, 0, 0, 0]
2025-08-27T22:22:35.523418Z[INFO][C:\Users\admin\Documents\ClionProject\TactileGlove_py\本体感知系统显示程序\main.py:124] Set positions: [52, 617, 21, 0, 0, 0]
2025-08-27T22:22:35.672469Z[INFO][C:\Users\admin\Documents\ClionProject\TactileGlove_py\本体感知系统显示程序\main.py:124] Set positions: [49, 602, 355, 218, 321, 225]
2025-08-27T22:22:35.762747Z[INFO][C:\Users\admin\Documents\ClionProject\TactileGlove_py\本体感知系统显示程序\main.py:124] Set positions: [62, 578, 542, 367, 530, 372]
2025-08-27T22:22:35.899424Z[INFO][C:\Users\admin\Documents\ClionProject\TactileGlove_py\本体感知系统显示程序\main.py:124] Set positions: [64, 559, 649, 464, 661, 460]
2025-08-27T22:22:36.079039Z[INFO][C:\Users\admin\Documents\ClionProject\TactileGlove_py\本体感知系统显示程序\main.py:124] Set positions: [54, 547, 701, 536, 759, 513]
2025-08-27T22:22:36.247537Z[INFO][C:\Users\admin\Documents\ClionProject\TactileGlove_py\本体感知系统显示程序\main.py:124] Set positions: [46, 543, 696, 539, 762, 513]
2025-08-27T22:22:36.383378Z[INFO][C:\Users\admin\Documents\ClionProject\TactileGlove_py\本体感知系统显示程序\main.py:124] Set positions: [41, 539, 532, 403, 591, 405]
2025-08-27T22:22:36.596158Z[INFO][C:\Users\admin\Documents\ClionProject\TactileGlove_py\本体感知系统显示程序\main.py:124] Set positions: [46, 550, 111, 37, 110, 92]
2025-08-27T22:22:36.689451Z[INFO][C:\Users\admin\Documents\ClionProject\TactileGlove_py\本体感知系统显示程序\main.py:124] Set positions: [47, 551, 54, 0, 0, 17]
2025-08-27T22:22:36.897796Z[INFO][C:\Users\admin\Documents\ClionProject\TactileGlove_py\本体感知系统显示程序\main.py:124] Set positions: [48, 547, 0, 0, 0, 0]
2025-08-27T22:22:37.079487Z[INFO][C:\Users\admin\Documents\ClionProject\TactileGlove_py\本体感知系统显示程序\main.py:124] Set positions: [49, 546, 0, 0, 0, 0]
2025-08-27T22:22:37.275873Z[INFO][C:\Users\admin\Documents\ClionProject\TactileGlove_py\本体感知系统显示程序\main.py:124] Set positions: [42, 538, 226, 47, 163, 87]
2025-08-27T22:22:37.413128Z[INFO][C:\Users\admin\Documents\ClionProject\TactileGlove_py\本体感知系统显示程序\main.py:124] Set positions: [30, 518, 595, 368, 528, 333]
2025-08-27T22:22:37.506444Z[INFO][C:\Users\admin\Documents\ClionProject\TactileGlove_py\本体感知系统显示程序\main.py:124] Set positions: [23, 498, 677, 470, 647, 410]
2025-08-27T22:22:37.689584Z[INFO][C:\Users\admin\Documents\ClionProject\TactileGlove_py\本体感知系统显示程序\main.py:124] Set positions: [17, 491, 736, 550, 760, 471]
2025-08-27T22:22:37.823527Z[INFO][C:\Users\admin\Documents\ClionProject\TactileGlove_py\本体感知系统显示程序\main.py:124] Set positions: [15, 491, 736, 559, 772, 478]
2025-08-27T22:22:37.945915Z[INFO][C:\Users\admin\Documents\ClionProject\TactileGlove_py\本体感知系统显示程序\main.py:124] Set positions: [16, 489, 722, 543, 751, 465]
2025-08-27T22:22:38.080699Z[INFO][C:\Users\admin\Documents\ClionProject\TactileGlove_py\本体感知系统显示程序\main.py:124] Set positions: [29, 499, 321, 226, 378, 254]
2025-08-27T22:22:38.277567Z[INFO][C:\Users\admin\Documents\ClionProject\TactileGlove_py\本体感知系统显示程序\main.py:124] Set positions: [39, 519, 0, 0, 0, 0]
2025-08-27T22:22:38.390084Z[INFO][C:\Users\admin\Documents\ClionProject\TactileGlove_py\本体感知系统显示程序\main.py:124] Set positions: [39, 518, 0, 0, 0, 0]
2025-08-27T22:22:38.505261Z[INFO][C:\Users\admin\Documents\ClionProject\TactileGlove_py\本体感知系统显示程序\main.py:124] Set positions: [35, 510, 0, 0, 0, 0]
2025-08-27T22:22:38.763356Z[INFO][C:\Users\admin\Documents\ClionProject\TactileGlove_py\本体感知系统显示程序\main.py:124] Set positions: [0, 424, 0, 0, 0, 0]
2025-08-27T22:22:38.945261Z[INFO][C:\Users\admin\Documents\ClionProject\TactileGlove_py\本体感知系统显示程序\main.py:124] Set positions: [0, 408, 0, 0, 0, 0]
2025-08-27T22:22:39.111831Z[INFO][C:\Users\admin\Documents\ClionProject\TactileGlove_py\本体感知系统显示程序\main.py:124] Set positions: [0, 407, 0, 0, 0, 0]
2025-08-27T22:22:39.206440Z[INFO][C:\Users\admin\Documents\ClionProject\TactileGlove_py\本体感知系统显示程序\main.py:124] Set positions: [0, 408, 7, 0, 0, 0]
2025-08-27T22:22:39.459597Z[INFO][C:\Users\admin\Documents\ClionProject\TactileGlove_py\本体感知系统显示程序\main.py:124] Set positions: [159, 477, 510, 371, 542, 274]
2025-08-27T22:22:39.565397Z[INFO][C:\Users\admin\Documents\ClionProject\TactileGlove_py\本体感知系统显示程序\main.py:124] Set positions: [123, 610, 320, 218, 408, 232]
2025-08-27T22:22:39.778766Z[INFO][C:\Users\admin\Documents\ClionProject\TactileGlove_py\本体感知系统显示程序\main.py:124] Set positions: [162, 812, 461, 291, 488, 400]
2025-08-27T22:22:39.883436Z[INFO][C:\Users\admin\Documents\ClionProject\TactileGlove_py\本体感知系统显示程序\main.py:124] Set positions: [107, 840, 117, 0, 46, 132]
2025-08-27T22:22:39.976442Z[INFO][C:\Users\admin\Documents\ClionProject\TactileGlove_py\本体感知系统显示程序\main.py:124] Set positions: [182, 777, 476, 264, 450, 314]
2025-08-27T22:22:40.082468Z[INFO][C:\Users\admin\Documents\ClionProject\TactileGlove_py\本体感知系统显示程序\main.py:124] Set positions: [125, 786, 205, 60, 176, 201]
2025-08-27T22:22:40.294740Z[INFO][C:\Users\admin\Documents\ClionProject\TactileGlove_py\本体感知系统显示程序\main.py:124] Set positions: [138, 800, 240, 59, 208, 230]
2025-08-27T22:22:40.368574Z[INFO][C:\Users\admin\Documents\ClionProject\TactileGlove_py\本体感知系统显示程序\main.py:124] Set positions: [162, 816, 400, 179, 355, 285]
2025-08-27T22:22:40.552724Z[INFO][C:\Users\admin\Documents\ClionProject\TactileGlove_py\本体感知系统显示程序\main.py:124] Set positions: [185, 841, 462, 117, 347, 285]
2025-08-27T22:22:40.734946Z[INFO][C:\Users\admin\Documents\ClionProject\TactileGlove_py\本体感知系统显示程序\main.py:124] Set positions: [230, 810, 506, 292, 479, 286]
2025-08-27T22:22:40.835480Z[INFO][C:\Users\admin\Documents\ClionProject\TactileGlove_py\本体感知系统显示程序\main.py:124] Set positions: [201, 814, 437, 142, 340, 247]
2025-08-27T22:22:41.000413Z[INFO][C:\Users\admin\Documents\ClionProject\TactileGlove_py\本体感知系统显示程序\main.py:124] Set positions: [163, 770, 392, 132, 328, 245]
2025-08-27T22:22:41.092732Z[INFO][C:\Users\admin\Documents\ClionProject\TactileGlove_py\本体感知系统显示程序\main.py:124] Set positions: [150, 765, 355, 193, 365, 244]
2025-08-27T22:22:41.198216Z[INFO][C:\Users\admin\Documents\ClionProject\TactileGlove_py\本体感知系统显示程序\main.py:124] Set positions: [141, 747, 540, 264, 387, 236]
2025-08-27T22:22:41.306259Z[INFO][C:\Users\admin\Documents\ClionProject\TactileGlove_py\本体感知系统显示程序\main.py:124] Set positions: [113, 725, 209, 90, 296, 224]
2025-08-27T22:22:41.396137Z[INFO][C:\Users\admin\Documents\ClionProject\TactileGlove_py\本体感知系统显示程序\main.py:124] Set positions: [96, 697, 633, 179, 291, 208]
2025-08-27T22:22:41.577771Z[INFO][C:\Users\admin\Documents\ClionProject\TactileGlove_py\本体感知系统显示程序\main.py:124] Set positions: [72, 645, 515, 126, 281, 181]
2025-08-27T22:22:41.760797Z[INFO][C:\Users\admin\Documents\ClionProject\TactileGlove_py\本体感知系统显示程序\main.py:124] Set positions: [58, 599, 637, 112, 246, 168]
2025-08-27T22:22:41.990047Z[INFO][C:\Users\admin\Documents\ClionProject\TactileGlove_py\本体感知系统显示程序\main.py:124] Set positions: [56, 567, 583, 110, 224, 168]
2025-08-27T22:22:42.184330Z[INFO][C:\Users\admin\Documents\ClionProject\TactileGlove_py\本体感知系统显示程序\main.py:124] Set positions: [52, 557, 586, 106, 211, 164]
2025-08-27T22:22:42.380994Z[INFO][C:\Users\admin\Documents\ClionProject\TactileGlove_py\本体感知系统显示程序\main.py:124] Set positions: [45, 550, 636, 124, 208, 163]
2025-08-27T22:22:42.489732Z[INFO][C:\Users\admin\Documents\ClionProject\TactileGlove_py\本体感知系统显示程序\main.py:124] Set positions: [49, 519, 111, 57, 199, 161]
2025-08-27T22:22:42.579845Z[INFO][C:\Users\admin\Documents\ClionProject\TactileGlove_py\本体感知系统显示程序\main.py:124] Set positions: [48, 507, 16, 10, 194, 158]
2025-08-27T22:22:42.699915Z[INFO][C:\Users\admin\Documents\ClionProject\TactileGlove_py\本体感知系统显示程序\main.py:124] Set positions: [42, 518, 92, 0, 177, 147]
2025-08-27T22:22:42.852956Z[INFO][C:\Users\admin\Documents\ClionProject\TactileGlove_py\本体感知系统显示程序\main.py:124] Set positions: [28, 495, 698, 100, 175, 139]
2025-08-27T22:22:43.007066Z[INFO][C:\Users\admin\Documents\ClionProject\TactileGlove_py\本体感知系统显示程序\main.py:124] Set positions: [31, 479, 126, 40, 177, 150]
2025-08-27T22:22:43.157468Z[INFO][C:\Users\admin\Documents\ClionProject\TactileGlove_py\本体感知系统显示程序\main.py:124] Set positions: [32, 472, 10, 0, 165, 140]
2025-08-27T22:22:43.373724Z[INFO][C:\Users\admin\Documents\ClionProject\TactileGlove_py\本体感知系统显示程序\main.py:124] Set positions: [23, 440, 342, 82, 182, 146]
2025-08-27T22:22:43.551404Z[INFO][C:\Users\admin\Documents\ClionProject\TactileGlove_py\本体感知系统显示程序\main.py:124] Set positions: [27, 431, 0, 5, 176, 142]
2025-08-27T22:22:43.673596Z[INFO][C:\Users\admin\Documents\ClionProject\TactileGlove_py\本体感知系统显示程序\main.py:124] Set positions: [20, 435, 556, 70, 182, 143]
2025-08-27T22:22:43.762903Z[INFO][C:\Users\admin\Documents\ClionProject\TactileGlove_py\本体感知系统显示程序\main.py:124] Set positions: [16, 430, 378, 99, 185, 151]
2025-08-27T22:22:43.942879Z[INFO][C:\Users\admin\Documents\ClionProject\TactileGlove_py\本体感知系统显示程序\main.py:124] Set positions: [25, 404, 0, 27, 182, 149]
2025-08-27T22:22:44.139753Z[INFO][C:\Users\admin\Documents\ClionProject\TactileGlove_py\本体感知系统显示程序\main.py:124] Set positions: [9, 425, 628, 123, 177, 145]
2025-08-27T22:22:44.321473Z[INFO][C:\Users\admin\Documents\ClionProject\TactileGlove_py\本体感知系统显示程序\main.py:124] Set positions: [20, 392, 0, 43, 183, 146]
2025-08-27T22:22:44.490364Z[INFO][C:\Users\admin\Documents\ClionProject\TactileGlove_py\本体感知系统显示程序\main.py:124] Set positions: [7, 402, 645, 130, 176, 143]
2025-08-27T22:22:44.729986Z[INFO][C:\Users\admin\Documents\ClionProject\TactileGlove_py\本体感知系统显示程序\main.py:124] Set positions: [16, 384, 0, 46, 181, 142]
2025-08-27T22:22:44.895695Z[INFO][C:\Users\admin\Documents\ClionProject\TactileGlove_py\本体感知系统显示程序\main.py:124] Set positions: [6, 384, 631, 105, 170, 139]
2025-08-27T22:22:45.016964Z[INFO][C:\Users\admin\Documents\ClionProject\TactileGlove_py\本体感知系统显示程序\main.py:124] Set positions: [0, 388, 770, 121, 166, 141]
2025-08-27T22:22:45.139624Z[INFO][C:\Users\admin\Documents\ClionProject\TactileGlove_py\本体感知系统显示程序\main.py:124] Set positions: [0, 393, 741, 107, 168, 143]
2025-08-27T22:22:45.306342Z[INFO][C:\Users\admin\Documents\ClionProject\TactileGlove_py\本体感知系统显示程序\main.py:124] Set positions: [17, 326, 0, 17, 175, 143]
2025-08-27T22:22:45.533904Z[INFO][C:\Users\admin\Documents\ClionProject\TactileGlove_py\本体感知系统显示程序\main.py:124] Set positions: [15, 336, 0, 1, 167, 138]
2025-08-27T22:22:45.711974Z[INFO][C:\Users\admin\Documents\ClionProject\TactileGlove_py\本体感知系统显示程序\main.py:124] Set positions: [7, 352, 387, 31, 160, 137]
2025-08-27T22:22:45.820297Z[INFO][C:\Users\admin\Documents\ClionProject\TactileGlove_py\本体感知系统显示程序\main.py:124] Set positions: [0, 352, 623, 89, 155, 136]
2025-08-27T22:22:46.016661Z[INFO][C:\Users\admin\Documents\ClionProject\TactileGlove_py\本体感知系统显示程序\main.py:124] Set positions: [0, 357, 568, 89, 155, 139]
2025-08-27T22:22:46.140470Z[INFO][C:\Users\admin\Documents\ClionProject\TactileGlove_py\本体感知系统显示程序\main.py:124] Set positions: [8, 322, 60, 58, 163, 141]
2025-08-27T22:22:46.318665Z[INFO][C:\Users\admin\Documents\ClionProject\TactileGlove_py\本体感知系统显示程序\main.py:124] Set positions: [7, 333, 0, 54, 164, 139]
2025-08-27T22:22:46.440980Z[INFO][C:\Users\admin\Documents\ClionProject\TactileGlove_py\本体感知系统显示程序\main.py:124] Set positions: [4, 343, 47, 52, 163, 140]
2025-08-27T22:22:46.515223Z[INFO][C:\Users\admin\Documents\ClionProject\TactileGlove_py\本体感知系统显示程序\main.py:124] Set positions: [2, 344, 326, 91, 160, 138]
2025-08-27T22:22:46.743642Z[INFO][C:\Users\admin\Documents\ClionProject\TactileGlove_py\本体感知系统显示程序\main.py:124] Set positions: [0, 349, 554, 129, 155, 140]
2025-08-27T22:22:46.879277Z[INFO][C:\Users\admin\Documents\ClionProject\TactileGlove_py\本体感知系统显示程序\main.py:124] Set positions: [2, 332, 165, 121, 161, 142]
2025-08-27T22:22:47.048494Z[INFO][C:\Users\admin\Documents\ClionProject\TactileGlove_py\本体感知系统显示程序\main.py:124] Set positions: [3, 331, 0, 110, 163, 142]
2025-08-27T22:22:47.259297Z[INFO][C:\Users\admin\Documents\ClionProject\TactileGlove_py\本体感知系统显示程序\main.py:124] Set positions: [1, 340, 10, 91, 163, 141]
2025-08-27T22:22:47.351665Z[INFO][C:\Users\admin\Documents\ClionProject\TactileGlove_py\本体感知系统显示程序\main.py:124] Set positions: [0, 341, 318, 109, 159, 141]
2025-08-27T22:22:47.532301Z[INFO][C:\Users\admin\Documents\ClionProject\TactileGlove_py\本体感知系统显示程序\main.py:124] Set positions: [0, 341, 533, 124, 154, 140]
2025-08-27T22:22:47.639724Z[INFO][C:\Users\admin\Documents\ClionProject\TactileGlove_py\本体感知系统显示程序\main.py:124] Set positions: [0, 347, 519, 113, 154, 142]
2025-08-27T22:22:47.807602Z[INFO][C:\Users\admin\Documents\ClionProject\TactileGlove_py\本体感知系统显示程序\main.py:124] Set positions: [0, 347, 12, 96, 161, 143]
2025-08-27T22:22:47.972744Z[INFO][C:\Users\admin\Documents\ClionProject\TactileGlove_py\本体感知系统显示程序\main.py:124] Set positions: [0, 352, 0, 89, 162, 144]
2025-08-27T22:22:48.124711Z[INFO][C:\Users\admin\Documents\ClionProject\TactileGlove_py\本体感知系统显示程序\main.py:124] Set positions: [0, 354, 0, 72, 160, 144]
2025-08-27T22:22:48.277389Z[INFO][C:\Users\admin\Documents\ClionProject\TactileGlove_py\本体感知系统显示程序\main.py:124] Set positions: [0, 340, 450, 111, 152, 141]
2025-08-27T22:22:48.394831Z[INFO][C:\Users\admin\Documents\ClionProject\TactileGlove_py\本体感知系统显示程序\main.py:124] Set positions: [0, 339, 606, 121, 148, 141]
2025-08-27T22:22:48.576371Z[INFO][C:\Users\admin\Documents\ClionProject\TactileGlove_py\本体感知系统显示程序\main.py:124] Set positions: [0, 339, 682, 120, 147, 143]
2025-08-27T22:22:48.683290Z[INFO][C:\Users\admin\Documents\ClionProject\TactileGlove_py\本体感知系统显示程序\main.py:124] Set positions: [0, 340, 492, 111, 149, 144]
2025-08-27T22:22:48.790164Z[INFO][C:\Users\admin\Documents\ClionProject\TactileGlove_py\本体感知系统显示程序\main.py:124] Set positions: [0, 324, 71, 102, 155, 145]
2025-08-27T22:22:49.006848Z[INFO][C:\Users\admin\Documents\ClionProject\TactileGlove_py\本体感知系统显示程序\main.py:124] Set positions: [0, 344, 0, 71, 156, 144]
2025-08-27T22:22:49.094405Z[INFO][C:\Users\admin\Documents\ClionProject\TactileGlove_py\本体感知系统显示程序\main.py:124] Set positions: [0, 341, 0, 37, 123, 123]
2025-08-27T22:22:49.306122Z[INFO][C:\Users\admin\Documents\ClionProject\TactileGlove_py\本体感知系统显示程序\main.py:124] Set positions: [0, 317, 0, 0, 0, 0]
2025-08-27T22:22:49.398377Z[INFO][C:\Users\admin\Documents\ClionProject\TactileGlove_py\本体感知系统显示程序\main.py:124] Set positions: [0, 316, 0, 0, 0, 0]
2025-08-27T22:22:49.624873Z[INFO][C:\Users\admin\Documents\ClionProject\TactileGlove_py\本体感知系统显示程序\main.py:124] Set positions: [0, 320, 16, 0, 0, 0]
2025-08-27T22:22:49.746528Z[INFO][C:\Users\admin\Documents\ClionProject\TactileGlove_py\本体感知系统显示程序\main.py:124] Set positions: [0, 331, 32, 0, 0, 0]
2025-08-27T22:22:49.867259Z[INFO][C:\Users\admin\Documents\ClionProject\TactileGlove_py\本体感知系统显示程序\main.py:124] Set positions: [0, 347, 47, 0, 0, 0]
2025-08-27T22:22:49.956654Z[INFO][C:\Users\admin\Documents\ClionProject\TactileGlove_py\本体感知系统显示程序\main.py:124] Set positions: [0, 339, 37, 0, 0, 0]
2025-08-27T22:22:50.123563Z[INFO][C:\Users\admin\Documents\ClionProject\TactileGlove_py\本体感知系统显示程序\main.py:124] Set positions: [0, 338, 3, 0, 0, 0]
2025-08-27T22:22:50.259121Z[INFO][C:\Users\admin\Documents\ClionProject\TactileGlove_py\本体感知系统显示程序\main.py:124] Set positions: [0, 318, 0, 0, 0, 0]
2025-08-27T22:22:50.380824Z[INFO][C:\Users\admin\Documents\ClionProject\TactileGlove_py\本体感知系统显示程序\main.py:124] Set positions: [0, 286, 0, 0, 0, 110]
2025-08-27T22:22:50.487470Z[INFO][C:\Users\admin\Documents\ClionProject\TactileGlove_py\本体感知系统显示程序\main.py:124] Set positions: [0, 251, 0, 0, 0, 166]
2025-08-27T22:22:50.683237Z[INFO][C:\Users\admin\Documents\ClionProject\TactileGlove_py\本体感知系统显示程序\main.py:124] Set positions: [0, 154, 0, 314, 78, 553]
2025-08-27T22:22:50.835092Z[INFO][C:\Users\admin\Documents\ClionProject\TactileGlove_py\本体感知系统显示程序\main.py:124] Set positions: [0, 52, 0, 768, 346, 725]
2025-08-27T22:22:51.044828Z[INFO][C:\Users\admin\Documents\ClionProject\TactileGlove_py\本体感知系统显示程序\main.py:124] Set positions: [0, 0, 0, 879, 427, 771]
2025-08-27T22:22:51.182134Z[INFO][C:\Users\admin\Documents\ClionProject\TactileGlove_py\本体感知系统显示程序\main.py:124] Set positions: [0, 0, 0, 867, 379, 737]
2025-08-27T22:22:51.302684Z[INFO][C:\Users\admin\Documents\ClionProject\TactileGlove_py\本体感知系统显示程序\main.py:124] Set positions: [0, 0, 0, 335, 0, 210]
2025-08-27T22:22:51.489773Z[INFO][C:\Users\admin\Documents\ClionProject\TactileGlove_py\本体感知系统显示程序\main.py:124] Set positions: [0, 0, 0, 0, 0, 0]
2025-08-27T22:22:51.609384Z[INFO][C:\Users\admin\Documents\ClionProject\TactileGlove_py\本体感知系统显示程序\main.py:124] Set positions: [0, 0, 0, 0, 0, 0]
2025-08-27T22:22:51.714954Z[INFO][C:\Users\admin\Documents\ClionProject\TactileGlove_py\本体感知系统显示程序\main.py:124] Set positions: [0, 0, 0, 0, 0, 0]
2025-08-27T22:22:51.865972Z[INFO][C:\Users\admin\Documents\ClionProject\TactileGlove_py\本体感知系统显示程序\main.py:124] Set positions: [0, 0, 0, 0, 0, 0]
2025-08-27T22:22:52.063929Z[INFO][C:\Users\admin\Documents\ClionProject\TactileGlove_py\本体感知系统显示程序\main.py:124] Set positions: [0, 0, 0, 0, 0, 0]
2025-08-27T22:22:52.174103Z[INFO][C:\Users\admin\Documents\ClionProject\TactileGlove_py\本体感知系统显示程序\main.py:124] Set positions: [0, 0, 0, 0, 0, 0]
2025-08-27T22:22:52.305284Z[INFO][C:\Users\admin\Documents\ClionProject\TactileGlove_py\本体感知系统显示程序\main.py:124] Set positions: [0, 0, 0, 0, 0, 0]
2025-08-27T22:22:52.428443Z[INFO][C:\Users\admin\Documents\ClionProject\TactileGlove_py\本体感知系统显示程序\main.py:124] Set positions: [0, 0, 0, 0, 0, 0]
2025-08-27T22:22:52.642200Z[INFO][C:\Users\admin\Documents\ClionProject\TactileGlove_py\本体感知系统显示程序\main.py:124] Set positions: [0, 0, 0, 0, 0, 0]
2025-08-27T22:22:52.746784Z[INFO][C:\Users\admin\Documents\ClionProject\TactileGlove_py\本体感知系统显示程序\main.py:124] Set positions: [0, 0, 0, 0, 0, 0]
2025-08-27T22:22:52.840328Z[INFO][C:\Users\admin\Documents\ClionProject\TactileGlove_py\本体感知系统显示程序\main.py:124] Set positions: [0, 0, 0, 0, 0, 0]
2025-08-27T22:22:53.096923Z[INFO][C:\Users\admin\Documents\ClionProject\TactileGlove_py\本体感知系统显示程序\main.py:124] Set positions: [0, 0, 0, 0, 0, 0]
2025-08-27T22:22:53.190198Z[INFO][C:\Users\admin\Documents\ClionProject\TactileGlove_py\本体感知系统显示程序\main.py:124] Set positions: [0, 0, 0, 0, 0, 0]
2025-08-27T22:22:53.354293Z[INFO][C:\Users\admin\Documents\ClionProject\TactileGlove_py\本体感知系统显示程序\main.py:124] Set positions: [0, 0, 0, 0, 0, 0]
2025-08-27T22:22:53.490828Z[INFO][C:\Users\admin\Documents\ClionProject\TactileGlove_py\本体感知系统显示程序\main.py:124] Set positions: [0, 0, 0, 0, 0, 0]
2025-08-27T22:22:53.595021Z[INFO][C:\Users\admin\Documents\ClionProject\TactileGlove_py\本体感知系统显示程序\main.py:124] Set positions: [0, 0, 0, 0, 0, 0]
2025-08-27T22:22:53.790178Z[INFO][C:\Users\admin\Documents\ClionProject\TactileGlove_py\本体感知系统显示程序\main.py:124] Set positions: [0, 0, 0, 0, 0, 0]
2025-08-27T22:22:54.007070Z[INFO][C:\Users\admin\Documents\ClionProject\TactileGlove_py\本体感知系统显示程序\main.py:124] Set positions: [0, 0, 0, 0, 0, 0]
2025-08-27T22:22:54.215098Z[INFO][C:\Users\admin\Documents\ClionProject\TactileGlove_py\本体感知系统显示程序\main.py:124] Set positions: [0, 0, 0, 0, 0, 0]
2025-08-27T22:22:54.428393Z[INFO][C:\Users\admin\Documents\ClionProject\TactileGlove_py\本体感知系统显示程序\main.py:124] Set positions: [0, 0, 0, 0, 0, 0]
2025-08-27T22:22:54.580604Z[INFO][C:\Users\admin\Documents\ClionProject\TactileGlove_py\本体感知系统显示程序\main.py:124] Set positions: [0, 0, 0, 0, 0, 0]
2025-08-27T22:22:54.820903Z[INFO][C:\Users\admin\Documents\ClionProject\TactileGlove_py\本体感知系统显示程序\main.py:124] Set positions: [0, 0, 0, 0, 0, 0]
2025-08-27T22:22:54.927084Z[INFO][C:\Users\admin\Documents\ClionProject\TactileGlove_py\本体感知系统显示程序\main.py:124] Set positions: [0, 0, 0, 0, 0, 0]
2025-08-27T22:22:55.141032Z[INFO][C:\Users\admin\Documents\ClionProject\TactileGlove_py\本体感知系统显示程序\main.py:124] Set positions: [0, 0, 0, 0, 0, 0]
2025-08-27T22:22:55.289738Z[INFO][C:\Users\admin\Documents\ClionProject\TactileGlove_py\本体感知系统显示程序\main.py:124] Set positions: [0, 0, 0, 0, 0, 0]
2025-08-27T22:22:55.439256Z[INFO][C:\Users\admin\Documents\ClionProject\TactileGlove_py\本体感知系统显示程序\main.py:124] Set positions: [0, 0, 0, 0, 0, 0]
2025-08-27T22:22:55.547393Z[INFO][C:\Users\admin\Documents\ClionProject\TactileGlove_py\本体感知系统显示程序\main.py:124] Set positions: [0, 0, 0, 0, 0, 0]
2025-08-27T22:22:55.746062Z[INFO][C:\Users\admin\Documents\ClionProject\TactileGlove_py\本体感知系统显示程序\main.py:124] Set positions: [0, 0, 0, 0, 0, 0]
2025-08-27T22:22:55.910053Z[INFO][C:\Users\admin\Documents\ClionProject\TactileGlove_py\本体感知系统显示程序\main.py:124] Set positions: [0, 0, 0, 0, 0, 0]
2025-08-27T22:22:56.166816Z[INFO][C:\Users\admin\Documents\ClionProject\TactileGlove_py\本体感知系统显示程序\main.py:124] Set positions: [0, 0, 0, 0, 0, 0]
2025-08-27T22:22:56.242918Z[INFO][C:\Users\admin\Documents\ClionProject\TactileGlove_py\本体感知系统显示程序\main.py:124] Set positions: [0, 0, 0, 0, 0, 0]
2025-08-27T22:22:56.380930Z[INFO][C:\Users\admin\Documents\ClionProject\TactileGlove_py\本体感知系统显示程序\main.py:124] Set positions: [0, 0, 0, 0, 0, 0]
2025-08-27T22:22:56.467600Z[INFO][C:\Users\admin\Documents\ClionProject\TactileGlove_py\本体感知系统显示程序\main.py:124] Set positions: [0, 0, 0, 0, 0, 0]
2025-08-27T22:22:56.558298Z[INFO][C:\Users\admin\Documents\ClionProject\TactileGlove_py\本体感知系统显示程序\main.py:124] Set positions: [0, 0, 0, 0, 0, 0]
2025-08-27T22:22:56.727659Z[INFO][C:\Users\admin\Documents\ClionProject\TactileGlove_py\本体感知系统显示程序\main.py:124] Set positions: [0, 0, 0, 0, 0, 0]
2025-08-27T22:22:56.803234Z[INFO][C:\Users\admin\Documents\ClionProject\TactileGlove_py\本体感知系统显示程序\main.py:124] Set positions: [0, 0, 0, 0, 0, 0]
2025-08-27T22:22:57.033274Z[INFO][C:\Users\admin\Documents\ClionProject\TactileGlove_py\本体感知系统显示程序\main.py:124] Set positions: [0, 0, 0, 0, 0, 0]
